<?xml version="1.0" encoding="utf-8"?>
<coverage line-rate="1" branch-rate="1" version="1.9" timestamp="1785590704" lines-covered="2635" lines-valid="2635" branches-covered="1354" branches-valid="1354">
  <sources>
    <source>D:/DevData/ericksonlopez.dev/dotnet-result/src/</source>
  </sources>
  <packages>
    <package name="EricksonLopez.Result.AspNetCore" line-rate="1" branch-rate="1" complexity="232">
      <classes>
        <class name="EricksonLopez.Result.AspNetCore.ErrorDetailDto" filename="EricksonLopez.Result.AspNetCore/ErrorDetailDto.cs" line-rate="1" branch-rate="1" complexity="7">
          <methods>
            <method name="get_Code" signature="()" line-rate="1" branch-rate="1" complexity="1">
              <lines>
                <line number="28" hits="3" branch="False" />
              </lines>
            </method>
            <method name="get_Description" signature="()" line-rate="1" branch-rate="1" complexity="1">
              <lines>
                <line number="29" hits="5" branch="False" />
              </lines>
            </method>
            <method name="get_Type" signature="()" line-rate="1" branch-rate="1" complexity="1">
              <lines>
                <line number="30" hits="3" branch="False" />
              </lines>
            </method>
            <method name="get_Severity" signature="()" line-rate="1" branch-rate="1" complexity="1">
              <lines>
                <line number="31" hits="3" branch="False" />
              </lines>
            </method>
            <method name="get_Retryability" signature="()" line-rate="1" branch-rate="1" complexity="1">
              <lines>
                <line number="32" hits="3" branch="False" />
              </lines>
            </method>
            <method name="get_DescriptionKey" signature="()" line-rate="1" branch-rate="1" complexity="1">
              <lines>
                <line number="33" hits="3" branch="False" />
              </lines>
            </method>
            <method name="get_TraceId" signature="()" line-rate="1" branch-rate="1" complexity="1">
              <lines>
                <line number="34" hits="4" branch="False" />
              </lines>
            </method>
          </methods>
          <lines>
            <line number="28" hits="3" branch="False" />
            <line number="29" hits="5" branch="False" />
            <line number="30" hits="3" branch="False" />
            <line number="31" hits="3" branch="False" />
            <line number="32" hits="3" branch="False" />
            <line number="33" hits="3" branch="False" />
            <line number="34" hits="4" branch="False" />
          </lines>
        </class>
        <class name="EricksonLopez.Result.AspNetCore.ResultEndpointFilter" filename="EricksonLopez.Result.AspNetCore/ResultEndpointFilter.cs" line-rate="1" branch-rate="1" complexity="4">
          <methods>
            <method name=".ctor" signature="(Microsoft.Extensions.Options.IOptions`1&lt;EricksonLopez.Result.AspNetCore.ResultHttpOptions&gt;)" line-rate="1" branch-rate="1" complexity="2">
              <lines>
                <line number="40" hits="5" branch="True" condition-coverage="100% (2/2)">
                  <conditions>
                    <condition number="2" type="jump" coverage="100%" />
                  </conditions>
                </line>
                <line number="41" hits="5" branch="False" />
                <line number="42" hits="5" branch="False" />
              </lines>
            </method>
            <method name=".ctor" signature="(EricksonLopez.Result.AspNetCore.ResultHttpOptions)" line-rate="1" branch-rate="1" complexity="2">
              <lines>
                <line number="48" hits="14" branch="False" />
                <line number="49" hits="14" branch="False" />
                <line number="50" hits="14" branch="True" condition-coverage="100% (2/2)">
                  <conditions>
                    <condition number="11" type="jump" coverage="100%" />
                  </conditions>
                </line>
                <line number="51" hits="14" branch="False" />
              </lines>
            </method>
          </methods>
          <lines>
            <line number="40" hits="5" branch="True" condition-coverage="100% (2/2)">
              <conditions>
                <condition number="2" type="jump" coverage="100%" />
              </conditions>
            </line>
            <line number="41" hits="5" branch="False" />
            <line number="42" hits="5" branch="False" />
            <line number="48" hits="14" branch="False" />
            <line number="49" hits="14" branch="False" />
            <line number="50" hits="14" branch="True" condition-coverage="100% (2/2)">
              <conditions>
                <condition number="11" type="jump" coverage="100%" />
              </conditions>
            </line>
            <line number="51" hits="14" branch="False" />
          </lines>
        </class>
        <class name="EricksonLopez.Result.AspNetCore.ResultEndpointFilter/&lt;InvokeAsync&gt;d__3" filename="EricksonLopez.Result.AspNetCore/ResultEndpointFilter.cs" line-rate="1" branch-rate="1" complexity="12">
          <methods>
            <method name="MoveNext" signature="()" line-rate="1" branch-rate="1" complexity="12">
              <lines>
                <line number="55" hits="11" branch="False" />
                <line number="56" hits="11" branch="False" />
                <line number="58" hits="11" branch="True" condition-coverage="100% (4/4)">
                  <conditions>
                    <condition number="161" type="jump" coverage="100%" />
                    <condition number="188" type="jump" coverage="100%" />
                  </conditions>
                </line>
                <line number="59" hits="3" branch="False" />
                <line number="60" hits="3" branch="False" />
                <line number="63" hits="8" branch="True" condition-coverage="100% (2/2)">
                  <conditions>
                    <condition number="249" type="jump" coverage="100%" />
                  </conditions>
                </line>
                <line number="64" hits="7" branch="False" />
                <line number="65" hits="7" branch="True" condition-coverage="100% (2/2)">
                  <conditions>
                    <condition number="270" type="jump" coverage="100%" />
                  </conditions>
                </line>
                <line number="66" hits="3" branch="False" />
                <line number="67" hits="3" branch="True" condition-coverage="100% (2/2)">
                  <conditions>
                    <condition number="303" type="jump" coverage="100%" />
                  </conditions>
                </line>
                <line number="68" hits="2" branch="False" />
                <line number="69" hits="2" branch="False" />
                <line number="78" hits="1" branch="False" />
                <line number="79" hits="1" branch="False" />
                <line number="80" hits="1" branch="False" />
                <line number="81" hits="1" branch="False" />
                <line number="82" hits="1" branch="False" />
                <line number="85" hits="4" branch="True" condition-coverage="100% (2/2)">
                  <conditions>
                    <condition number="386" type="jump" coverage="100%" />
                  </conditions>
                </line>
                <line number="86" hits="2" branch="False" />
                <line number="105" hits="2" branch="False" />
                <line number="113" hits="2" branch="False" />
                <line number="114" hits="2" branch="False" />
                <line number="115" hits="2" branch="False" />
                <line number="116" hits="2" branch="False" />
                <line number="117" hits="2" branch="False" />
                <line number="120" hits="1" branch="False" />
                <line number="121" hits="7" branch="False" />
              </lines>
            </method>
          </methods>
          <lines>
            <line number="55" hits="11" branch="False" />
            <line number="56" hits="11" branch="False" />
            <line number="58" hits="11" branch="True" condition-coverage="100% (4/4)">
              <conditions>
                <condition number="161" type="jump" coverage="100%" />
                <condition number="188" type="jump" coverage="100%" />
              </conditions>
            </line>
            <line number="59" hits="3" branch="False" />
            <line number="60" hits="3" branch="False" />
            <line number="63" hits="8" branch="True" condition-coverage="100% (2/2)">
              <conditions>
                <condition number="249" type="jump" coverage="100%" />
              </conditions>
            </line>
            <line number="64" hits="7" branch="False" />
            <line number="65" hits="7" branch="True" condition-coverage="100% (2/2)">
              <conditions>
                <condition number="270" type="jump" coverage="100%" />
              </conditions>
            </line>
            <line number="66" hits="3" branch="False" />
            <line number="67" hits="3" branch="True" condition-coverage="100% (2/2)">
              <conditions>
                <condition number="303" type="jump" coverage="100%" />
              </conditions>
            </line>
            <line number="68" hits="2" branch="False" />
            <line number="69" hits="2" branch="False" />
            <line number="78" hits="1" branch="False" />
            <line number="79" hits="1" branch="False" />
            <line number="80" hits="1" branch="False" />
            <line number="81" hits="1" branch="False" />
            <line number="82" hits="1" branch="False" />
            <line number="85" hits="4" branch="True" condition-coverage="100% (2/2)">
              <conditions>
                <condition number="386" type="jump" coverage="100%" />
              </conditions>
            </line>
            <line number="86" hits="2" branch="False" />
            <line number="105" hits="2" branch="False" />
            <line number="113" hits="2" branch="False" />
            <line number="114" hits="2" branch="False" />
            <line number="115" hits="2" branch="False" />
            <line number="116" hits="2" branch="False" />
            <line number="117" hits="2" branch="False" />
            <line number="120" hits="1" branch="False" />
            <line number="121" hits="7" branch="False" />
          </lines>
        </class>
        <class name="EricksonLopez.Result.AspNetCore.ResultEndpointRouteBuilderExtensions" filename="EricksonLopez.Result.AspNetCore/ResultEndpointRouteBuilderExtensions.cs" line-rate="1" branch-rate="1" complexity="2">
          <methods>
            <method name="AddResultEndpointFilter" signature="(Microsoft.AspNetCore.Builder.RouteHandlerBuilder)" line-rate="1" branch-rate="1" complexity="1">
              <lines>
                <line number="51" hits="1" branch="False" />
                <line number="52" hits="1" branch="False" />
                <line number="53" hits="1" branch="False" />
                <line number="54" hits="1" branch="False" />
              </lines>
            </method>
            <method name="AddResultEndpointFilter" signature="(Microsoft.AspNetCore.Routing.RouteGroupBuilder)" line-rate="1" branch-rate="1" complexity="1">
              <lines>
                <line number="71" hits="1" branch="False" />
                <line number="72" hits="1" branch="False" />
                <line number="73" hits="1" branch="False" />
                <line number="74" hits="1" branch="False" />
              </lines>
            </method>
          </methods>
          <lines>
            <line number="51" hits="1" branch="False" />
            <line number="52" hits="1" branch="False" />
            <line number="53" hits="1" branch="False" />
            <line number="54" hits="1" branch="False" />
            <line number="71" hits="1" branch="False" />
            <line number="72" hits="1" branch="False" />
            <line number="73" hits="1" branch="False" />
            <line number="74" hits="1" branch="False" />
          </lines>
        </class>
        <class name="EricksonLopez.Result.AspNetCore.ResultHttpExtensions" filename="EricksonLopez.Result.AspNetCore/ResultExtensions.Http.cs" line-rate="1" branch-rate="1" complexity="179">
          <methods>
            <method name="ToProblemDetails" signature="(EricksonLopez.Result.Result&amp;,EricksonLopez.Result.AspNetCore.ResultHttpOptions)" line-rate="1" branch-rate="1" complexity="4">
              <lines>
                <line number="19" hits="95" branch="False" />
                <line number="20" hits="95" branch="True" condition-coverage="100% (2/2)">
                  <conditions>
                    <condition number="9" type="jump" coverage="100%" />
                  </conditions>
                </line>
                <line number="21" hits="3" branch="False" />
                <line number="22" hits="3" branch="False" />
                <line number="25" hits="92" branch="True" condition-coverage="100% (2/2)">
                  <conditions>
                    <condition number="34" type="jump" coverage="100%" />
                  </conditions>
                </line>
                <line number="26" hits="92" branch="False" />
              </lines>
            </method>
            <method name="ToProblemDetails" signature="(EricksonLopez.Result.Result`1&lt;T&gt;&amp;,EricksonLopez.Result.AspNetCore.ResultHttpOptions)" line-rate="1" branch-rate="1" complexity="4">
              <lines>
                <line number="32" hits="4" branch="False" />
                <line number="33" hits="4" branch="True" condition-coverage="100% (2/2)">
                  <conditions>
                    <condition number="9" type="jump" coverage="100%" />
                  </conditions>
                </line>
                <line number="34" hits="2" branch="False" />
                <line number="35" hits="2" branch="False" />
                <line number="38" hits="2" branch="True" condition-coverage="100% (2/2)">
                  <conditions>
                    <condition number="34" type="jump" coverage="100%" />
                  </conditions>
                </line>
                <line number="39" hits="2" branch="False" />
              </lines>
            </method>
            <method name="ToHttpResult" signature="(EricksonLopez.Result.Result&amp;,EricksonLopez.Result.AspNetCore.ResultHttpOptions)" line-rate="1" branch-rate="1" complexity="8">
              <lines>
                <line number="61" hits="14" branch="False" />
                <line number="62" hits="14" branch="True" condition-coverage="100% (2/2)">
                  <conditions>
                    <condition number="10" type="jump" coverage="100%" />
                  </conditions>
                </line>
                <line number="63" hits="14" branch="False" />
                <line number="64" hits="7" branch="True" condition-coverage="100% (6/6)">
                  <conditions>
                    <condition number="23" type="switch" coverage="100%" />
                  </conditions>
                </line>
                <line number="65" hits="7" branch="False" />
                <line number="66" hits="1" branch="False" />
                <line number="67" hits="1" branch="False" />
                <line number="68" hits="1" branch="False" />
                <line number="69" hits="3" branch="False" />
                <line number="70" hits="1" branch="False" />
                <line number="71" hits="7" branch="False" />
                <line number="72" hits="6" branch="False" />
                <line number="73" hits="14" branch="False" />
                <line number="74" hits="13" branch="False" />
              </lines>
            </method>
            <method name="ToHttpResult" signature="(EricksonLopez.Result.Result`1&lt;T&gt;&amp;,EricksonLopez.Result.AspNetCore.ResultHttpOptions)" line-rate="1" branch-rate="1" complexity="4">
              <lines>
                <line number="80" hits="6" branch="False" />
                <line number="81" hits="6" branch="True" condition-coverage="100% (2/2)">
                  <conditions>
                    <condition number="10" type="jump" coverage="100%" />
                  </conditions>
                </line>
                <line number="82" hits="6" branch="True" condition-coverage="100% (2/2)">
                  <conditions>
                    <condition number="30" type="jump" coverage="100%" />
                  </conditions>
                </line>
                <line number="83" hits="3" branch="False" />
                <line number="84" hits="3" branch="False" />
                <line number="85" hits="6" branch="False" />
                <line number="86" hits="6" branch="False" />
              </lines>
            </method>
            <method name="CreateProblemDetails" signature="(EricksonLopez.Result.Error&amp;,EricksonLopez.Result.AspNetCore.ResultHttpOptions)" line-rate="1" branch-rate="1" complexity="38">
              <lines>
                <line number="89" hits="105" branch="False" />
                <line number="90" hits="105" branch="True" condition-coverage="100% (2/2)">
                  <conditions>
                    <condition number="28" type="jump" coverage="100%" />
                  </conditions>
                </line>
                <line number="91" hits="3" branch="False" />
                <line number="92" hits="3" branch="False" />
                <line number="93" hits="3" branch="False" />
                <line number="95" hits="105" branch="True" condition-coverage="100% (2/2)">
                  <conditions>
                    <condition number="44" type="jump" coverage="100%" />
                  </conditions>
                </line>
                <line number="96" hits="105" branch="False" />
                <line number="97" hits="105" branch="False" />
                <line number="99" hits="105" branch="False" />
                <line number="100" hits="105" branch="False" />
                <line number="101" hits="105" branch="False" />
                <line number="102" hits="105" branch="False" />
                <line number="103" hits="105" branch="False" />
                <line number="104" hits="105" branch="False" />
                <line number="106" hits="105" branch="True" condition-coverage="100% (4/4)">
                  <conditions>
                    <condition number="141" type="jump" coverage="100%" />
                    <condition number="163" type="jump" coverage="100%" />
                  </conditions>
                </line>
                <line number="107" hits="1" branch="False" />
                <line number="108" hits="1" branch="False" />
                <line number="109" hits="1" branch="False" />
                <line number="111" hits="105" branch="True" condition-coverage="100% (2/2)">
                  <conditions>
                    <condition number="203" type="jump" coverage="100%" />
                  </conditions>
                </line>
                <line number="112" hits="1" branch="False" />
                <line number="113" hits="1" branch="False" />
                <line number="114" hits="1" branch="False" />
                <line number="116" hits="105" branch="True" condition-coverage="100% (2/2)">
                  <conditions>
                    <condition number="237" type="jump" coverage="100%" />
                  </conditions>
                </line>
                <line number="117" hits="4" branch="False" />
                <line number="118" hits="4" branch="False" />
                <line number="119" hits="20" branch="True" condition-coverage="100% (2/2)">
                  <conditions>
                    <condition number="413" type="jump" coverage="100%" />
                  </conditions>
                </line>
                <line number="120" hits="4" branch="False" />
                <line number="121" hits="4" branch="True" condition-coverage="100% (2/2)">
                  <conditions>
                    <condition number="303" type="jump" coverage="100%" />
                  </conditions>
                </line>
                <line number="122" hits="4" branch="False" />
                <line number="123" hits="4" branch="False" />
                <line number="124" hits="4" branch="True" condition-coverage="100% (2/2)">
                  <conditions>
                    <condition number="382" type="jump" coverage="100%" />
                  </conditions>
                </line>
                <line number="125" hits="4" branch="False" />
                <line number="126" hits="4" branch="False" />
                <line number="127" hits="4" branch="False" />
                <line number="128" hits="4" branch="False" />
                <line number="129" hits="4" branch="False" />
                <line number="130" hits="4" branch="False" />
                <line number="131" hits="4" branch="False" />
                <line number="132" hits="4" branch="False" />
                <line number="133" hits="4" branch="False" />
                <line number="134" hits="4" branch="False" />
                <line number="136" hits="105" branch="True" condition-coverage="100% (2/2)">
                  <conditions>
                    <condition number="441" type="jump" coverage="100%" />
                  </conditions>
                </line>
                <line number="137" hits="4" branch="False" />
                <line number="138" hits="38" branch="True" condition-coverage="100% (2/2)">
                  <conditions>
                    <condition number="633" type="jump" coverage="100%" />
                  </conditions>
                </line>
                <line number="139" hits="13" branch="False" />
                <line number="140" hits="13" branch="False" />
                <line number="145" hits="13" branch="True" condition-coverage="100% (14/14)">
                  <conditions>
                    <condition number="498" type="jump" coverage="100%" />
                    <condition number="512" type="jump" coverage="100%" />
                    <condition number="526" type="jump" coverage="100%" />
                    <condition number="540" type="jump" coverage="100%" />
                    <condition number="554" type="jump" coverage="100%" />
                    <condition number="568" type="jump" coverage="100%" />
                    <condition number="586" type="jump" coverage="100%" />
                  </conditions>
                </line>
                <line number="146" hits="1" branch="False" />
                <line number="147" hits="1" branch="False" />
                <line number="148" hits="1" branch="False" />
                <line number="149" hits="13" branch="False" />
                <line number="150" hits="13" branch="False" />
                <line number="151" hits="4" branch="False" />
                <line number="154" hits="105" branch="False" />
                <line number="160" hits="105" branch="True" condition-coverage="100% (2/2)">
                  <conditions>
                    <condition number="678" type="jump" coverage="100%" />
                  </conditions>
                </line>
                <line number="161" hits="105" branch="False" />
                <line number="162" hits="105" branch="False" />
                <line number="164" hits="105" branch="False" />
                <line number="165" hits="105" branch="False" />
                <line number="166" hits="105" branch="False" />
                <line number="167" hits="105" branch="False" />
                <line number="168" hits="105" branch="False" />
                <line number="169" hits="105" branch="False" />
                <line number="170" hits="105" branch="False" />
              </lines>
            </method>
            <method name="GetTitle" signature="(EricksonLopez.Result.ErrorType,System.Int32,EricksonLopez.Result.AspNetCore.ResultHttpOptions)" line-rate="1" branch-rate="1" complexity="4">
              <lines>
                <line number="214" hits="105" branch="False" />
                <line number="220" hits="105" branch="False" />
                <line number="221" hits="105" branch="True" condition-coverage="100% (2/2)">
                  <conditions>
                    <condition number="15" type="jump" coverage="100%" />
                  </conditions>
                </line>
                <line number="222" hits="1" branch="False" />
                <line number="228" hits="104" branch="True" condition-coverage="100% (2/2)">
                  <conditions>
                    <condition number="40" type="jump" coverage="100%" />
                  </conditions>
                </line>
                <line number="229" hits="82" branch="False" />
                <line number="231" hits="22" branch="False" />
                <line number="232" hits="105" branch="False" />
              </lines>
            </method>
            <method name="GetCanonicalHttpTitle" signature="(System.Int32)" line-rate="1" branch-rate="1" complexity="42">
              <lines>
                <line number="238" hits="82" branch="True" condition-coverage="100% (42/42)">
                  <conditions>
                    <condition number="10" type="jump" coverage="100%" />
                    <condition number="55" type="jump" coverage="100%" />
                    <condition number="64" type="switch" coverage="100%" />
                    <condition number="186" type="switch" coverage="100%" />
                    <condition number="169" type="jump" coverage="100%" />
                    <condition number="19" type="switch" coverage="100%" />
                  </conditions>
                </line>
                <line number="239" hits="82" branch="False" />
                <line number="240" hits="1" branch="False" />
                <line number="241" hits="1" branch="False" />
                <line number="242" hits="1" branch="False" />
                <line number="243" hits="1" branch="False" />
                <line number="244" hits="13" branch="False" />
                <line number="245" hits="3" branch="False" />
                <line number="246" hits="1" branch="False" />
                <line number="247" hits="3" branch="False" />
                <line number="248" hits="7" branch="False" />
                <line number="249" hits="1" branch="False" />
                <line number="250" hits="1" branch="False" />
                <line number="251" hits="1" branch="False" />
                <line number="252" hits="6" branch="False" />
                <line number="253" hits="1" branch="False" />
                <line number="254" hits="1" branch="False" />
                <line number="255" hits="1" branch="False" />
                <line number="256" hits="1" branch="False" />
                <line number="257" hits="3" branch="False" />
                <line number="258" hits="1" branch="False" />
                <line number="259" hits="14" branch="False" />
                <line number="260" hits="1" branch="False" />
                <line number="261" hits="1" branch="False" />
                <line number="262" hits="2" branch="False" />
                <line number="263" hits="1" branch="False" />
                <line number="264" hits="3" branch="False" />
                <line number="265" hits="11" branch="False" />
                <line number="266" hits="1" branch="False" />
                <line number="267" hits="82" branch="False" />
              </lines>
            </method>
            <method name="GetDescriptiveTitle" signature="(EricksonLopez.Result.ErrorType,System.Int32)" line-rate="1" branch-rate="1" complexity="14">
              <lines>
                <line number="275" hits="22" branch="True" condition-coverage="100% (12/12)">
                  <conditions>
                    <condition number="5" type="switch" coverage="100%" />
                  </conditions>
                </line>
                <line number="276" hits="22" branch="False" />
                <line number="277" hits="22" branch="False" />
                <line number="278" hits="22" branch="False" />
                <line number="279" hits="5" branch="True" condition-coverage="100% (2/2)">
                  <conditions>
                    <condition number="62" type="jump" coverage="100%" />
                  </conditions>
                </line>
                <line number="280" hits="2" branch="False" />
                <line number="281" hits="2" branch="False" />
                <line number="282" hits="2" branch="False" />
                <line number="283" hits="2" branch="False" />
                <line number="284" hits="2" branch="False" />
                <line number="285" hits="1" branch="False" />
                <line number="286" hits="2" branch="False" />
                <line number="287" hits="1" branch="False" />
                <line number="288" hits="1" branch="False" />
                <line number="289" hits="1" branch="False" />
                <line number="290" hits="1" branch="False" />
                <line number="291" hits="22" branch="False" />
              </lines>
            </method>
            <method name="ErrorTypeToString" signature="(EricksonLopez.Result.ErrorType)" line-rate="1" branch-rate="1" complexity="1">
              <lines>
                <line number="296" hits="4" branch="False" />
              </lines>
            </method>
            <method name="ErrorSeverityToString" signature="(EricksonLopez.Result.ErrorSeverity)" line-rate="1" branch-rate="1" complexity="1">
              <lines>
                <line number="299" hits="109" branch="False" />
              </lines>
            </method>
            <method name="ErrorRetryabilityToString" signature="(EricksonLopez.Result.ErrorRetryability)" line-rate="1" branch-rate="1" complexity="1">
              <lines>
                <line number="302" hits="109" branch="False" />
              </lines>
            </method>
            <method name="SerializeMetadataValue" signature="(System.Object)" line-rate="1" branch-rate="1" complexity="1">
              <lines>
                <line number="319" hits="13" branch="False" />
              </lines>
            </method>
            <method name="SerializeMetadataValue" signature="(System.Object,System.Int32)" line-rate="1" branch-rate="1" complexity="56">
              <lines>
                <line number="324" hits="24" branch="False" />
                <line number="325" hits="25" branch="True" condition-coverage="100% (2/2)">
                  <conditions>
                    <condition number="7" type="jump" coverage="100%" />
                  </conditions>
                </line>
                <line number="328" hits="23" branch="True" condition-coverage="100% (2/2)">
                  <conditions>
                    <condition number="28" type="jump" coverage="100%" />
                  </conditions>
                </line>
                <line number="329" hits="1" branch="False" />
                <line number="333" hits="22" branch="True" condition-coverage="100% (36/36)">
                  <conditions>
                    <condition number="48" type="jump" coverage="100%" />
                    <condition number="59" type="jump" coverage="100%" />
                    <condition number="67" type="jump" coverage="100%" />
                    <condition number="75" type="jump" coverage="100%" />
                    <condition number="83" type="jump" coverage="100%" />
                    <condition number="91" type="jump" coverage="100%" />
                    <condition number="99" type="jump" coverage="100%" />
                    <condition number="107" type="jump" coverage="100%" />
                    <condition number="115" type="jump" coverage="100%" />
                    <condition number="123" type="jump" coverage="100%" />
                    <condition number="131" type="jump" coverage="100%" />
                    <condition number="139" type="jump" coverage="100%" />
                    <condition number="147" type="jump" coverage="100%" />
                    <condition number="155" type="jump" coverage="100%" />
                    <condition number="163" type="jump" coverage="100%" />
                    <condition number="171" type="jump" coverage="100%" />
                    <condition number="179" type="jump" coverage="100%" />
                    <condition number="197" type="jump" coverage="100%" />
                  </conditions>
                </line>
                <line number="334" hits="22" branch="False" />
                <line number="335" hits="22" branch="False" />
                <line number="336" hits="22" branch="False" />
                <line number="337" hits="22" branch="False" />
                <line number="338" hits="12" branch="False" />
                <line number="339" hits="12" branch="False" />
                <line number="345" hits="10" branch="True" condition-coverage="100% (2/2)">
                  <conditions>
                    <condition number="223" type="jump" coverage="100%" />
                  </conditions>
                </line>
                <line number="346" hits="7" branch="False" />
                <line number="347" hits="7" branch="False" />
                <line number="348" hits="39" branch="True" condition-coverage="100% (2/2)">
                  <conditions>
                    <condition number="327" type="jump" coverage="100%" />
                  </conditions>
                </line>
                <line number="349" hits="9" branch="False" />
                <line number="350" hits="9" branch="True" condition-coverage="100% (4/4)">
                  <conditions>
                    <condition number="278" type="jump" coverage="100%" />
                    <condition number="290" type="jump" coverage="100%" />
                  </conditions>
                </line>
                <line number="351" hits="9" branch="False" />
                <line number="352" hits="7" branch="False" />
                <line number="357" hits="3" branch="True" condition-coverage="100% (4/4)">
                  <conditions>
                    <condition number="370" type="jump" coverage="100%" />
                    <condition number="391" type="jump" coverage="100%" />
                  </conditions>
                </line>
                <line number="358" hits="1" branch="False" />
                <line number="359" hits="1" branch="False" />
                <line number="360" hits="7" branch="True" condition-coverage="100% (2/2)">
                  <conditions>
                    <condition number="448" type="jump" coverage="100%" />
                  </conditions>
                </line>
                <line number="361" hits="2" branch="False" />
                <line number="362" hits="2" branch="False" />
                <line number="363" hits="2" branch="False" />
                <line number="364" hits="1" branch="False" />
                <line number="368" hits="2" branch="True" condition-coverage="100% (2/2)">
                  <conditions>
                    <condition number="495" type="jump" coverage="100%" />
                  </conditions>
                </line>
                <line number="369" hits="1" branch="False" />
                <line number="370" hits="1" branch="False" />
                <line number="374" hits="1" branch="False" />
                <line number="375" hits="24" branch="False" />
              </lines>
            </method>
            <method name=".cctor" signature="()" line-rate="1" branch-rate="1" complexity="1">
              <lines>
                <line number="13" hits="1" branch="False" />
              </lines>
            </method>
          </methods>
          <lines>
            <line number="19" hits="95" branch="False" />
            <line number="20" hits="95" branch="True" condition-coverage="100% (2/2)">
              <conditions>
                <condition number="9" type="jump" coverage="100%" />
              </conditions>
            </line>
            <line number="21" hits="3" branch="False" />
            <line number="22" hits="3" branch="False" />
            <line number="25" hits="92" branch="True" condition-coverage="100% (2/2)">
              <conditions>
                <condition number="34" type="jump" coverage="100%" />
              </conditions>
            </line>
            <line number="26" hits="92" branch="False" />
            <line number="32" hits="4" branch="False" />
            <line number="33" hits="4" branch="True" condition-coverage="100% (2/2)">
              <conditions>
                <condition number="9" type="jump" coverage="100%" />
              </conditions>
            </line>
            <line number="34" hits="2" branch="False" />
            <line number="35" hits="2" branch="False" />
            <line number="38" hits="2" branch="True" condition-coverage="100% (2/2)">
              <conditions>
                <condition number="34" type="jump" coverage="100%" />
              </conditions>
            </line>
            <line number="39" hits="2" branch="False" />
            <line number="61" hits="14" branch="False" />
            <line number="62" hits="14" branch="True" condition-coverage="100% (2/2)">
              <conditions>
                <condition number="10" type="jump" coverage="100%" />
              </conditions>
            </line>
            <line number="63" hits="14" branch="False" />
            <line number="64" hits="7" branch="True" condition-coverage="100% (6/6)">
              <conditions>
                <condition number="23" type="switch" coverage="100%" />
              </conditions>
            </line>
            <line number="65" hits="7" branch="False" />
            <line number="66" hits="1" branch="False" />
            <line number="67" hits="1" branch="False" />
            <line number="68" hits="1" branch="False" />
            <line number="69" hits="3" branch="False" />
            <line number="70" hits="1" branch="False" />
            <line number="71" hits="7" branch="False" />
            <line number="72" hits="6" branch="False" />
            <line number="73" hits="14" branch="False" />
            <line number="74" hits="13" branch="False" />
            <line number="80" hits="6" branch="False" />
            <line number="81" hits="6" branch="True" condition-coverage="100% (2/2)">
              <conditions>
                <condition number="10" type="jump" coverage="100%" />
              </conditions>
            </line>
            <line number="82" hits="6" branch="True" condition-coverage="100% (2/2)">
              <conditions>
                <condition number="30" type="jump" coverage="100%" />
              </conditions>
            </line>
            <line number="83" hits="3" branch="False" />
            <line number="84" hits="3" branch="False" />
            <line number="85" hits="6" branch="False" />
            <line number="86" hits="6" branch="False" />
            <line number="89" hits="105" branch="False" />
            <line number="90" hits="105" branch="True" condition-coverage="100% (2/2)">
              <conditions>
                <condition number="28" type="jump" coverage="100%" />
              </conditions>
            </line>
            <line number="91" hits="3" branch="False" />
            <line number="92" hits="3" branch="False" />
            <line number="93" hits="3" branch="False" />
            <line number="95" hits="105" branch="True" condition-coverage="100% (2/2)">
              <conditions>
                <condition number="44" type="jump" coverage="100%" />
              </conditions>
            </line>
            <line number="96" hits="105" branch="False" />
            <line number="97" hits="105" branch="False" />
            <line number="99" hits="105" branch="False" />
            <line number="100" hits="105" branch="False" />
            <line number="101" hits="105" branch="False" />
            <line number="102" hits="105" branch="False" />
            <line number="103" hits="105" branch="False" />
            <line number="104" hits="105" branch="False" />
            <line number="106" hits="105" branch="True" condition-coverage="100% (4/4)">
              <conditions>
                <condition number="141" type="jump" coverage="100%" />
                <condition number="163" type="jump" coverage="100%" />
              </conditions>
            </line>
            <line number="107" hits="1" branch="False" />
            <line number="108" hits="1" branch="False" />
            <line number="109" hits="1" branch="False" />
            <line number="111" hits="105" branch="True" condition-coverage="100% (2/2)">
              <conditions>
                <condition number="203" type="jump" coverage="100%" />
              </conditions>
            </line>
            <line number="112" hits="1" branch="False" />
            <line number="113" hits="1" branch="False" />
            <line number="114" hits="1" branch="False" />
            <line number="116" hits="105" branch="True" condition-coverage="100% (2/2)">
              <conditions>
                <condition number="237" type="jump" coverage="100%" />
              </conditions>
            </line>
            <line number="117" hits="4" branch="False" />
            <line number="118" hits="4" branch="False" />
            <line number="119" hits="20" branch="True" condition-coverage="100% (2/2)">
              <conditions>
                <condition number="413" type="jump" coverage="100%" />
              </conditions>
            </line>
            <line number="120" hits="4" branch="False" />
            <line number="121" hits="4" branch="True" condition-coverage="100% (2/2)">
              <conditions>
                <condition number="303" type="jump" coverage="100%" />
              </conditions>
            </line>
            <line number="122" hits="4" branch="False" />
            <line number="123" hits="4" branch="False" />
            <line number="124" hits="4" branch="True" condition-coverage="100% (2/2)">
              <conditions>
                <condition number="382" type="jump" coverage="100%" />
              </conditions>
            </line>
            <line number="125" hits="4" branch="False" />
            <line number="126" hits="4" branch="False" />
            <line number="127" hits="4" branch="False" />
            <line number="128" hits="4" branch="False" />
            <line number="129" hits="4" branch="False" />
            <line number="130" hits="4" branch="False" />
            <line number="131" hits="4" branch="False" />
            <line number="132" hits="4" branch="False" />
            <line number="133" hits="4" branch="False" />
            <line number="134" hits="4" branch="False" />
            <line number="136" hits="105" branch="True" condition-coverage="100% (2/2)">
              <conditions>
                <condition number="441" type="jump" coverage="100%" />
              </conditions>
            </line>
            <line number="137" hits="4" branch="False" />
            <line number="138" hits="38" branch="True" condition-coverage="100% (2/2)">
              <conditions>
                <condition number="633" type="jump" coverage="100%" />
              </conditions>
            </line>
            <line number="139" hits="13" branch="False" />
            <line number="140" hits="13" branch="False" />
            <line number="145" hits="13" branch="True" condition-coverage="100% (14/14)">
              <conditions>
                <condition number="498" type="jump" coverage="100%" />
                <condition number="512" type="jump" coverage="100%" />
                <condition number="526" type="jump" coverage="100%" />
                <condition number="540" type="jump" coverage="100%" />
                <condition number="554" type="jump" coverage="100%" />
                <condition number="568" type="jump" coverage="100%" />
                <condition number="586" type="jump" coverage="100%" />
              </conditions>
            </line>
            <line number="146" hits="1" branch="False" />
            <line number="147" hits="1" branch="False" />
            <line number="148" hits="1" branch="False" />
            <line number="149" hits="13" branch="False" />
            <line number="150" hits="13" branch="False" />
            <line number="151" hits="4" branch="False" />
            <line number="154" hits="105" branch="False" />
            <line number="160" hits="105" branch="True" condition-coverage="100% (2/2)">
              <conditions>
                <condition number="678" type="jump" coverage="100%" />
              </conditions>
            </line>
            <line number="161" hits="105" branch="False" />
            <line number="162" hits="105" branch="False" />
            <line number="164" hits="105" branch="False" />
            <line number="165" hits="105" branch="False" />
            <line number="166" hits="105" branch="False" />
            <line number="167" hits="105" branch="False" />
            <line number="168" hits="105" branch="False" />
            <line number="169" hits="105" branch="False" />
            <line number="170" hits="105" branch="False" />
            <line number="214" hits="105" branch="False" />
            <line number="220" hits="105" branch="False" />
            <line number="221" hits="105" branch="True" condition-coverage="100% (2/2)">
              <conditions>
                <condition number="15" type="jump" coverage="100%" />
              </conditions>
            </line>
            <line number="222" hits="1" branch="False" />
            <line number="228" hits="104" branch="True" condition-coverage="100% (2/2)">
              <conditions>
                <condition number="40" type="jump" coverage="100%" />
              </conditions>
            </line>
            <line number="229" hits="82" branch="False" />
            <line number="231" hits="22" branch="False" />
            <line number="232" hits="105" branch="False" />
            <line number="238" hits="82" branch="True" condition-coverage="100% (42/42)">
              <conditions>
                <condition number="10" type="jump" coverage="100%" />
                <condition number="55" type="jump" coverage="100%" />
                <condition number="64" type="switch" coverage="100%" />
                <condition number="186" type="switch" coverage="100%" />
                <condition number="169" type="jump" coverage="100%" />
                <condition number="19" type="switch" coverage="100%" />
              </conditions>
            </line>
            <line number="239" hits="82" branch="False" />
            <line number="240" hits="1" branch="False" />
            <line number="241" hits="1" branch="False" />
            <line number="242" hits="1" branch="False" />
            <line number="243" hits="1" branch="False" />
            <line number="244" hits="13" branch="False" />
            <line number="245" hits="3" branch="False" />
            <line number="246" hits="1" branch="False" />
            <line number="247" hits="3" branch="False" />
            <line number="248" hits="7" branch="False" />
            <line number="249" hits="1" branch="False" />
            <line number="250" hits="1" branch="False" />
            <line number="251" hits="1" branch="False" />
            <line number="252" hits="6" branch="False" />
            <line number="253" hits="1" branch="False" />
            <line number="254" hits="1" branch="False" />
            <line number="255" hits="1" branch="False" />
            <line number="256" hits="1" branch="False" />
            <line number="257" hits="3" branch="False" />
            <line number="258" hits="1" branch="False" />
            <line number="259" hits="14" branch="False" />
            <line number="260" hits="1" branch="False" />
            <line number="261" hits="1" branch="False" />
            <line number="262" hits="2" branch="False" />
            <line number="263" hits="1" branch="False" />
            <line number="264" hits="3" branch="False" />
            <line number="265" hits="11" branch="False" />
            <line number="266" hits="1" branch="False" />
            <line number="267" hits="82" branch="False" />
            <line number="275" hits="22" branch="True" condition-coverage="100% (12/12)">
              <conditions>
                <condition number="5" type="switch" coverage="100%" />
              </conditions>
            </line>
            <line number="276" hits="22" branch="False" />
            <line number="277" hits="22" branch="False" />
            <line number="278" hits="22" branch="False" />
            <line number="279" hits="5" branch="True" condition-coverage="100% (2/2)">
              <conditions>
                <condition number="62" type="jump" coverage="100%" />
              </conditions>
            </line>
            <line number="280" hits="2" branch="False" />
            <line number="281" hits="2" branch="False" />
            <line number="282" hits="2" branch="False" />
            <line number="283" hits="2" branch="False" />
            <line number="284" hits="2" branch="False" />
            <line number="285" hits="1" branch="False" />
            <line number="286" hits="2" branch="False" />
            <line number="287" hits="1" branch="False" />
            <line number="288" hits="1" branch="False" />
            <line number="289" hits="1" branch="False" />
            <line number="290" hits="1" branch="False" />
            <line number="291" hits="22" branch="False" />
            <line number="296" hits="4" branch="False" />
            <line number="299" hits="109" branch="False" />
            <line number="302" hits="109" branch="False" />
            <line number="319" hits="13" branch="False" />
            <line number="324" hits="24" branch="False" />
            <line number="325" hits="25" branch="True" condition-coverage="100% (2/2)">
              <conditions>
                <condition number="7" type="jump" coverage="100%" />
              </conditions>
            </line>
            <line number="328" hits="23" branch="True" condition-coverage="100% (2/2)">
              <conditions>
                <condition number="28" type="jump" coverage="100%" />
              </conditions>
            </line>
            <line number="329" hits="1" branch="False" />
            <line number="333" hits="22" branch="True" condition-coverage="100% (36/36)">
              <conditions>
                <condition number="48" type="jump" coverage="100%" />
                <condition number="59" type="jump" coverage="100%" />
                <condition number="67" type="jump" coverage="100%" />
                <condition number="75" type="jump" coverage="100%" />
                <condition number="83" type="jump" coverage="100%" />
                <condition number="91" type="jump" coverage="100%" />
                <condition number="99" type="jump" coverage="100%" />
                <condition number="107" type="jump" coverage="100%" />
                <condition number="115" type="jump" coverage="100%" />
                <condition number="123" type="jump" coverage="100%" />
                <condition number="131" type="jump" coverage="100%" />
                <condition number="139" type="jump" coverage="100%" />
                <condition number="147" type="jump" coverage="100%" />
                <condition number="155" type="jump" coverage="100%" />
                <condition number="163" type="jump" coverage="100%" />
                <condition number="171" type="jump" coverage="100%" />
                <condition number="179" type="jump" coverage="100%" />
                <condition number="197" type="jump" coverage="100%" />
              </conditions>
            </line>
            <line number="334" hits="22" branch="False" />
            <line number="335" hits="22" branch="False" />
            <line number="336" hits="22" branch="False" />
            <line number="337" hits="22" branch="False" />
            <line number="338" hits="12" branch="False" />
            <line number="339" hits="12" branch="False" />
            <line number="345" hits="10" branch="True" condition-coverage="100% (2/2)">
              <conditions>
                <condition number="223" type="jump" coverage="100%" />
              </conditions>
            </line>
            <line number="346" hits="7" branch="False" />
            <line number="347" hits="7" branch="False" />
            <line number="348" hits="39" branch="True" condition-coverage="100% (2/2)">
              <conditions>
                <condition number="327" type="jump" coverage="100%" />
              </conditions>
            </line>
            <line number="349" hits="9" branch="False" />
            <line number="350" hits="9" branch="True" condition-coverage="100% (4/4)">
              <conditions>
                <condition number="278" type="jump" coverage="100%" />
                <condition number="290" type="jump" coverage="100%" />
              </conditions>
            </line>
            <line number="351" hits="9" branch="False" />
            <line number="352" hits="7" branch="False" />
            <line number="357" hits="3" branch="True" condition-coverage="100% (4/4)">
              <conditions>
                <condition number="370" type="jump" coverage="100%" />
                <condition number="391" type="jump" coverage="100%" />
              </conditions>
            </line>
            <line number="358" hits="1" branch="False" />
            <line number="359" hits="1" branch="False" />
            <line number="360" hits="7" branch="True" condition-coverage="100% (2/2)">
              <conditions>
                <condition number="448" type="jump" coverage="100%" />
              </conditions>
            </line>
            <line number="361" hits="2" branch="False" />
            <line number="362" hits="2" branch="False" />
            <line number="363" hits="2" branch="False" />
            <line number="364" hits="1" branch="False" />
            <line number="368" hits="2" branch="True" condition-coverage="100% (2/2)">
              <conditions>
                <condition number="495" type="jump" coverage="100%" />
              </conditions>
            </line>
            <line number="369" hits="1" branch="False" />
            <line number="370" hits="1" branch="False" />
            <line number="374" hits="1" branch="False" />
            <line number="375" hits="24" branch="False" />
            <line number="13" hits="1" branch="False" />
          </lines>
        </class>
        <class name="EricksonLopez.Result.AspNetCore.ResultHttpOptions" filename="EricksonLopez.Result.AspNetCore/ResultHttpOptions.cs" line-rate="1" branch-rate="1" complexity="26">
          <methods>
            <method name="get_StatusCodeMap" signature="()" line-rate="1" branch-rate="1" complexity="2">
              <lines>
                <line number="89" hits="3" branch="False" />
                <line number="90" hits="3" branch="False" />
                <line number="91" hits="3" branch="True" condition-coverage="100% (2/2)">
                  <conditions>
                    <condition number="16" type="jump" coverage="100%" />
                  </conditions>
                </line>
                <line number="92" hits="1" branch="False" />
                <line number="93" hits="1" branch="False" />
                <line number="95" hits="2" branch="False" />
                <line number="96" hits="2" branch="False" />
                <line number="97" hits="2" branch="False" />
                <line number="98" hits="3" branch="False" />
              </lines>
            </method>
            <method name="ConfigureStatusCode" signature="(EricksonLopez.Result.ErrorType,System.Int32)" line-rate="1" branch-rate="1" complexity="2">
              <lines>
                <line number="117" hits="5" branch="False" />
                <line number="118" hits="5" branch="False" />
                <line number="120" hits="5" branch="False" />
                <line number="121" hits="5" branch="True" condition-coverage="100% (2/2)">
                  <conditions>
                    <condition number="24" type="jump" coverage="100%" />
                  </conditions>
                </line>
                <line number="122" hits="2" branch="False" />
                <line number="123" hits="2" branch="False" />
                <line number="124" hits="2" branch="False" />
                <line number="125" hits="2" branch="False" />
                <line number="127" hits="3" branch="False" />
                <line number="132" hits="3" branch="False" />
                <line number="133" hits="3" branch="False" />
                <line number="135" hits="5" branch="False" />
                <line number="136" hits="5" branch="False" />
                <line number="137" hits="5" branch="False" />
                <line number="138" hits="3" branch="False" />
                <line number="139" hits="3" branch="False" />
              </lines>
            </method>
            <method name="get_DefaultSuccessStatusCode" signature="()" line-rate="1" branch-rate="1" complexity="1">
              <lines>
                <line number="145" hits="107" branch="False" />
              </lines>
            </method>
            <method name="get_IncludeTraceId" signature="()" line-rate="1" branch-rate="1" complexity="1">
              <lines>
                <line number="158" hits="111" branch="False" />
              </lines>
            </method>
            <method name="get_IncludeDescription" signature="()" line-rate="1" branch-rate="1" complexity="1">
              <lines>
                <line number="188" hits="117" branch="False" />
              </lines>
            </method>
            <method name="get_DefaultFallbackDescription" signature="()" line-rate="1" branch-rate="1" complexity="1">
              <lines>
                <line number="202" hits="198" branch="False" />
              </lines>
            </method>
            <method name="IncludeDescriptionInDevelopment" signature="(Microsoft.Extensions.Hosting.IHostEnvironment)" line-rate="1" branch-rate="1" complexity="1">
              <lines>
                <line number="220" hits="2" branch="False" />
                <line number="224" hits="2" branch="False" />
                <line number="225" hits="2" branch="False" />
                <line number="226" hits="2" branch="False" />
                <line number="227" hits="2" branch="False" />
                <line number="228" hits="2" branch="False" />
                <line number="229" hits="2" branch="False" />
              </lines>
            </method>
            <method name="get_TitleOverrides" signature="()" line-rate="1" branch-rate="1" complexity="2">
              <lines>
                <line number="251" hits="3" branch="False" />
                <line number="252" hits="3" branch="False" />
                <line number="253" hits="3" branch="True" condition-coverage="100% (2/2)">
                  <conditions>
                    <condition number="16" type="jump" coverage="100%" />
                  </conditions>
                </line>
                <line number="254" hits="1" branch="False" />
                <line number="255" hits="1" branch="False" />
                <line number="257" hits="2" branch="False" />
                <line number="258" hits="2" branch="False" />
                <line number="259" hits="2" branch="False" />
                <line number="260" hits="3" branch="False" />
              </lines>
            </method>
            <method name="get_TypeUriBase" signature="()" line-rate="1" branch-rate="1" complexity="1">
              <lines>
                <line number="325" hits="369" branch="False" />
              </lines>
            </method>
            <method name="GetFrozenStatusCodeMap" signature="()" line-rate="1" branch-rate="1" complexity="4">
              <lines>
                <line number="340" hits="109" branch="False" />
                <line number="341" hits="150" branch="True" condition-coverage="100% (2/2)">
                  <conditions>
                    <condition number="9" type="jump" coverage="100%" />
                  </conditions>
                </line>
                <line number="343" hits="68" branch="False" />
                <line number="345" hits="68" branch="False" />
                <line number="358" hits="68" branch="True" condition-coverage="100% (2/2)">
                  <conditions>
                    <condition number="48" type="jump" coverage="100%" />
                  </conditions>
                </line>
                <line number="359" hits="1" branch="False" />
                <line number="360" hits="1" branch="False" />
                <line number="368" hits="67" branch="False" />
                <line number="369" hits="67" branch="False" />
                <line number="374" hits="67" branch="False" />
                <line number="376" hits="67" branch="False" />
                <line number="377" hits="67" branch="False" />
                <line number="378" hits="67" branch="False" />
                <line number="381" hits="68" branch="False" />
                <line number="382" hits="68" branch="False" />
                <line number="383" hits="68" branch="False" />
                <line number="384" hits="109" branch="False" />
              </lines>
            </method>
            <method name="GetTitleOverride" signature="(EricksonLopez.Result.ErrorType)" line-rate="1" branch-rate="1" complexity="8">
              <lines>
                <line number="407" hits="108" branch="False" />
                <line number="409" hits="108" branch="False" />
                <line number="410" hits="108" branch="True" condition-coverage="100% (2/2)">
                  <conditions>
                    <condition number="32" type="jump" coverage="100%" />
                  </conditions>
                </line>
                <line number="411" hits="105" branch="False" />
                <line number="412" hits="105" branch="True" condition-coverage="100% (2/2)">
                  <conditions>
                    <condition number="53" type="jump" coverage="100%" />
                  </conditions>
                </line>
                <line number="413" hits="1" branch="False" />
                <line number="414" hits="104" branch="False" />
                <line number="419" hits="3" branch="False" />
                <line number="421" hits="3" branch="False" />
                <line number="440" hits="3" branch="True" condition-coverage="100% (2/2)">
                  <conditions>
                    <condition number="93" type="jump" coverage="100%" />
                  </conditions>
                </line>
                <line number="441" hits="1" branch="False" />
                <line number="442" hits="1" branch="False" />
                <line number="445" hits="2" branch="True" condition-coverage="100% (2/2)">
                  <conditions>
                    <condition number="125" type="jump" coverage="100%" />
                  </conditions>
                </line>
                <line number="446" hits="1" branch="False" />
                <line number="447" hits="1" branch="False" />
                <line number="450" hits="3" branch="False" />
                <line number="451" hits="3" branch="False" />
                <line number="452" hits="3" branch="False" />
                <line number="453" hits="108" branch="False" />
              </lines>
            </method>
            <method name="get_IsFrozen" signature="()" line-rate="1" branch-rate="1" complexity="1">
              <lines>
                <line number="489" hits="2" branch="False" />
              </lines>
            </method>
            <method name=".ctor" signature="()" line-rate="1" branch-rate="1" complexity="1">
              <lines>
                <line number="46" hits="92" branch="False" />
                <line number="52" hits="92" branch="False" />
                <line number="54" hits="92" branch="False" />
                <line number="55" hits="92" branch="False" />
                <line number="56" hits="92" branch="False" />
                <line number="57" hits="92" branch="False" />
                <line number="58" hits="92" branch="False" />
                <line number="59" hits="92" branch="False" />
                <line number="60" hits="92" branch="False" />
                <line number="61" hits="92" branch="False" />
                <line number="62" hits="92" branch="False" />
                <line number="63" hits="92" branch="False" />
                <line number="64" hits="92" branch="False" />
                <line number="65" hits="92" branch="False" />
                <line number="66" hits="92" branch="False" />
                <line number="67" hits="92" branch="False" />
                <line number="68" hits="92" branch="False" />
                <line number="69" hits="92" branch="False" />
                <line number="70" hits="92" branch="False" />
                <line number="71" hits="92" branch="False" />
                <line number="72" hits="92" branch="False" />
                <line number="73" hits="92" branch="False" />
                <line number="74" hits="92" branch="False" />
              </lines>
            </method>
          </methods>
          <lines>
            <line number="89" hits="3" branch="False" />
            <line number="90" hits="3" branch="False" />
            <line number="91" hits="3" branch="True" condition-coverage="100% (2/2)">
              <conditions>
                <condition number="16" type="jump" coverage="100%" />
              </conditions>
            </line>
            <line number="92" hits="1" branch="False" />
            <line number="93" hits="1" branch="False" />
            <line number="95" hits="2" branch="False" />
            <line number="96" hits="2" branch="False" />
            <line number="97" hits="2" branch="False" />
            <line number="98" hits="3" branch="False" />
            <line number="117" hits="5" branch="False" />
            <line number="118" hits="5" branch="False" />
            <line number="120" hits="5" branch="False" />
            <line number="121" hits="5" branch="True" condition-coverage="100% (2/2)">
              <conditions>
                <condition number="24" type="jump" coverage="100%" />
              </conditions>
            </line>
            <line number="122" hits="2" branch="False" />
            <line number="123" hits="2" branch="False" />
            <line number="124" hits="2" branch="False" />
            <line number="125" hits="2" branch="False" />
            <line number="127" hits="3" branch="False" />
            <line number="132" hits="3" branch="False" />
            <line number="133" hits="3" branch="False" />
            <line number="135" hits="5" branch="False" />
            <line number="136" hits="5" branch="False" />
            <line number="137" hits="5" branch="False" />
            <line number="138" hits="3" branch="False" />
            <line number="139" hits="3" branch="False" />
            <line number="145" hits="107" branch="False" />
            <line number="158" hits="111" branch="False" />
            <line number="188" hits="117" branch="False" />
            <line number="202" hits="198" branch="False" />
            <line number="220" hits="2" branch="False" />
            <line number="224" hits="2" branch="False" />
            <line number="225" hits="2" branch="False" />
            <line number="226" hits="2" branch="False" />
            <line number="227" hits="2" branch="False" />
            <line number="228" hits="2" branch="False" />
            <line number="229" hits="2" branch="False" />
            <line number="251" hits="3" branch="False" />
            <line number="252" hits="3" branch="False" />
            <line number="253" hits="3" branch="True" condition-coverage="100% (2/2)">
              <conditions>
                <condition number="16" type="jump" coverage="100%" />
              </conditions>
            </line>
            <line number="254" hits="1" branch="False" />
            <line number="255" hits="1" branch="False" />
            <line number="257" hits="2" branch="False" />
            <line number="258" hits="2" branch="False" />
            <line number="259" hits="2" branch="False" />
            <line number="260" hits="3" branch="False" />
            <line number="325" hits="369" branch="False" />
            <line number="340" hits="109" branch="False" />
            <line number="341" hits="150" branch="True" condition-coverage="100% (2/2)">
              <conditions>
                <condition number="9" type="jump" coverage="100%" />
              </conditions>
            </line>
            <line number="343" hits="68" branch="False" />
            <line number="345" hits="68" branch="False" />
            <line number="358" hits="68" branch="True" condition-coverage="100% (2/2)">
              <conditions>
                <condition number="48" type="jump" coverage="100%" />
              </conditions>
            </line>
            <line number="359" hits="1" branch="False" />
            <line number="360" hits="1" branch="False" />
            <line number="368" hits="67" branch="False" />
            <line number="369" hits="67" branch="False" />
            <line number="374" hits="67" branch="False" />
            <line number="376" hits="67" branch="False" />
            <line number="377" hits="67" branch="False" />
            <line number="378" hits="67" branch="False" />
            <line number="381" hits="68" branch="False" />
            <line number="382" hits="68" branch="False" />
            <line number="383" hits="68" branch="False" />
            <line number="384" hits="109" branch="False" />
            <line number="407" hits="108" branch="False" />
            <line number="409" hits="108" branch="False" />
            <line number="410" hits="108" branch="True" condition-coverage="100% (2/2)">
              <conditions>
                <condition number="32" type="jump" coverage="100%" />
              </conditions>
            </line>
            <line number="411" hits="105" branch="False" />
            <line number="412" hits="105" branch="True" condition-coverage="100% (2/2)">
              <conditions>
                <condition number="53" type="jump" coverage="100%" />
              </conditions>
            </line>
            <line number="413" hits="1" branch="False" />
            <line number="414" hits="104" branch="False" />
            <line number="419" hits="3" branch="False" />
            <line number="421" hits="3" branch="False" />
            <line number="440" hits="3" branch="True" condition-coverage="100% (2/2)">
              <conditions>
                <condition number="93" type="jump" coverage="100%" />
              </conditions>
            </line>
            <line number="441" hits="1" branch="False" />
            <line number="442" hits="1" branch="False" />
            <line number="445" hits="2" branch="True" condition-coverage="100% (2/2)">
              <conditions>
                <condition number="125" type="jump" coverage="100%" />
              </conditions>
            </line>
            <line number="446" hits="1" branch="False" />
            <line number="447" hits="1" branch="False" />
            <line number="450" hits="3" branch="False" />
            <line number="451" hits="3" branch="False" />
            <line number="452" hits="3" branch="False" />
            <line number="453" hits="108" branch="False" />
            <line number="489" hits="2" branch="False" />
            <line number="46" hits="92" branch="False" />
            <line number="52" hits="92" branch="False" />
            <line number="54" hits="92" branch="False" />
            <line number="55" hits="92" branch="False" />
            <line number="56" hits="92" branch="False" />
            <line number="57" hits="92" branch="False" />
            <line number="58" hits="92" branch="False" />
            <line number="59" hits="92" branch="False" />
            <line number="60" hits="92" branch="False" />
            <line number="61" hits="92" branch="False" />
            <line number="62" hits="92" branch="False" />
            <line number="63" hits="92" branch="False" />
            <line number="64" hits="92" branch="False" />
            <line number="65" hits="92" branch="False" />
            <line number="66" hits="92" branch="False" />
            <line number="67" hits="92" branch="False" />
            <line number="68" hits="92" branch="False" />
            <line number="69" hits="92" branch="False" />
            <line number="70" hits="92" branch="False" />
            <line number="71" hits="92" branch="False" />
            <line number="72" hits="92" branch="False" />
            <line number="73" hits="92" branch="False" />
            <line number="74" hits="92" branch="False" />
          </lines>
        </class>
        <class name="EricksonLopez.Result.AspNetCore.ResultServiceCollectionExtensions" filename="EricksonLopez.Result.AspNetCore/ResultServiceCollectionExtensions.cs" line-rate="1" branch-rate="1" complexity="2">
          <methods>
            <method name="AddResultHttpOptions" signature="(Microsoft.Extensions.DependencyInjection.IServiceCollection,System.Action`1&lt;EricksonLopez.Result.AspNetCore.ResultHttpOptions&gt;)" line-rate="1" branch-rate="1" complexity="2">
              <lines>
                <line number="38" hits="9" branch="False" />
                <line number="39" hits="9" branch="True" condition-coverage="100% (2/2)">
                  <conditions>
                    <condition number="7" type="jump" coverage="100%" />
                  </conditions>
                </line>
                <line number="40" hits="8" branch="False" />
                <line number="41" hits="8" branch="False" />
                <line number="42" hits="8" branch="False" />
                <line number="44" hits="1" branch="False" />
                <line number="46" hits="1" branch="False" />
                <line number="47" hits="1" branch="False" />
                <line number="49" hits="9" branch="False" />
                <line number="50" hits="9" branch="False" />
              </lines>
            </method>
          </methods>
          <lines>
            <line number="38" hits="9" branch="False" />
            <line number="39" hits="9" branch="True" condition-coverage="100% (2/2)">
              <conditions>
                <condition number="7" type="jump" coverage="100%" />
              </conditions>
            </line>
            <line number="40" hits="8" branch="False" />
            <line number="41" hits="8" branch="False" />
            <line number="42" hits="8" branch="False" />
            <line number="44" hits="1" branch="False" />
            <line number="46" hits="1" branch="False" />
            <line number="47" hits="1" branch="False" />
            <line number="49" hits="9" branch="False" />
            <line number="50" hits="9" branch="False" />
          </lines>
        </class>
      </classes>
    </package>
    <package name="EricksonLopez.Result" line-rate="1" branch-rate="1" complexity="1041">
      <classes>
        <class name="EricksonLopez.Result.Error" filename="EricksonLopez.Result/Error.cs" line-rate="1" branch-rate="1" complexity="140">
          <methods>
            <method name="get_TraceIdOverride" signature="()" line-rate="1" branch-rate="1" complexity="1">
              <lines>
                <line number="80" hits="24" branch="False" />
              </lines>
            </method>
            <method name="get_TraceIdValue" signature="()" line-rate="1" branch-rate="1" complexity="1">
              <lines>
                <line number="81" hits="24" branch="False" />
              </lines>
            </method>
            <method name="get_RawMetadata" signature="()" line-rate="1" branch-rate="1" complexity="1">
              <lines>
                <line number="82" hits="24" branch="False" />
              </lines>
            </method>
            <method name="get_RawInnerErrors" signature="()" line-rate="1" branch-rate="1" complexity="1">
              <lines>
                <line number="86" hits="24" branch="False" />
              </lines>
            </method>
            <method name="get_Code" signature="()" line-rate="1" branch-rate="1" complexity="1">
              <lines>
                <line number="89" hits="795" branch="False" />
              </lines>
            </method>
            <method name="get_Description" signature="()" line-rate="1" branch-rate="1" complexity="1">
              <lines>
                <line number="92" hits="426" branch="False" />
              </lines>
            </method>
            <method name="get_DescriptionKey" signature="()" line-rate="1" branch-rate="1" complexity="1">
              <lines>
                <line number="95" hits="238" branch="False" />
              </lines>
            </method>
            <method name="get_Type" signature="()" line-rate="1" branch-rate="1" complexity="1">
              <lines>
                <line number="98" hits="668" branch="False" />
              </lines>
            </method>
            <method name="get_Severity" signature="()" line-rate="1" branch-rate="1" complexity="1">
              <lines>
                <line number="101" hits="524" branch="False" />
              </lines>
            </method>
            <method name="get_Retryability" signature="()" line-rate="1" branch-rate="1" complexity="1">
              <lines>
                <line number="104" hits="430" branch="False" />
              </lines>
            </method>
            <method name="get_TraceId" signature="()" line-rate="1" branch-rate="1" complexity="6">
              <lines>
                <line number="114" hits="108" branch="False" />
                <line number="115" hits="145" branch="True" condition-coverage="100% (2/2)">
                  <conditions>
                    <condition number="15" type="jump" coverage="100%" />
                  </conditions>
                </line>
                <line number="116" hits="139" branch="True" condition-coverage="100% (2/2)">
                  <conditions>
                    <condition number="44" type="jump" coverage="100%" />
                  </conditions>
                </line>
                <line number="119" hits="3" branch="False" />
                <line number="120" hits="4" branch="True" condition-coverage="100% (2/2)">
                  <conditions>
[...]
                <line number="221" hits="14" branch="False" />
                <line number="222" hits="14" branch="False" />
                <line number="223" hits="14" branch="False" />
                <line number="224" hits="14" branch="False" />
                <line number="225" hits="14" branch="False" />
                <line number="226" hits="14" branch="False" />
              </lines>
            </method>
            <method name="StaticTrackFailure" signature="(System.String,System.String,System.String)" line-rate="1" branch-rate="1" complexity="1">
              <lines>
                <line number="257" hits="2" branch="False" />
                <line number="258" hits="2" branch="False" />
                <line number="259" hits="2" branch="False" />
                <line number="260" hits="2" branch="False" />
                <line number="261" hits="2" branch="False" />
                <line number="262" hits="2" branch="False" />
                <line number="263" hits="2" branch="False" />
                <line number="264" hits="2" branch="False" />
                <line number="265" hits="2" branch="False" />
                <line number="266" hits="2" branch="False" />
              </lines>
            </method>
            <method name="EnsureStaticInstruments" signature="()" line-rate="1" branch-rate="1" complexity="6">
              <lines>
                <line number="269" hits="17" branch="False" />
                <line number="270" hits="17" branch="False" />
                <line number="271" hits="17" branch="True" condition-coverage="100% (2/2)">
                  <conditions>
                    <condition number="10" type="jump" coverage="100%" />
                  </conditions>
                </line>
                <line number="272" hits="8" branch="False" />
                <line number="273" hits="8" branch="False" />
                <line number="276" hits="9" branch="False" />
                <line number="277" hits="9" branch="False" />
                <line number="278" hits="9" branch="False" />
                <line number="279" hits="9" branch="True" condition-coverage="100% (2/2)">
                  <conditions>
                    <condition number="46" type="jump" coverage="100%" />
                  </conditions>
                </line>
                <line number="280" hits="1" branch="False" />
                <line number="281" hits="1" branch="False" />
                <line number="284" hits="8" branch="True" condition-coverage="100% (2/2)">
                  <conditions>
                    <condition number="70" type="jump" coverage="100%" />
                  </conditions>
                </line>
                <line number="285" hits="1" branch="False" />
                <line number="286" hits="1" branch="False" />
                <line number="289" hits="7" branch="False" />
                <line number="290" hits="7" branch="False" />
                <line number="292" hits="7" branch="False" />
                <line number="293" hits="7" branch="False" />
                <line number="294" hits="7" branch="False" />
                <line number="295" hits="16" branch="False" />
              </lines>
            </method>
            <method name="CreateOperationsCounter" signature="(System.Diagnostics.Metrics.Meter)" line-rate="1" branch-rate="1" complexity="1">
              <lines>
                <line number="298" hits="44" branch="False" />
                <line number="299" hits="44" branch="False" />
                <line number="300" hits="44" branch="False" />
                <line number="301" hits="44" branch="False" />
              </lines>
            </method>
            <method name="ResetStaticMeterForTesting" signature="()" line-rate="1" branch-rate="1" complexity="2">
              <lines>
                <line number="319" hits="19" branch="False" />
                <line number="320" hits="19" branch="False" />
                <line number="321" hits="19" branch="False" />
                <line number="322" hits="19" branch="False" />
                <line number="323" hits="19" branch="True" condition-coverage="100% (2/2)">
                  <conditions>
                    <condition number="31" type="jump" coverage="100%" />
                  </conditions>
                </line>
                <line number="324" hits="19" branch="False" />
                <line number="325" hits="19" branch="False" />
                <line number="326" hits="19" branch="False" />
                <line number="327" hits="19" branch="False" />
              </lines>
            </method>
            <method name=".ctor" signature="(System.Diagnostics.Metrics.Meter,System.Boolean)" line-rate="1" branch-rate="1" complexity="6">
              <lines>
                <line number="101" hits="39" branch="False" />
                <line number="102" hits="39" branch="False" />
                <line number="103" hits="39" branch="False" />
                <line number="105" hits="38" branch="True" condition-coverage="100% (2/2)">
                  <conditions>
                    <condition number="26" type="jump" coverage="100%" />
                  </conditions>
                </line>
                <line number="106" hits="3" branch="False" />
                <line number="107" hits="3" branch="True" condition-coverage="100% (2/2)">
                  <conditions>
                    <condition number="46" type="jump" coverage="100%" />
                  </conditions>
                </line>
                <line number="108" hits="1" branch="False" />
                <line number="109" hits="1" branch="False" />
                <line number="111" hits="2" branch="False" />
                <line number="113" hits="37" branch="False" />
                <line number="114" hits="37" branch="True" condition-coverage="100% (2/2)">
                  <conditions>
                    <condition number="75" type="jump" coverage="100%" />
                  </conditions>
                </line>
                <line number="115" hits="37" branch="False" />
              </lines>
            </method>
          </methods>
          <lines>
            <line number="121" hits="19" branch="False" />
            <line number="122" hits="19" branch="False" />
            <line number="123" hits="18" branch="False" />
            <line number="124" hits="18" branch="False" />
            <line number="125" hits="18" branch="False" />
            <line number="126" hits="18" branch="False" />
            <line number="127" hits="18" branch="False" />
            <line number="128" hits="18" branch="False" />
            <line number="138" hits="16" branch="False" />
            <line number="139" hits="16" branch="False" />
            <line number="140" hits="15" branch="False" />
            <line number="141" hits="15" branch="False" />
            <line number="142" hits="15" branch="False" />
            <line number="143" hits="15" branch="False" />
            <line number="144" hits="15" branch="False" />
            <line number="145" hits="15" branch="False" />
            <line number="146" hits="15" branch="False" />
            <line number="147" hits="15" branch="False" />
            <line number="151" hits="3" branch="False" />
            <line number="152" hits="3" branch="False" />
            <line number="160" hits="3" branch="True" condition-coverage="100% (2/2)">
              <conditions>
                <condition number="17" type="jump" coverage="100%" />
              </conditions>
            </line>
            <line number="161" hits="3" branch="False" />
            <line number="175" hits="1" branch="False" />
            <line number="195" hits="1" branch="False" />
            <line number="219" hits="15" branch="False" />
            <line number="220" hits="15" branch="False" />
            <line number="221" hits="14" branch="False" />
            <line number="222" hits="14" branch="False" />
            <line number="223" hits="14" branch="False" />
            <line number="224" hits="14" branch="False" />
            <line number="225" hits="14" branch="False" />
            <line number="226" hits="14" branch="False" />
            <line number="257" hits="2" branch="False" />
            <line number="258" hits="2" branch="False" />
            <line number="259" hits="2" branch="False" />
            <line number="260" hits="2" branch="False" />
            <line number="261" hits="2" branch="False" />
            <line number="262" hits="2" branch="False" />
            <line number="263" hits="2" branch="False" />
            <line number="264" hits="2" branch="False" />
            <line number="265" hits="2" branch="False" />
            <line number="266" hits="2" branch="False" />
            <line number="269" hits="17" branch="False" />
            <line number="270" hits="17" branch="False" />
            <line number="271" hits="17" branch="True" condition-coverage="100% (2/2)">
              <conditions>
                <condition number="10" type="jump" coverage="100%" />
              </conditions>
            </line>
            <line number="272" hits="8" branch="False" />
            <line number="273" hits="8" branch="False" />
            <line number="276" hits="9" branch="False" />
            <line number="277" hits="9" branch="False" />
            <line number="278" hits="9" branch="False" />
            <line number="279" hits="9" branch="True" condition-coverage="100% (2/2)">
              <conditions>
                <condition number="46" type="jump" coverage="100%" />
              </conditions>
            </line>
            <line number="280" hits="1" branch="False" />
            <line number="281" hits="1" branch="False" />
            <line number="284" hits="8" branch="True" condition-coverage="100% (2/2)">
              <conditions>
                <condition number="70" type="jump" coverage="100%" />
              </conditions>
            </line>
            <line number="285" hits="1" branch="False" />
            <line number="286" hits="1" branch="False" />
            <line number="289" hits="7" branch="False" />
            <line number="290" hits="7" branch="False" />
            <line number="292" hits="7" branch="False" />
            <line number="293" hits="7" branch="False" />
            <line number="294" hits="7" branch="False" />
            <line number="295" hits="16" branch="False" />
            <line number="298" hits="44" branch="False" />
            <line number="299" hits="44" branch="False" />
            <line number="300" hits="44" branch="False" />
            <line number="301" hits="44" branch="False" />
            <line number="319" hits="19" branch="False" />
            <line number="320" hits="19" branch="False" />
            <line number="321" hits="19" branch="False" />
            <line number="322" hits="19" branch="False" />
            <line number="323" hits="19" branch="True" condition-coverage="100% (2/2)">
              <conditions>
                <condition number="31" type="jump" coverage="100%" />
              </conditions>
            </line>
            <line number="324" hits="19" branch="False" />
            <line number="325" hits="19" branch="False" />
            <line number="326" hits="19" branch="False" />
            <line number="327" hits="19" branch="False" />
            <line number="101" hits="39" branch="False" />
            <line number="102" hits="39" branch="False" />
            <line number="103" hits="39" branch="False" />
            <line number="105" hits="38" branch="True" condition-coverage="100% (2/2)">
              <conditions>
                <condition number="26" type="jump" coverage="100%" />
              </conditions>
            </line>
            <line number="106" hits="3" branch="False" />
            <line number="107" hits="3" branch="True" condition-coverage="100% (2/2)">
              <conditions>
                <condition number="46" type="jump" coverage="100%" />
              </conditions>
            </line>
            <line number="108" hits="1" branch="False" />
            <line number="109" hits="1" branch="False" />
            <line number="111" hits="2" branch="False" />
            <line number="113" hits="37" branch="False" />
            <line number="114" hits="37" branch="True" condition-coverage="100% (2/2)">
              <conditions>
                <condition number="75" type="jump" coverage="100%" />
              </conditions>
            </line>
            <line number="115" hits="37" branch="False" />
          </lines>
        </class>
        <class name="EricksonLopez.Result.OpenTelemetry.ResultServiceCollectionExtensions" filename="EricksonLopez.Result.OpenTelemetry/ResultServiceCollectionExtensions.cs" line-rate="1" branch-rate="1" complexity="1">
          <methods>
            <method name="AddResultMetrics" signature="(Microsoft.Extensions.DependencyInjection.IServiceCollection)" line-rate="1" branch-rate="1" complexity="1">
              <lines>
                <line number="25" hits="1" branch="False" />
                <line number="26" hits="1" branch="False" />
                <line number="27" hits="1" branch="False" />
                <line number="28" hits="1" branch="False" />
                <line number="29" hits="1" branch="False" />
                <line number="30" hits="1" branch="False" />
                <line number="31" hits="1" branch="False" />
                <line number="32" hits="1" branch="False" />
                <line number="33" hits="1" branch="False" />
                <line number="34" hits="2" branch="False" />
                <line number="35" hits="1" branch="False" />
                <line number="36" hits="1" branch="False" />
              </lines>
            </method>
          </methods>
          <lines>
            <line number="25" hits="1" branch="False" />
            <line number="26" hits="1" branch="False" />
            <line number="27" hits="1" branch="False" />
            <line number="28" hits="1" branch="False" />
            <line number="29" hits="1" branch="False" />
            <line number="30" hits="1" branch="False" />
            <line number="31" hits="1" branch="False" />
            <line number="32" hits="1" branch="False" />
            <line number="33" hits="1" branch="False" />
            <line number="34" hits="2" branch="False" />
            <line number="35" hits="1" branch="False" />
            <line number="36" hits="1" branch="False" />
          </lines>
        </class>
      </classes>
    </package>
    <package name="EricksonLopez.Result.Serialization" line-rate="1" branch-rate="1" complexity="0">
      <classes />
    </package>
    <package name="EricksonLopez.Result.Testing" line-rate="1" branch-rate="1" complexity="0">
      <classes />
    </package>
    <package name="EricksonLopez.Result.Testing.XUnit" line-rate="1" branch-rate="1" complexity="10">
      <classes>
        <class name="EricksonLopez.Result.Testing.XUnit.ResultAssertionXUnitException" filename="EricksonLopez.Result.Testing.XUnit/ResultAssertionXUnitException.cs" line-rate="1" branch-rate="1" complexity="6">
          <methods>
            <method name=".ctor" signature="()" line-rate="1" branch-rate="1" complexity="1">
              <lines>
                <line number="41" hits="1" branch="False" />
                <line number="42" hits="1" branch="False" />
                <line number="43" hits="1" branch="False" />
              </lines>
            </method>
            <method name=".ctor" signature="(System.String)" line-rate="1" branch-rate="1" complexity="1">
              <lines>
                <line number="50" hits="4" branch="False" />
                <line number="51" hits="4" branch="False" />
                <line number="52" hits="4" branch="False" />
              </lines>
            </method>
            <method name=".ctor" signature="(EricksonLopez.Result.Testing.ResultAssertionException)" line-rate="1" branch-rate="1" complexity="4">
              <lines>
                <line number="60" hits="2" branch="True" condition-coverage="100% (4/4)">
                  <conditions>
                    <condition number="2" type="jump" coverage="100%" />
                    <condition number="14" type="jump" coverage="100%" />
                  </conditions>
                </line>
                <line number="61" hits="2" branch="False" />
                <line number="62" hits="2" branch="False" />
              </lines>
            </method>
          </methods>
          <lines>
            <line number="41" hits="1" branch="False" />
            <line number="42" hits="1" branch="False" />
            <line number="43" hits="1" branch="False" />
            <line number="50" hits="4" branch="False" />
            <line number="51" hits="4" branch="False" />
            <line number="52" hits="4" branch="False" />
            <line number="60" hits="2" branch="True" condition-coverage="100% (4/4)">
              <conditions>
                <condition number="2" type="jump" coverage="100%" />
                <condition number="14" type="jump" coverage="100%" />
              </conditions>
            </line>
            <line number="61" hits="2" branch="False" />
            <line number="62" hits="2" branch="False" />
          </lines>
        </class>
        <class name="EricksonLopez.Result.Testing.XUnit.ResultXUnitAssertionConfig" filename="EricksonLopez.Result.Testing.XUnit/ResultXUnitAssertionConfig.cs" line-rate="1" branch-rate="1" complexity="4">
          <methods>
            <method name="AutoConfigure" signature="()" line-rate="1" branch-rate="1" complexity="1">
              <lines>
                <line number="51" hits="2" branch="False" />
              </lines>
            </method>
            <method name="UseXUnitExceptions" signature="()" line-rate="1" branch-rate="1" complexity="2">
              <lines>
                <line number="68" hits="8" branch="False" />
                <line number="72" hits="9" branch="True" condition-coverage="100% (2/2)">
                  <conditions>
                    <condition number="18" type="jump" coverage="100%" />
                  </conditions>
                </line>
                <line number="73" hits="7" branch="False" />
                <line number="74" hits="10" branch="False" />
                <line number="75" hits="8" branch="False" />
              </lines>
            </method>
            <method name="Reset" signature="()" line-rate="1" branch-rate="1" complexity="1">
              <lines>
                <line number="81" hits="21" branch="False" />
                <line number="82" hits="21" branch="False" />
                <line number="83" hits="39" branch="False" />
                <line number="84" hits="21" branch="False" />
              </lines>
            </method>
          </methods>
          <lines>
            <line number="51" hits="2" branch="False" />
            <line number="68" hits="8" branch="False" />
            <line number="72" hits="9" branch="True" condition-coverage="100% (2/2)">
              <conditions>
                <condition number="18" type="jump" coverage="100%" />
              </conditions>
            </line>
            <line number="73" hits="7" branch="False" />
            <line number="74" hits="10" branch="False" />
            <line number="75" hits="8" branch="False" />
            <line number="81" hits="21" branch="False" />
            <line number="82" hits="21" branch="False" />
            <line number="83" hits="39" branch="False" />
            <line number="84" hits="21" branch="False" />
          </lines>
        </class>
      </classes>
    </package>
  </packages>
</coverage>