<?xml version="1.0" encoding="utf-8"?>
<coverage line-rate="0.9847" branch-rate="0.9460999999999999" version="1.9" timestamp="1785585394" lines-covered="1803" lines-valid="1831" branches-covered="861" branches-valid="910">
  <sources>
    <source>D:/DevData/ericksonlopez.dev/dotnet-result/src/EricksonLopez.Result/</source>
  </sources>
  <packages>
    <package name="EricksonLopez.Result" line-rate="0.9847" branch-rate="0.9460999999999999" complexity="1017">
      <classes>
        <class name="EricksonLopez.Result.Error" filename="Error.cs" line-rate="1" branch-rate="0.97" complexity="140">
          <methods>
            <method name="get_TraceIdOverride" signature="()" line-rate="1" branch-rate="1" complexity="1">
              <lines>
                <line number="80" hits="24" branch="False" />
              </lines>
            </method>
            <method name="get_TraceIdValue" signature="()" line-rate="1" branch-rate="1" complexity="1">
              <lines>
                <line number="81" hits="24" branch="False" />
              </lines>
            </method>
            <method name="get_RawMetadata" signature="()" line-rate="1" branch-rate="1" complexity="1">
              <lines>
                <line number="82" hits="24" branch="False" />
              </lines>
            </method>
            <method name="get_RawInnerErrors" signature="()" line-rate="1" branch-rate="1" complexity="1">
              <lines>
                <line number="86" hits="24" branch="False" />
              </lines>
            </method>
            <method name="get_Code" signature="()" line-rate="1" branch-rate="1" complexity="1">
              <lines>
                <line number="89" hits="793" branch="False" />
              </lines>
            </method>
            <method name="get_Description" signature="()" line-rate="1" branch-rate="1" complexity="1">
              <lines>
                <line number="92" hits="432" branch="False" />
              </lines>
            </method>
            <method name="get_DescriptionKey" signature="()" line-rate="1" branch-rate="1" complexity="1">
              <lines>
                <line number="95" hits="238" branch="False" />
              </lines>
            </method>
            <method name="get_Type" signature="()" line-rate="1" branch-rate="1" complexity="1">
              <lines>
                <line number="98" hits="676" branch="False" />
              </lines>
            </method>
            <method name="get_Severity" signature="()" line-rate="1" branch-rate="1" complexity="1">
              <lines>
                <line number="101" hits="528" branch="False" />
              </lines>
            </method>
            <method name="get_Retryability" signature="()" line-rate="1" branch-rate="1" complexity="1">
              <lines>
                <line number="104" hits="434" branch="False" />
              </lines>
            </method>
            <method name="get_TraceId" signature="()" line-rate="1" branch-rate="1" complexity="6">
              <lines>
                <line number="114" hits="108" branch="False" />
                <line number="115" hits="145" branch="True" condition-coverage="100% (2/2)">
                  <conditions>
                    <condition number="15" type="jump" coverage="100%" />
                  </conditions>
                </line>
                <line number="116" hits="139" branch="True" condition-coverage="100% (2/2)">
                  <conditions>
                    <condition number="44" type="jump" coverage="100%" />
                  </conditions>
                </line>
                <line number="119" hits="3" branch="False" />
                <line number="120" hits="4" branch="True" condition-coverage="100% (2/2)">
                  <conditions>
                    <condition number="67" type="jump" coverage="100%" />
                  </conditions>
                </line>
                <line number="124" hits="2" branch="False" />
                <line number="125" hits="2" branch="False" />
                <line number="126" hits="2" branch="False" />
                <line number="127" hits="108" branch="False" />
              </lines>
            </method>
            <method name="get_CorrelationId" signature="()" line-rate="1" branch-rate="1" complexity="1">
              <lines>
                <line number="131" hits="358" branch="False" />
              </lines>
            </method>
            <method name="CreateFromBuilder" signature="(System.String,System.String,EricksonLopez.Result.ErrorType,EricksonLopez.Result.ErrorSeverity,EricksonLopez.Result.ErrorRetryability,System.String,System.String,System.String,System.Collections.Immutable.ImmutableArray`1&lt;EricksonLopez.Result.Error&gt;,System.Collections.Immutable.ImmutableDictionary`2&lt;System.String,System.Object&gt;)" line-rate="1" branch-rate="0.8332999999999999" complexity="6">
              <lines>
                <line number="248" hits="221" branch="False" />
                <line number="251" hits="221" branch="True" condition-coverage="83.33% (5/6)">
                  <conditions>
                    <condition number="29" type="jump" coverage="100%" />
                    <condition number="42" type="jump" coverage="100%" />
                    <condition number="52" type="jump" coverage="50%" />
                  </conditions>
                </line>
                <line number="252" hits="221" branch="False" />
                <line number="253" hits="221" branch="False" />
                <line number="254" hits="221" branch="False" />
                <line number="255" hits="221" branch="False" />
                <line number="256" hits="221" branch="False" />
                <line number="257" hits="221" branch="False" />
                <line number="258" hits="221" branch="False" />
                <line number="259" hits="221" branch="False" />
                <line number="260" hits="221" branch="False" />
                <line number="261" hits="221" branch="False" />
                <line number="265" hits="221" branch="False" />
              </lines>
            </method>
            <method name="get_InnerErrors" signature="()" line-rate="1" branch-rate="1" complexity="1">
              <lines>
                <line number="287" hits="135" branch="False" />
              </lines>
            </method>
            <method name="get_Metadata" signature="()" line-rate="1" branch-rate="1" complexity="2">
              <lines>
                <line number="313" hits="140" branch="True" condition-coverage="100% (2/2)">
                  <conditions>
                    <condition number="7" type="jump" coverage="100%" />
                  </conditions>
                </line>
              </lines>
            </method>
            <method name="get_HasInnerErrors" signature="()" line-rate="1" branch-rate="1" complexity="1">
              <lines>
                <line number="316" hits="265" branch="False" />
              </lines>
            </method>
            <method name="get_HasMetadata" signature="()" line-rate="1" branch-rate="1" complexity="2">
              <lines>
                <line number="320" hits="222" branch="True" condition-coverage="100% (2/2)">
                  <conditions>
                    <condition number="8" type="jump" coverage="100%" />
                  </conditions>
                </line>
              </lines>
            </method>
            <method name="TryGetMetadata" signature="(System.String,T&amp;)" line-rate="1" branch-rate="1" complexity="8">
              <lines>
                <line number="366" hits="12" branch="False" />
                <line number="367" hits="12" branch="False" />
                <line number="369" hits="10" branch="False" />
                <line number="370" hits="10" branch="True" condition-coverage="100% (2/2)">
                  <conditions>
                    <condition number="26" type="jump" coverage="100%" />
                  </conditions>
                </line>
                <line number="371" hits="3" branch="False" />
                <line number="372" hits="3" branch="False" />
                <line number="373" hits="3" branch="False" />
                <line number="376" hits="7" branch="True" condition-coverage="100% (2/2)">
                  <conditions>
                    <condition number="52" type="jump" coverage="100%" />
                  </conditions>
                </line>
                <line number="377" hits="1" branch="False" />
                <line number="378" hits="1" branch="False" />
                <line number="379" hits="1" branch="False" />
                <line number="382" hits="6" branch="True" condition-coverage="100% (4/4)">
                  <conditions>
                    <condition number="76" type="jump" coverage="100%" />
                    <condition number="93" type="jump" coverage="100%" />
                  </conditions>
                </line>
                <line number="383" hits="2" branch="False" />
                <line number="384" hits="2" branch="False" />
                <line number="385" hits="2" branch="False" />
                <line number="389" hits="4" branch="False" />
                <line number="390" hits="4" branch="False" />
                <line number="391" hits="4" branch="False" />
                <line number="392" hits="4" branch="False" />
                <line number="393" hits="4" branch="False" />
                <line number="395" hits="6" branch="False" />
              </lines>
            </method>
            <method name="GetMetadata" signature="(System.String)" line-rate="1" branch-rate="1" complexity="10">
              <lines>
                <line number="409" hits="11" branch="False" />
                <line number="410" hits="11" branch="False" />
                <line number="412" hits="9" branch="True" condition-coverage="100% (4/4)">
                  <conditions>
                    <condition number="19" type="jump" coverage="100%" />
                    <condition number="43" type="jump" coverage="100%" />
                  </conditions>
                </line>
                <line number="413" hits="2" branch="False" />
                <line number="415" hits="7" branch="True" condition-coverage="100% (4/4)">
                  <conditions>
                    <condition number="73" type="jump" coverage="100%" />
                    <condition number="88" type="jump" coverage="100%" />
                  </conditions>
                </line>
                <line number="416" hits="2" branch="False" />
                <line number="418" hits="5" branch="True" condition-coverage="100% (2/2)">
                  <conditions>
                    <condition number="106" type="jump" coverage="100%" />
                  </conditions>
                </line>
                <line number="419" hits="3" branch="False" />
                <line number="420" hits="3" branch="False" />
                <line number="422" hits="2" branch="False" />
                <line number="423" hits="2" branch="False" />
                <line number="424" hits="2" branch="False" />
                <line number="425" hits="2" branch="False" />
                <line number="426" hits="2" branch="False" />
                <line number="427" hits="2" branch="False" />
              </lines>
            </method>
            <method name="CreateSentinel" signature="(System.String,System.String,EricksonLopez.Result.ErrorType,EricksonLopez.Result.ErrorSeverity,EricksonLopez.Result.ErrorRetryability)" line-rate="1" branch-rate="1" complexity="1">
              <lines>
                <line number="440" hits="1" branch="False" />
                <line number="441" hits="1" branch="False" />
                <line number="442" hits="1" branch="False" />
                <line number="443" hits="1" branch="False" />
                <line number="444" hits="1" branch="False" />
                <line number="445" hits="1" branch="False" />
                <line number="446" hits="1" branch="False" />
              </lines>
            </method>
            <method name="Create" signature="(System.String,System.String)" line-rate="1" branch-rate="1" complexity="1">
              <lines>
                <line number="470" hits="203" branch="False" />
              </lines>
            </method>
            <method name="Custom" signature="(System.String,System.String,EricksonLopez.Result.ErrorType,EricksonLopez.Result.ErrorSeverity,EricksonLopez.Result.ErrorRetryability,System.String,System.String,System.String,System.Collections.Generic.IReadOnlyList`1&lt;EricksonLopez.Result.Error&gt;,System.Collections.Generic.IReadOnlyDictionary`2&lt;System.String,System.Object&gt;)" line-rate="1" branch-rate="1" complexity="1">
              <lines>
                <line number="489" hits="77" branch="False" />
              </lines>
            </method>
            <method name="Custom" signature="(System.String,System.String,EricksonLopez.Result.ErrorType,EricksonLopez.Result.ErrorSeverity,EricksonLopez.Result.ErrorRetryability,System.Collections.Generic.IReadOnlyDictionary`2&lt;System.String,System.Object&gt;,EricksonLopez.Result.Error[])" line-rate="1" branch-rate="1" complexity="1">
              <lines>
                <line number="505" hits="2" branch="False" />
              </lines>
            </method>
            <method name="Failure" signature="(System.String,System.String)" line-rate="1" branch-rate="1" complexity="1">
              <lines>
                <line number="510" hits="761" branch="False" />
              </lines>
            </method>
            <method name="Failure" signature="(System.String,System.String,EricksonLopez.Result.Error[])" line-rate="1" branch-rate="1" complexity="1">
              <lines>
                <line number="515" hits="40" branch="False" />
              </lines>
            </method>
            <method name="Validation" signature="(System.String,System.String)" line-rate="1" branch-rate="1" complexity="1">
              <lines>
                <line number="520" hits="49" branch="False" />
              </lines>
            </method>
            <method name="Validation" signature="(System.String,System.String,EricksonLopez.Result.Error[])" line-rate="1" branch-rate="1" complexity="1">
              <lines>
                <line number="525" hits="1" branch="False" />
              </lines>
            </method>
            <method name="NotFound" signature="(System.String,System.String)" line-rate="1" branch-rate="1" complexity="1">
              <lines>
                <line number="530" hits="21" branch="False" />
              </lines>
            </method>
            <method name="Conflict" signature="(System.String,System.String)" line-rate="1" branch-rate="1" complexity="1">
              <lines>
                <line number="535" hits="13" branch="False" />
              </lines>
            </method>
            <method name="Unauthorized" signature="(System.String,System.String)" line-rate="1" branch-rate="1" complexity="1">
              <lines>
                <line number="540" hits="3" branch="False" />
              </lines>
            </method>
            <method name="Forbidden" signature="(System.String,System.String)" line-rate="1" branch-rate="1" complexity="1">
              <lines>
                <line number="545" hits="2" branch="False" />
              </lines>
            </method>
            <method name="Unavailable" signature="(System.String,System.String)" line-rate="1" branch-rate="1" complexity="1">
              <lines>
                <line number="550" hits="3" branch="False" />
              </lines>
            </method>
            <method name="Unexpected" signature="(System.String,System.String)" line-rate="1" branch-rate="1" complexity="1">
              <lines>
                <line number="555" hits="17" branch="False" />
              </lines>
            </method>
            <method name="Domain" signature="(System.String,System.String)" line-rate="1" branch-rate="1" complexity="1">
              <lines>
                <line number="560" hits="1" branch="False" />
              </lines>
            </method>
            <method name="Infrastructure" signature="(System.String,System.String)" line-rate="1" branch-rate="1" complexity="1">
              <lines>
                <line number="565" hits="6" branch="False" />
              </lines>
            </method>
            <method name="WithMetadata" signature="(System.String,System.Object)" line-rate="1" branch-rate="1" complexity="2">
              <lines>
                <line number="588" hits="50" branch="False" />
                <line number="589" hits="50" branch="False" />
                <line number="591" hits="49" branch="True" condition-coverage="100% (2/2)">
                  <conditions>
                    <condition number="19" type="jump" coverage="100%" />
                  </conditions>
                </line>
                <line number="592" hits="49" branch="False" />
                <line number="593" hits="49" branch="False" />
                <line number="594" hits="49" branch="False" />
                <line number="595" hits="49" branch="False" />
                <line number="596" hits="49" branch="False" />
              </lines>
            </method>
            <method name="WithMetadata" signature="(System.Collections.Generic.IReadOnlyDictionary`2&lt;System.String,System.Object&gt;)" line-rate="1" branch-rate="1" complexity="6">
              <lines>
                <line number="605" hits="6" branch="False" />
                <line number="606" hits="6" branch="False" />
                <line number="607" hits="6" branch="True" condition-coverage="100% (2/2)">
                  <conditions>
                    <condition number="24" type="jump" coverage="100%" />
                  </conditions>
                </line>
                <line number="608" hits="4" branch="True" condition-coverage="100% (2/2)">
                  <conditions>
                    <condition number="39" type="jump" coverage="100%" />
                  </conditions>
                </line>
                <line number="609" hits="4" branch="False" />
                <line number="610" hits="4" branch="False" />
                <line number="612" hits="42" branch="True" condition-coverage="100% (2/2)">
                  <conditions>
                    <condition number="107" type="jump" coverage="100%" />
                  </conditions>
                </line>
                <line number="613" hits="15" branch="False" />
                <line number="614" hits="15" branch="False" />
                <line number="615" hits="15" branch="False" />
                <line number="617" hits="4" branch="False" />
                <line number="618" hits="5" branch="False" />
              </lines>
            </method>
            <method name="WithMetadata" signature="(System.Collections.Generic.IEnumerable`1&lt;System.Collections.Generic.KeyValuePair`2&lt;System.String,System.Object&gt;&gt;)" line-rate="1" branch-rate="1" complexity="6">
              <lines>
                <line number="627" hits="5" branch="False" />
                <line number="628" hits="5" branch="False" />
                <line number="629" hits="4" branch="True" condition-coverage="100% (2/2)">
                  <conditions>
                    <condition number="19" type="jump" coverage="100%" />
                  </conditions>
                </line>
                <line number="630" hits="4" branch="False" />
                <line number="631" hits="4" branch="False" />
                <line number="632" hits="4" branch="False" />
                <line number="633" hits="20" branch="True" condition-coverage="100% (2/2)">
                  <conditions>
                    <condition number="90" type="jump" coverage="100%" />
                  </conditions>
                </line>
                <line number="634" hits="4" branch="False" />
                <line number="635" hits="4" branch="False" />
                <line number="636" hits="4" branch="False" />
                <line number="637" hits="4" branch="False" />
                <line number="638" hits="5" branch="True" condition-coverage="100% (2/2)">
                  <conditions>
                    <condition number="113" type="jump" coverage="100%" />
                  </conditions>
                </line>
                <line number="639" hits="3" branch="False" />
                <line number="640" hits="4" branch="False" />
              </lines>
            </method>
            <method name="WithTraceId" signature="(System.String)" line-rate="1" branch-rate="1" complexity="1">
              <lines>
                <line number="656" hits="16" branch="False" />
              </lines>
            </method>
            <method name="WithTraceId" signature="(System.Diagnostics.ActivityTraceId)" line-rate="1" branch-rate="1" complexity="1">
              <lines>
                <line number="663" hits="4" branch="False" />
              </lines>
            </method>
            <method name="ClearTraceId" signature="()" line-rate="1" branch-rate="1" complexity="1">
              <lines>
                <line number="674" hits="1" branch="False" />
              </lines>
            </method>
            <method name="WithCorrelationId" signature="(System.String)" line-rate="1" branch-rate="1" complexity="1">
              <lines>
                <line number="678" hits="7" branch="False" />
              </lines>
            </method>
            <method name="WithDescriptionKey" signature="(System.String)" line-rate="1" branch-rate="1" complexity="1">
              <lines>
                <line number="682" hits="8" branch="False" />
              </lines>
            </method>
            <method name="WithRetryability" signature="(EricksonLopez.Result.ErrorRetryability)" line-rate="1" branch-rate="1" complexity="1">
              <lines>
                <line number="686" hits="5" branch="False" />
              </lines>
            </method>
            <method name="ToBuilder" signature="()" line-rate="1" branch-rate="1" complexity="1">
              <lines>
                <line number="702" hits="22" branch="False" />
              </lines>
            </method>
            <method name="Equals" signature="(EricksonLopez.Result.Error)" line-rate="1" branch-rate="1" complexity="12">
              <lines>
                <line number="731" hits="55" branch="False" />
                <line number="732" hits="61" branch="True" condition-coverage="100% (2/2)">
                  <conditions>
                    <condition number="7" type="jump" coverage="100%" />
                  </conditions>
                </line>
                <line number="733" hits="52" branch="True" condition-coverage="100% (2/2)">
                  <conditions>
                    <condition number="19" type="jump" coverage="100%" />
                  </conditions>
                </line>
                <line number="735" hits="46" branch="True" condition-coverage="100% (8/8)">
                  <conditions>
                    <condition number="43" type="jump" coverage="100%" />
                    <condition number="63" type="jump" coverage="100%" />
                    <condition number="77" type="jump" coverage="100%" />
                    <condition number="91" type="jump" coverage="100%" />
                  </conditions>
                </line>
                <line number="736" hits="46" branch="False" />
                <line number="737" hits="46" branch="False" />
                <line number="738" hits="46" branch="False" />
                <line number="739" hits="46" branch="False" />
                <line number="740" hits="55" branch="False" />
              </lines>
            </method>
            <method name="Equals" signature="(System.Object)" line-rate="1" branch-rate="1" complexity="1">
              <lines>
                <line number="743" hits="3" branch="False" />
              </lines>
            </method>
            <method name="GetHashCode" signature="()" line-rate="1" branch-rate="1" complexity="1">
              <lines>
                <line number="776" hits="11" branch="False" />
              </lines>
            </method>
            <method name="StrictEquals" signature="(EricksonLopez.Result.Error)" line-rate="1" branch-rate="1" complexity="26">
              <lines>
                <line number="791" hits="36" branch="False" />
                <line number="792" hits="44" branch="True" condition-coverage="100% (2/2)">
                  <conditions>
                    <condition number="13" type="jump" coverage="100%" />
                  </conditions>
                </line>
                <line number="798" hits="28" branch="False" />
                <line number="799" hits="28" branch="True" condition-coverage="100% (2/2)">
                  <conditions>
                    <condition number="33" type="jump" coverage="100%" />
                  </conditions>
                </line>
                <line number="800" hits="8" branch="False" />
                <line number="802" hits="20" branch="True" condition-coverage="100% (4/4)">
                  <conditions>
                    <condition number="54" type="jump" coverage="100%" />
                    <condition number="80" type="jump" coverage="100%" />
                  </conditions>
                </line>
                <line number="803" hits="5" branch="False" />
                <line number="805" hits="15" branch="True" condition-coverage="100% (2/2)">
                  <conditions>
                    <condition number="99" type="jump" coverage="100%" />
                  </conditions>
                </line>
                <line number="806" hits="6" branch="False" />
                <line number="809" hits="6" branch="False" />
                <line number="810" hits="6" branch="False" />
                <line number="811" hits="7" branch="True" condition-coverage="100% (2/2)">
                  <conditions>
                    <condition number="141" type="jump" coverage="100%" />
                  </conditions>
                </line>
                <line number="812" hits="16" branch="True" condition-coverage="100% (2/2)">
                  <conditions>
                    <condition number="217" type="jump" coverage="100%" />
                  </conditions>
                </line>
                <line number="813" hits="6" branch="False" />
                <line number="814" hits="9" branch="True" condition-coverage="100% (2/2)">
                  <conditions>
                    <condition number="186" type="jump" coverage="100%" />
                  </conditions>
                </line>
                <line number="815" hits="3" branch="False" />
                <line number="816" hits="2" branch="False" />
                <line number="818" hits="11" branch="True" condition-coverage="100% (2/2)">
                  <conditions>
                    <condition number="230" type="jump" coverage="100%" />
                  </conditions>
                </line>
                <line number="819" hits="5" branch="False" />
                <line number="822" hits="5" branch="False" />
                <line number="823" hits="5" branch="False" />
                <line number="824" hits="6" branch="True" condition-coverage="100% (2/2)">
                  <conditions>
                    <condition number="275" type="jump" coverage="100%" />
                  </conditions>
                </line>
                <line number="825" hits="19" branch="True" condition-coverage="100% (2/2)">
                  <conditions>
                    <condition number="359" type="jump" coverage="100%" />
                  </conditions>
                </line>
                <line number="826" hits="5" branch="False" />
                <line number="827" hits="5" branch="True" condition-coverage="100% (4/4)">
                  <conditions>
                    <condition number="319" type="jump" coverage="100%" />
                    <condition number="345" type="jump" coverage="100%" />
                  </conditions>
                </line>
                <line number="828" hits="3" branch="False" />
                <line number="829" hits="2" branch="False" />
                <line number="830" hits="1" branch="False" />
                <line number="832" hits="7" branch="False" />
                <line number="833" hits="36" branch="False" />
              </lines>
            </method>
            <method name="ToString" signature="()" line-rate="1" branch-rate="1" complexity="1">
              <lines>
                <line number="854" hits="2" branch="False" />
              </lines>
            </method>
            <method name=".ctor" signature="(System.String,System.String,EricksonLopez.Result.ErrorType,EricksonLopez.Result.ErrorSeverity,EricksonLopez.Result.ErrorRetryability,System.String,System.String,System.String,System.Collections.Generic.IReadOnlyList`1&lt;EricksonLopez.Result.Error&gt;,System.Collections.Generic.IReadOnlyDictionary`2&lt;System.String,System.Object&gt;)" line-rate="1" branch-rate="0.8571" complexity="14">
              <lines>
                <line number="152" hits="1006" branch="False" />
                <line number="153" hits="1006" branch="False" />
                <line number="154" hits="1006" branch="False" />
                <line number="155" hits="1006" branch="False" />
                <line number="156" hits="1006" branch="False" />
                <line number="157" hits="1006" branch="False" />
                <line number="158" hits="1006" branch="False" />
                <line number="159" hits="1006" branch="False" />
                <line number="160" hits="1006" branch="False" />
                <line number="161" hits="1006" branch="False" />
                <line number="162" hits="1006" branch="False" />
                <line number="163" hits="1006" branch="False" />
                <line number="164" hits="1006" branch="False" />
                <line number="165" hits="1002" branch="False" />
                <line number="167" hits="999" branch="False" />
                <line number="168" hits="999" branch="False" />
                <line number="169" hits="999" branch="False" />
                <line number="170" hits="999" branch="False" />
                <line number="171" hits="999" branch="False" />
                <line number="172" hits="999" branch="False" />
                <line number="173" hits="999" branch="False" />
                <line number="179" hits="999" branch="True" condition-coverage="83.33% (5/6)">
                  <conditions>
                    <condition number="88" type="jump" coverage="100%" />
                    <condition number="98" type="jump" coverage="50%" />
                    <condition number="114" type="jump" coverage="100%" />
                  </conditions>
                </line>
                <line number="180" hits="999" branch="False" />
                <line number="181" hits="999" branch="False" />
                <line number="183" hits="999" branch="True" condition-coverage="75% (3/4)">
                  <conditions>
                    <condition number="144" type="jump" coverage="100%" />
                    <condition number="154" type="jump" coverage="50%" />
                  </conditions>
                </line>
                <line number="185" hits="999" branch="True" condition-coverage="100% (2/2)">
                  <conditions>
                    <condition number="178" type="jump" coverage="100%" />
                  </conditions>
                </line>
                <line number="186" hits="3" branch="False" />
                <line number="188" hits="3" branch="False" />
                <line number="189" hits="3" branch="False" />
                <line number="190" hits="996" branch="True" condition-coverage="100% (2/2)">
                  <conditions>
                    <condition number="204" type="jump" coverage="100%" />
                  </conditions>
                </line>
                <line number="191" hits="4" branch="False" />
                <line number="193" hits="4" branch="False" />
                <line number="194" hits="4" branch="False" />
                <line number="196" hits="999" branch="False" />
              </lines>
            </method>
            <method name=".ctor" signature="(System.String,System.String,EricksonLopez.Result.ErrorType,EricksonLopez.Result.ErrorSeverity,EricksonLopez.Result.ErrorRetryability,System.String,System.String,System.Nullable`1&lt;System.Diagnostics.ActivityTraceId&gt;,System.String,System.Collections.Immutable.ImmutableArray`1&lt;EricksonLopez.Result.Error&gt;,System.Collections.Immutable.ImmutableDictionary`2&lt;System.String,System.Object&gt;)" line-rate="1" branch-rate="1" complexity="1">
              <lines>
                <line number="200" hits="319" branch="False" />
                <line number="201" hits="319" branch="False" />
                <line number="202" hits="319" branch="False" />
                <line number="203" hits="319" branch="False" />
                <line number="204" hits="319" branch="False" />
                <line number="205" hits="319" branch="False" />
                <line number="206" hits="319" branch="False" />
                <line number="207" hits="319" branch="False" />
                <line number="208" hits="319" branch="False" />
                <line number="209" hits="319" branch="False" />
                <line number="210" hits="319" branch="False" />
                <line number="211" hits="319" branch="False" />
                <line number="212" hits="319" branch="False" />
                <line number="213" hits="319" branch="False" />
                <line number="214" hits="319" branch="False" />
                <line number="215" hits="319" branch="False" />
                <line number="216" hits="319" branch="False" />
                <line number="217" hits="319" branch="False" />
                <line number="218" hits="319" branch="False" />
                <line number="219" hits="319" branch="False" />
                <line number="220" hits="319" branch="False" />
                <line number="221" hits="319" branch="False" />
                <line number="222" hits="319" branch="False" />
                <line number="223" hits="319" branch="False" />
                <line number="224" hits="319" branch="False" />
              </lines>
            </method>
          </methods>
          <lines>
            <line number="80" hits="24" branch="False" />
            <line number="81" hits="24" branch="False" />
            <line number="82" hits="24" branch="False" />
            <line number="86" hits="24" branch="False" />
            <line number="89" hits="793" branch="False" />
            <line number="92" hits="432" branch="False" />
            <line number="95" hits="238" branch="False" />
            <line number="98" hits="676" branch="False" />
            <line number="101" hits="528" branch="False" />
            <line number="104" hits="434" branch="False" />
            <line number="114" hits="108" branch="False" />
            <line number="115" hits="145" branch="True" condition-coverage="100% (2/2)">
              <conditions>
                <condition number="15" type="jump" coverage="100%" />
              </conditions>
            </line>
            <line number="116" hits="139" branch="True" condition-coverage="100% (2/2)">
              <conditions>
                <condition number="44" type="jump" coverage="100%" />
              </conditions>
            </line>
            <line number="119" hits="3" branch="False" />
            <line number="120" hits="4" branch="True" condition-coverage="100% (2/2)">
              <conditions>
                <condition number="67" type="jump" coverage="100%" />
              </conditions>
            </line>
            <line number="124" hits="2" branch="False" />
            <line number="125" hits="2" branch="False" />
            <line number="126" hits="2" branch="False" />
            <line number="127" hits="108" branch="False" />
            <line number="131" hits="358" branch="False" />
            <line number="248" hits="221" branch="False" />
            <line number="251" hits="221" branch="True" condition-coverage="83.33% (5/6)">
              <conditions>
                <condition number="29" type="jump" coverage="100%" />
                <condition number="42" type="jump" coverage="100%" />
                <condition number="52" type="jump" coverage="50%" />
              </conditions>
            </line>
            <line number="252" hits="221" branch="False" />
            <line number="253" hits="221" branch="False" />
            <line number="254" hits="221" branch="False" />
            <line number="255" hits="221" branch="False" />
            <line number="256" hits="221" branch="False" />
            <line number="257" hits="221" branch="False" />
            <line number="258" hits="221" branch="False" />
            <line number="259" hits="221" branch="False" />
            <line number="260" hits="221" branch="False" />
            <line number="261" hits="221" branch="False" />
            <line number="265" hits="221" branch="False" />
            <line number="287" hits="135" branch="False" />
            <line number="313" hits="140" branch="True" condition-coverage="100% (2/2)">
              <conditions>
                <condition number="7" type="jump" coverage="100%" />
              </conditions>
            </line>
            <line number="316" hits="265" branch="False" />
            <line number="320" hits="222" branch="True" condition-coverage="100% (2/2)">
              <conditions>
                <condition number="8" type="jump" coverage="100%" />
              </conditions>
            </line>
            <line number="366" hits="12" branch="False" />
            <line number="367" hits="12" branch="False" />
            <line number="369" hits="10" branch="False" />
            <line number="370" hits="10" branch="True" condition-coverage="100% (2/2)">
              <conditions>
                <condition number="26" type="jump" coverage="100%" />
              </conditions>
            </line>
            <line number="371" hits="3" branch="False" />
            <line number="372" hits="3" branch="False" />
            <line number="373" hits="3" branch="False" />
            <line number="376" hits="7" branch="True" condition-coverage="100% (2/2)">
              <conditions>
                <condition number="52" type="jump" coverage="100%" />
              </conditions>
            </line>
            <line number="377" hits="1" branch="False" />
            <line number="378" hits="1" branch="False" />
            <line number="379" hits="1" branch="False" />
            <line number="382" hits="6" branch="True" condition-coverage="100% (4/4)">
              <conditions>
                <condition number="76" type="jump" coverage="100%" />
                <condition number="93" type="jump" coverage="100%" />
              </conditions>
            </line>
            <line number="383" hits="2" branch="False" />
            <line number="384" hits="2" branch="False" />
            <line number="385" hits="2" branch="False" />
            <line number="389" hits="4" branch="False" />
            <line number="390" hits="4" branch="False" />
            <line number="391" hits="4" branch="False" />
            <line number="392" hits="4" branch="False" />
            <line number="393" hits="4" branch="False" />
            <line number="395" hits="6" branch="False" />
            <line number="409" hits="11" branch="False" />
            <line number="410" hits="11" branch="False" />
            <line number="412" hits="9" branch="True" condition-coverage="100% (4/4)">
              <conditions>
                <condition number="19" type="jump" coverage="100%" />
                <condition number="43" type="jump" coverage="100%" />
              </conditions>
            </line>
            <line number="413" hits="2" branch="False" />
            <line number="415" hits="7" branch="True" condition-coverage="100% (4/4)">
              <conditions>
                <condition number="73" type="jump" coverage="100%" />
                <condition number="88" type="jump" coverage="100%" />
              </conditions>
            </line>
            <line number="416" hits="2" branch="False" />
            <line number="418" hits="5" branch="True" condition-coverage="100% (2/2)">
              <conditions>
                <condition number="106" type="jump" coverage="100%" />
              </conditions>
            </line>
            <line number="419" hits="3" branch="False" />
            <line number="420" hits="3" branch="False" />
            <line number="422" hits="2" branch="False" />
            <line number="423" hits="2" branch="False" />
            <line number="424" hits="2" branch="False" />
            <line number="425" hits="2" branch="False" />
            <line number="426" hits="2" branch="False" />
            <line number="427" hits="2" branch="False" />
            <line number="440" hits="1" branch="False" />
            <line number="441" hits="1" branch="False" />
            <line number="442" hits="1" branch="False" />
            <line number="443" hits="1" branch="False" />
            <line number="444" hits="1" branch="False" />
            <line number="445" hits="1" branch="False" />
            <line number="446" hits="1" branch="False" />
            <line number="470" hits="203" branch="False" />
            <line number="489" hits="77" branch="False" />
            <line number="505" hits="2" branch="False" />
            <line number="510" hits="761" branch="False" />
            <line number="515" hits="40" branch="False" />
            <line number="520" hits="49" branch="False" />
            <line number="525" hits="1" branch="False" />
            <line number="530" hits="21" branch="False" />
            <line number="535" hits="13" branch="False" />
            <line number="540" hits="3" branch="False" />
            <line number="545" hits="2" branch="False" />
            <line number="550" hits="3" branch="False" />
            <line number="555" hits="17" branch="False" />
            <line number="560" hits="1" branch="False" />
            <line number="565" hits="6" branch="False" />
            <line number="588" hits="50" branch="False" />
            <line number="589" hits="50" branch="False" />
            <line number="591" hits="49" branch="True" condition-coverage="100% (2/2)">
              <conditions>
                <condition number="19" type="jump" coverage="100%" />
              </conditions>
            </line>
            <line number="592" hits="49" branch="False" />
            <line number="593" hits="49" branch="False" />
            <line number="594" hits="49" branch="False" />
            <line number="595" hits="49" branch="False" />
            <line number="596" hits="49" branch="False" />
            <line number="605" hits="6" branch="False" />
            <line number="606" hits="6" branch="False" />
            <line number="607" hits="6" branch="True" condition-coverage="100% (2/2)">
              <conditions>
                <condition number="24" type="jump" coverage="100%" />
              </conditions>
            </line>
            <line number="608" hits="4" branch="True" condition-coverage="100% (2/2)">
              <conditions>
                <condition number="39" type="jump" coverage="100%" />
              </conditions>
            </line>
            <line number="609" hits="4" branch="False" />
            <line number="610" hits="4" branch="False" />
            <line number="612" hits="42" branch="True" condition-coverage="100% (2/2)">
              <conditions>
                <condition number="107" type="jump" coverage="100%" />
              </conditions>
            </line>
            <line number="613" hits="15" branch="False" />
            <line number="614" hits="15" branch="False" />
            <line number="615" hits="15" branch="False" />
            <line number="617" hits="4" branch="False" />
            <line number="618" hits="5" branch="False" />
            <line number="627" hits="5" branch="False" />
            <line number="628" hits="5" branch="False" />
            <line number="629" hits="4" branch="True" condition-coverage="100% (2/2)">
              <conditions>
                <condition number="19" type="jump" coverage="100%" />
              </conditions>
            </line>
            <line number="630" hits="4" branch="False" />
            <line number="631" hits="4" branch="False" />
            <line number="632" hits="4" branch="False" />
            <line number="633" hits="20" branch="True" condition-coverage="100% (2/2)">
              <conditions>
                <condition number="90" type="jump" coverage="100%" />
              </conditions>
            </line>
            <line number="634" hits="4" branch="False" />
            <line number="635" hits="4" branch="False" />
            <line number="636" hits="4" branch="False" />
            <line number="637" hits="4" branch="False" />
            <line number="638" hits="5" branch="True" condition-coverage="100% (2/2)">
              <conditions>
                <condition number="113" type="jump" coverage="100%" />
              </conditions>
            </line>
            <line number="639" hits="3" branch="False" />
            <line number="640" hits="4" branch="False" />
            <line number="656" hits="16" branch="False" />
            <line number="663" hits="4" branch="False" />
            <line number="674" hits="1" branch="False" />
            <line number="678" hits="7" branch="False" />
            <line number="682" hits="8" branch="False" />
            <line number="686" hits="5" branch="False" />
            <line number="702" hits="22" branch="False" />
            <line number="731" hits="55" branch="False" />
            <line number="732" hits="61" branch="True" condition-coverage="100% (2/2)">
              <conditions>
                <condition number="7" type="jump" coverage="100%" />
              </conditions>
            </line>
            <line number="733" hits="52" branch="True" condition-coverage="100% (2/2)">
              <conditions>
                <condition number="19" type="jump" coverage="100%" />
              </conditions>
            </line>
            <line number="735" hits="46" branch="True" condition-coverage="100% (8/8)">
              <conditions>
                <condition number="43" type="jump" coverage="100%" />
                <condition number="63" type="jump" coverage="100%" />
                <condition number="77" type="jump" coverage="100%" />
                <condition number="91" type="jump" coverage="100%" />
              </conditions>
            </line>
            <line number="736" hits="46" branch="False" />
            <line number="737" hits="46" branch="False" />
            <line number="738" hits="46" branch="False" />
            <line number="739" hits="46" branch="False" />
            <line number="740" hits="55" branch="False" />
            <line number="743" hits="3" branch="False" />
            <line number="776" hits="11" branch="False" />
            <line number="791" hits="36" branch="False" />
            <line number="792" hits="44" branch="True" condition-coverage="100% (2/2)">
              <conditions>
                <condition number="13" type="jump" coverage="100%" />
              </conditions>
            </line>
            <line number="798" hits="28" branch="False" />
            <line number="799" hits="28" branch="True" condition-coverage="100% (2/2)">
              <conditions>
                <condition number="33" type="jump" coverage="100%" />
              </conditions>
            </line>
            <line number="800" hits="8" branch="False" />
            <line number="802" hits="20" branch="True" condition-coverage="100% (4/4)">
              <conditions>
                <condition number="54" type="jump" coverage="100%" />
                <condition number="80" type="jump" coverage="100%" />
              </conditions>
            </line>
            <line number="803" hits="5" branch="False" />
            <line number="805" hits="15" branch="True" condition-coverage="100% (2/2)">
              <conditions>
                <condition number="99" type="jump" coverage="100%" />
              </conditions>
            </line>
            <line number="806" hits="6" branch="False" />
            <line number="809" hits="6" branch="False" />
            <line number="810" hits="6" branch="False" />
            <line number="811" hits="7" branch="True" condition-coverage="100% (2/2)">
              <conditions>
                <condition number="141" type="jump" coverage="100%" />
              </conditions>
            </line>
            <line number="812" hits="16" branch="True" condition-coverage="100% (2/2)">
              <conditions>
                <condition number="217" type="jump" coverage="100%" />
              </conditions>
            </line>
            <line number="813" hits="6" branch="False" />
            <line number="814" hits="9" branch="True" condition-coverage="100% (2/2)">
              <conditions>
                <condition number="186" type="jump" coverage="100%" />
              </conditions>
            </line>
            <line number="815" hits="3" branch="False" />
            <line number="816" hits="2" branch="False" />
            <line number="818" hits="11" branch="True" condition-coverage="100% (2/2)">
              <conditions>
                <condition number="230" type="jump" coverage="100%" />
              </conditions>
            </line>
            <line number="819" hits="5" branch="False" />
            <line number="822" hits="5" branch="False" />
            <line number="823" hits="5" branch="False" />
            <line number="824" hits="6" branch="True" condition-coverage="100% (2/2)">
              <conditions>
                <condition number="275" type="jump" coverage="100%" />
              </conditions>
            </line>
            <line number="825" hits="19" branch="True" condition-coverage="100% (2/2)">
              <conditions>
                <condition number="359" type="jump" coverage="100%" />
              </conditions>
            </line>
            <line number="826" hits="5" branch="False" />
            <line number="827" hits="5" branch="True" condition-coverage="100% (4/4)">
              <conditions>
                <condition number="319" type="jump" coverage="100%" />
                <condition number="345" type="jump" coverage="100%" />
              </conditions>
            </line>
            <line number="828" hits="3" branch="False" />
            <line number="829" hits="2" branch="False" />
            <line number="830" hits="1" branch="False" />
            <line number="832" hits="7" branch="False" />
            <line number="833" hits="36" branch="False" />
            <line number="854" hits="2" branch="False" />
            <line number="152" hits="1006" branch="False" />
            <line number="153" hits="1006" branch="False" />
            <line number="154" hits="1006" branch="False" />
            <line number="155" hits="1006" branch="False" />
            <line number="156" hits="1006" branch="False" />
            <line number="157" hits="1006" branch="False" />
            <line number="158" hits="1006" branch="False" />
            <line number="159" hits="1006" branch="False" />
            <line number="160" hits="1006" branch="False" />
            <line number="161" hits="1006" branch="False" />
            <line number="162" hits="1006" branch="False" />
            <line number="163" hits="1006" branch="False" />
            <line number="164" hits="1006" branch="False" />
            <line number="165" hits="1002" branch="False" />
            <line number="167" hits="999" branch="False" />
            <line number="168" hits="999" branch="False" />
            <line number="169" hits="999" branch="False" />
            <line number="170" hits="999" branch="False" />
            <line number="171" hits="999" branch="False" />
            <line number="172" hits="999" branch="False" />
            <line number="173" hits="999" branch="False" />
            <line number="179" hits="999" branch="True" condition-coverage="83.33% (5/6)">
              <conditions>
                <condition number="88" type="jump" coverage="100%" />
                <condition number="98" type="jump" coverage="50%" />
                <condition number="114" type="jump" coverage="100%" />
              </conditions>
            </line>
            <line number="180" hits="999" branch="False" />
            <line number="181" hits="999" branch="False" />
            <line number="183" hits="999" branch="True" condition-coverage="75% (3/4)">
              <conditions>
                <condition number="144" type="jump" coverage="100%" />
                <condition number="154" type="jump" coverage="50%" />
              </conditions>
            </line>
            <line number="185" hits="999" branch="True" condition-coverage="100% (2/2)">
              <conditions>
                <condition number="178" type="jump" coverage="100%" />
              </conditions>
            </line>
            <line number="186" hits="3" branch="False" />
            <line number="188" hits="3" branch="False" />
            <line number="189" hits="3" branch="False" />
            <line number="190" hits="996" branch="True" condition-coverage="100% (2/2)">
              <conditions>
                <condition number="204" type="jump" coverage="100%" />
              </conditions>
            </line>
            <line number="191" hits="4" branch="False" />
            <line number="193" hits="4" branch="False" />
            <line number="194" hits="4" branch="False" />
            <line number="196" hits="999" branch="False" />
            <line number="200" hits="319" branch="False" />
            <line number="201" hits="319" branch="False" />
            <line number="202" hits="319" branch="False" />
            <line number="203" hits="319" branch="False" />
            <line number="204" hits="319" branch="False" />
            <line number="205" hits="319" branch="False" />
            <line number="206" hits="319" branch="False" />
            <line number="207" hits="319" branch="False" />
            <line number="208" hits="319" branch="False" />
            <line number="209" hits="319" branch="False" />
            <line number="210" hits="319" branch="False" />
            <line number="211" hits="319" branch="False" />
            <line number="212" hits="319" branch="False" />
            <line number="213" hits="319" branch="False" />
            <line number="214" hits="319" branch="False" />
            <line number="215" hits="319" branch="False" />
            <line number="216" hits="319" branch="False" />
            <line number="217" hits="319" branch="False" />
            <line number="218" hits="319" branch="False" />
            <line number="219" hits="319" branch="False" />
            <line number="220" hits="319" branch="False" />
            <line number="221" hits="319" branch="False" />
            <line number="222" hits="319" branch="False" />
            <line number="223" hits="319" branch="False" />
            <line number="224" hits="319" branch="False" />
          </lines>
        </class>
        <class name="EricksonLopez.Result.ErrorBuilder" filename="ErrorBuilder.cs" line-rate="1" branch-rate="1" complexity="19">
          <methods>
            <method name="FromError" signature="(EricksonLopez.Result.Error)" line-rate="1" branch-rate="1" complexity="2">
              <lines>
                <line number="130" hits="24" branch="False" />
                <line number="136" hits="24" branch="True" condition-coverage="100% (2/2)">
                  <conditions>
                    <condition number="68" type="jump" coverage="100%" />
                  </conditions>
                </line>
                <line number="137" hits="24" branch="False" />
                <line number="138" hits="24" branch="False" />
                <line number="139" hits="24" branch="False" />
                <line number="140" hits="24" branch="False" />
                <line number="141" hits="24" branch="False" />
                <line number="142" hits="24" branch="False" />
                <line number="143" hits="24" branch="False" />
                <line number="144" hits="24" branch="False" />
                <line number="145" hits="24" branch="False" />
                <line number="146" hits="24" branch="False" />
                <line number="147" hits="24" branch="False" />
                <line number="148" hits="24" branch="False" />
              </lines>
            </method>
            <method name="WithType" signature="(EricksonLopez.Result.ErrorType)" line-rate="1" branch-rate="1" complexity="1">
              <lines>
                <line number="152" hits="135" branch="False" />
              </lines>
            </method>
            <method name="WithSeverity" signature="(EricksonLopez.Result.ErrorSeverity)" line-rate="1" branch-rate="1" complexity="1">
              <lines>
                <line number="156" hits="118" branch="False" />
              </lines>
            </method>
            <method name="WithRetryability" signature="(EricksonLopez.Result.ErrorRetryability)" line-rate="1" branch-rate="1" complexity="1">
              <lines>
                <line number="160" hits="70" branch="False" />
              </lines>
            </method>
            <method name="WithTraceId" signature="(System.String)" line-rate="1" branch-rate="1" complexity="1">
              <lines>
                <line number="168" hits="56" branch="False" />
              </lines>
            </method>
            <method name="WithTraceId" signature="(System.Diagnostics.ActivityTraceId)" line-rate="1" branch-rate="1" complexity="1">
              <lines>
                <line number="175" hits="1" branch="False" />
              </lines>
            </method>
            <method name="WithCorrelationId" signature="(System.String)" line-rate="1" branch-rate="1" complexity="1">
              <lines>
                <line number="179" hits="53" branch="False" />
              </lines>
            </method>
            <method name="WithDescriptionKey" signature="(System.String)" line-rate="1" branch-rate="1" complexity="1">
              <lines>
                <line number="183" hits="4" branch="False" />
              </lines>
            </method>
            <method name="WithMetadata" signature="(System.String,System.Object)" line-rate="1" branch-rate="1" complexity="1">
              <lines>
                <line number="187" hits="100" branch="False" />
              </lines>
            </method>
            <method name="WithMetadata" signature="(System.Collections.Generic.IEnumerable`1&lt;System.Collections.Generic.KeyValuePair`2&lt;System.String,System.Object&gt;&gt;)" line-rate="1" branch-rate="1" complexity="1">
              <lines>
                <line number="191" hits="27" branch="False" />
              </lines>
            </method>
            <method name="WithInnerError" signature="(EricksonLopez.Result.Error)" line-rate="1" branch-rate="1" complexity="2">
              <lines>
                <line number="207" hits="11" branch="False" />
                <line number="208" hits="11" branch="True" condition-coverage="100% (2/2)">
                  <conditions>
                    <condition number="12" type="jump" coverage="100%" />
                  </conditions>
                </line>
                <line number="209" hits="11" branch="False" />
                <line number="210" hits="11" branch="False" />
                <line number="211" hits="11" branch="False" />
                <line number="212" hits="11" branch="False" />
              </lines>
            </method>
            <method name="WithInnerErrors" signature="(System.Collections.Generic.IEnumerable`1&lt;EricksonLopez.Result.Error&gt;)" line-rate="1" branch-rate="1" complexity="4">
              <lines>
                <line number="220" hits="18" branch="False" />
                <line number="221" hits="18" branch="True" condition-coverage="100% (2/2)">
                  <conditions>
                    <condition number="12" type="jump" coverage="100%" />
                  </conditions>
                </line>
                <line number="222" hits="18" branch="False" />
                <line number="223" hits="18" branch="False" />
                <line number="224" hits="18" branch="True" condition-coverage="100% (2/2)">
                  <conditions>
                    <condition number="96" type="jump" coverage="100%" />
                  </conditions>
                </line>
                <line number="225" hits="18" branch="False" />
                <line number="226" hits="18" branch="False" />
                <line number="227" hits="18" branch="False" />
              </lines>
            </method>
            <method name=".ctor" signature="(System.String,System.String)" line-rate="1" branch-rate="1" complexity="1">
              <lines>
                <line number="80" hits="203" branch="False" />
                <line number="81" hits="203" branch="False" />
                <line number="82" hits="200" branch="False" />
                <line number="83" hits="197" branch="False" />
                <line number="84" hits="197" branch="False" />
                <line number="85" hits="197" branch="False" />
                <line number="86" hits="197" branch="False" />
                <line number="87" hits="197" branch="False" />
                <line number="88" hits="197" branch="False" />
                <line number="89" hits="197" branch="False" />
              </lines>
            </method>
            <method name=".ctor" signature="(System.String,System.String,EricksonLopez.Result.ErrorType,EricksonLopez.Result.ErrorSeverity,EricksonLopez.Result.ErrorRetryability,System.String,System.String,System.Nullable`1&lt;System.Diagnostics.ActivityTraceId&gt;,System.String,System.Collections.Immutable.ImmutableArray`1&lt;EricksonLopez.Result.Error&gt;,System.Collections.Immutable.ImmutableDictionary`2&lt;System.String,System.Object&gt;)" line-rate="1" branch-rate="1" complexity="1">
              <lines>
                <line number="104" hits="617" branch="False" />
                <line number="105" hits="617" branch="False" />
                <line number="106" hits="617" branch="False" />
                <line number="107" hits="617" branch="False" />
                <line number="108" hits="617" branch="False" />
                <line number="109" hits="617" branch="False" />
                <line number="110" hits="617" branch="False" />
                <line number="111" hits="617" branch="False" />
                <line number="112" hits="617" branch="False" />
                <line number="113" hits="617" branch="False" />
                <line number="114" hits="617" branch="False" />
                <line number="115" hits="617" branch="False" />
                <line number="116" hits="617" branch="False" />
              </lines>
            </method>
          </methods>
          <lines>
            <line number="130" hits="24" branch="False" />
            <line number="136" hits="24" branch="True" condition-coverage="100% (2/2)">
              <conditions>
                <condition number="68" type="jump" coverage="100%" />
              </conditions>
            </line>
            <line number="137" hits="24" branch="False" />
            <line number="138" hits="24" branch="False" />
            <line number="139" hits="24" branch="False" />
            <line number="140" hits="24" branch="False" />
            <line number="141" hits="24" branch="False" />
            <line number="142" hits="24" branch="False" />
            <line number="143" hits="24" branch="False" />
            <line number="144" hits="24" branch="False" />
            <line number="145" hits="24" branch="False" />
            <line number="146" hits="24" branch="False" />
            <line number="147" hits="24" branch="False" />
            <line number="148" hits="24" branch="False" />
            <line number="152" hits="135" branch="False" />
            <line number="156" hits="118" branch="False" />
            <line number="160" hits="70" branch="False" />
            <line number="168" hits="56" branch="False" />
            <line number="175" hits="1" branch="False" />
            <line number="179" hits="53" branch="False" />
            <line number="183" hits="4" branch="False" />
            <line number="187" hits="100" branch="False" />
            <line number="191" hits="27" branch="False" />
            <line number="207" hits="11" branch="False" />
            <line number="208" hits="11" branch="True" condition-coverage="100% (2/2)">
              <conditions>
                <condition number="12" type="jump" coverage="100%" />
              </conditions>
            </line>
            <line number="209" hits="11" branch="False" />
            <line number="210" hits="11" branch="False" />
            <line number="211" hits="11" branch="False" />
            <line number="212" hits="11" branch="False" />
            <line number="220" hits="18" branch="False" />
            <line number="221" hits="18" branch="True" condition-coverage="100% (2/2)">
              <conditions>
                <condition number="12" type="jump" coverage="100%" />
              </conditions>
            </line>
            <line number="222" hits="18" branch="False" />
            <line number="223" hits="18" branch="False" />
            <line number="224" hits="18" branch="True" condition-coverage="100% (2/2)">
              <conditions>
                <condition number="96" type="jump" coverage="100%" />
              </conditions>
            </line>
            <line number="225" hits="18" branch="False" />
            <line number="226" hits="18" branch="False" />
            <line number="227" hits="18" branch="False" />
            <line number="80" hits="203" branch="False" />
            <line number="81" hits="203" branch="False" />
            <line number="82" hits="200" branch="False" />
            <line number="83" hits="197" branch="False" />
            <line number="84" hits="197" branch="False" />
            <line number="85" hits="197" branch="False" />
            <line number="86" hits="197" branch="False" />
            <line number="87" hits="197" branch="False" />
            <line number="88" hits="197" branch="False" />
            <line number="89" hits="197" branch="False" />
            <line number="104" hits="617" branch="False" />
            <line number="105" hits="617" branch="False" />
            <line number="106" hits="617" branch="False" />
            <line number="107" hits="617" branch="False" />
            <line number="108" hits="617" branch="False" />
            <line number="109" hits="617" branch="False" />
            <line number="110" hits="617" branch="False" />
            <line number="111" hits="617" branch="False" />
            <line number="112" hits="617" branch="False" />
            <line number="113" hits="617" branch="False" />
            <line number="114" hits="617" branch="False" />
            <line number="115" hits="617" branch="False" />
            <line number="116" hits="617" branch="False" />
          </lines>
        </class>
        <class name="EricksonLopez.Result.ErrorEnumStrings" filename="ErrorEnumStrings.cs" line-rate="1" branch-rate="1" complexity="38">
          <methods>
            <method name="ErrorTypeToString" signature="(EricksonLopez.Result.ErrorType)" line-rate="1" branch-rate="1" complexity="12">
              <lines>
                <line number="19" hits="51" branch="True" condition-coverage="100% (12/12)">
                  <conditions>
                    <condition number="5" type="switch" coverage="100%" />
                  </conditions>
                </line>
                <line number="20" hits="51" branch="False" />
                <line number="21" hits="34" branch="False" />
                <line number="22" hits="5" branch="False" />
                <line number="23" hits="2" branch="False" />
                <line number="24" hits="1" branch="False" />
                <line number="25" hits="1" branch="False" />
                <line number="26" hits="1" branch="False" />
                <line number="27" hits="2" branch="False" />
                <line number="28" hits="1" branch="False" />
                <line number="29" hits="1" branch="False" />
                <line number="30" hits="1" branch="False" />
                <line number="31" hits="1" branch="False" />
                <line number="32" hits="1" branch="False" />
                <line number="33" hits="51" branch="False" />
              </lines>
            </method>
            <method name="ErrorSeverityToString" signature="(EricksonLopez.Result.ErrorSeverity)" line-rate="1" branch-rate="1" complexity="5">
              <lines>
                <line number="39" hits="160" branch="True" condition-coverage="100% (5/5)">
                  <conditions>
                    <condition number="5" type="switch" coverage="100%" />
                  </conditions>
                </line>
                <line number="40" hits="160" branch="False" />
                <line number="41" hits="1" branch="False" />
                <line number="42" hits="37" branch="False" />
                <line number="43" hits="117" branch="False" />
                <line number="44" hits="4" branch="False" />
                <line number="45" hits="1" branch="False" />
                <line number="46" hits="160" branch="False" />
              </lines>
            </method>
            <method name="ErrorRetryabilityToString" signature="(EricksonLopez.Result.ErrorRetryability)" line-rate="1" branch-rate="1" complexity="4">
              <lines>
                <line number="52" hits="160" branch="True" condition-coverage="100% (4/4)">
                  <conditions>
                    <condition number="5" type="switch" coverage="100%" />
                  </conditions>
                </line>
                <line number="53" hits="160" branch="False" />
                <line number="54" hits="155" branch="False" />
                <line number="55" hits="3" branch="False" />
                <line number="56" hits="1" branch="False" />
                <line number="57" hits="1" branch="False" />
                <line number="58" hits="160" branch="False" />
              </lines>
            </method>
            <method name="ErrorTypeToOTelString" signature="(EricksonLopez.Result.ErrorType)" line-rate="1" branch-rate="1" complexity="12">
              <lines>
                <line number="64" hits="118" branch="True" condition-coverage="100% (12/12)">
                  <conditions>
                    <condition number="5" type="switch" coverage="100%" />
                  </conditions>
                </line>
                <line number="65" hits="118" branch="False" />
                <line number="66" hits="43" branch="False" />
                <line number="67" hits="5" branch="False" />
                <line number="68" hits="10" branch="False" />
                <line number="69" hits="10" branch="False" />
                <line number="70" hits="5" branch="False" />
                <line number="71" hits="5" branch="False" />
                <line number="72" hits="6" branch="False" />
                <line number="73" hits="9" branch="False" />
                <line number="74" hits="5" branch="False" />
                <line number="75" hits="10" branch="False" />
                <line number="76" hits="5" branch="False" />
                <line number="77" hits="5" branch="False" />
                <line number="78" hits="118" branch="False" />
              </lines>
            </method>
            <method name="ErrorSeverityToOTelString" signature="(EricksonLopez.Result.ErrorSeverity)" line-rate="1" branch-rate="1" complexity="5">
              <lines>
                <line number="84" hits="106" branch="True" condition-coverage="100% (5/5)">
                  <conditions>
                    <condition number="5" type="switch" coverage="100%" />
                  </conditions>
                </line>
                <line number="85" hits="106" branch="False" />
                <line number="86" hits="5" branch="False" />
                <line number="87" hits="15" branch="False" />
                <line number="88" hits="76" branch="False" />
                <line number="89" hits="5" branch="False" />
                <line number="90" hits="5" branch="False" />
                <line number="91" hits="106" branch="False" />
              </lines>
            </method>
          </methods>
          <lines>
            <line number="19" hits="51" branch="True" condition-coverage="100% (12/12)">
              <conditions>
                <condition number="5" type="switch" coverage="100%" />
              </conditions>
            </line>
            <line number="20" hits="51" branch="False" />
            <line number="21" hits="34" branch="False" />
            <line number="22" hits="5" branch="False" />
            <line number="23" hits="2" branch="False" />
            <line number="24" hits="1" branch="False" />
            <line number="25" hits="1" branch="False" />
            <line number="26" hits="1" branch="False" />
            <line number="27" hits="2" branch="False" />
            <line number="28" hits="1" branch="False" />
            <line number="29" hits="1" branch="False" />
            <line number="30" hits="1" branch="False" />
            <line number="31" hits="1" branch="False" />
            <line number="32" hits="1" branch="False" />
            <line number="33" hits="51" branch="False" />
            <line number="39" hits="160" branch="True" condition-coverage="100% (5/5)">
              <conditions>
                <condition number="5" type="switch" coverage="100%" />
              </conditions>
            </line>
            <line number="40" hits="160" branch="False" />
            <line number="41" hits="1" branch="False" />
            <line number="42" hits="37" branch="False" />
            <line number="43" hits="117" branch="False" />
            <line number="44" hits="4" branch="False" />
            <line number="45" hits="1" branch="False" />
            <line number="46" hits="160" branch="False" />
            <line number="52" hits="160" branch="True" condition-coverage="100% (4/4)">
              <conditions>
                <condition number="5" type="switch" coverage="100%" />
              </conditions>
            </line>
            <line number="53" hits="160" branch="False" />
            <line number="54" hits="155" branch="False" />
            <line number="55" hits="3" branch="False" />
            <line number="56" hits="1" branch="False" />
            <line number="57" hits="1" branch="False" />
            <line number="58" hits="160" branch="False" />
            <line number="64" hits="118" branch="True" condition-coverage="100% (12/12)">
              <conditions>
                <condition number="5" type="switch" coverage="100%" />
              </conditions>
            </line>
            <line number="65" hits="118" branch="False" />
            <line number="66" hits="43" branch="False" />
            <line number="67" hits="5" branch="False" />
            <line number="68" hits="10" branch="False" />
            <line number="69" hits="10" branch="False" />
            <line number="70" hits="5" branch="False" />
            <line number="71" hits="5" branch="False" />
            <line number="72" hits="6" branch="False" />
            <line number="73" hits="9" branch="False" />
            <line number="74" hits="5" branch="False" />
            <line number="75" hits="10" branch="False" />
            <line number="76" hits="5" branch="False" />
            <line number="77" hits="5" branch="False" />
            <line number="78" hits="118" branch="False" />
            <line number="84" hits="106" branch="True" condition-coverage="100% (5/5)">
              <conditions>
                <condition number="5" type="switch" coverage="100%" />
              </conditions>
            </line>
            <line number="85" hits="106" branch="False" />
            <line number="86" hits="5" branch="False" />
            <line number="87" hits="15" branch="False" />
            <line number="88" hits="76" branch="False" />
            <line number="89" hits="5" branch="False" />
            <line number="90" hits="5" branch="False" />
            <line number="91" hits="106" branch="False" />
          </lines>
        </class>
        <class name="EricksonLopez.Result.ErrorEqualityComparer" filename="ErrorEqualityComparer.cs" line-rate="1" branch-rate="1" complexity="2">
          <methods>
            <method name="get_Default" signature="()" line-rate="1" branch-rate="1" complexity="1">
              <lines>
                <line number="31" hits="9" branch="False" />
              </lines>
            </method>
            <method name="get_Strict" signature="()" line-rate="1" branch-rate="1" complexity="1">
              <lines>
                <line number="38" hits="14" branch="False" />
              </lines>
            </method>
          </methods>
          <lines>
            <line number="31" hits="9" branch="False" />
            <line number="38" hits="14" branch="False" />
          </lines>
        </class>
        <class name="EricksonLopez.Result.ErrorEqualityComparer/DefaultErrorComparer" filename="ErrorEqualityComparer.cs" line-rate="1" branch-rate="1" complexity="7">
          <methods>
            <method name="Equals" signature="(EricksonLopez.Result.Error,EricksonLopez.Result.Error)" line-rate="1" branch-rate="1" complexity="6">
              <lines>
                <line number="43" hits="7" branch="False" />
                <line number="44" hits="9" branch="True" condition-coverage="100% (2/2)">
                  <conditions>
                    <condition number="7" type="jump" coverage="100%" />
                  </conditions>
                </line>
                <line number="45" hits="7" branch="True" condition-coverage="100% (4/4)">
                  <conditions>
                    <condition number="14" type="jump" coverage="100%" />
                    <condition number="25" type="jump" coverage="100%" />
                  </conditions>
                </line>
                <line number="46" hits="3" branch="False" />
                <line number="47" hits="7" branch="False" />
              </lines>
[...]
            </line>
            <line number="632" hits="5" branch="False" />
            <line number="646" hits="21" branch="False" />
            <line number="647" hits="27" branch="True" condition-coverage="100% (2/2)">
              <conditions>
                <condition number="20" type="jump" coverage="100%" />
              </conditions>
            </line>
            <line number="648" hits="19" branch="True" condition-coverage="100% (2/2)">
              <conditions>
                <condition number="37" type="jump" coverage="100%" />
              </conditions>
            </line>
            <line number="649" hits="21" branch="True" condition-coverage="100% (2/2)">
              <conditions>
                <condition number="70" type="jump" coverage="100%" />
              </conditions>
            </line>
            <line number="650" hits="1" branch="False" />
            <line number="651" hits="21" branch="False" />
            <line number="662" hits="10" branch="False" />
            <line number="664" hits="7" branch="True" condition-coverage="100% (2/2)">
              <conditions>
                <condition number="6" type="jump" coverage="100%" />
              </conditions>
            </line>
            <line number="667" hits="10" branch="False" />
            <line number="668" hits="10" branch="True" condition-coverage="100% (4/4)">
              <conditions>
                <condition number="14" type="jump" coverage="100%" />
                <condition number="20" type="jump" coverage="100%" />
              </conditions>
            </line>
            <line number="669" hits="10" branch="False" />
            <line number="670" hits="10" branch="False" />
            <line number="671" hits="2" branch="True" condition-coverage="100% (2/2)">
              <conditions>
                <condition number="37" type="jump" coverage="100%" />
              </conditions>
            </line>
            <line number="672" hits="10" branch="False" />
            <line number="673" hits="5" branch="True" condition-coverage="100% (2/2)">
              <conditions>
                <condition number="73" type="jump" coverage="100%" />
              </conditions>
            </line>
            <line number="674" hits="3" branch="False" />
            <line number="675" hits="10" branch="False" />
            <line number="676" hits="10" branch="False" />
            <line number="685" hits="1" branch="False" />
            <line number="686" hits="11" branch="False" />
            <line number="688" hits="5" branch="True" condition-coverage="100% (4/4)">
              <conditions>
                <condition number="13" type="jump" coverage="100%" />
                <condition number="19" type="jump" coverage="100%" />
              </conditions>
            </line>
            <line number="689" hits="5" branch="False" />
            <line number="690" hits="1" branch="False" />
            <line number="691" hits="3" branch="True" condition-coverage="100% (2/2)">
              <conditions>
                <condition number="95" type="jump" coverage="100%" />
              </conditions>
            </line>
            <line number="692" hits="1" branch="False" />
            <line number="693" hits="5" branch="False" />
            <line number="697" hits="700" branch="False" />
            <line number="698" hits="700" branch="True" condition-coverage="100% (2/2)">
              <conditions>
                <condition number="12" type="jump" coverage="100%" />
              </conditions>
            </line>
            <line number="699" hits="49" branch="False" />
            <line number="700" hits="651" branch="False" />
            <line number="32" hits="1749" branch="False" />
            <line number="33" hits="1749" branch="False" />
            <line number="34" hits="1749" branch="False" />
            <line number="35" hits="1749" branch="False" />
            <line number="36" hits="1749" branch="False" />
          </lines>
        </class>
        <class name="EricksonLopez.Result.ResultSyncExtensions" filename="ResultSyncExtensions.cs" line-rate="0.0344" branch-rate="0.075" complexity="40">
          <methods>
            <method name="Map" signature="(EricksonLopez.Result.Result`1&lt;TValue&gt;&amp;,System.Func`2&lt;TValue,TNext&gt;)" line-rate="0" branch-rate="0" complexity="2">
              <lines>
                <line number="53" hits="0" branch="True" condition-coverage="0% (0/2)">
                  <conditions>
                    <condition number="6" type="jump" coverage="0%" />
                  </conditions>
                </line>
                <line number="54" hits="0" branch="False" />
                <line number="55" hits="0" branch="False" />
              </lines>
            </method>
            <method name="Map" signature="(EricksonLopez.Result.Result`1&lt;TValue&gt;&amp;,TState,System.Func`3&lt;TState,TValue,TNext&gt;)" line-rate="0" branch-rate="0" complexity="2">
              <lines>
                <line number="67" hits="0" branch="True" condition-coverage="0% (0/2)">
                  <conditions>
                    <condition number="6" type="jump" coverage="0%" />
                  </conditions>
                </line>
                <line number="68" hits="0" branch="False" />
                <line number="69" hits="0" branch="False" />
              </lines>
            </method>
            <method name="Bind" signature="(EricksonLopez.Result.Result`1&lt;TValue&gt;&amp;,System.Func`2&lt;TValue,EricksonLopez.Result.Result`1&lt;TNext&gt;&gt;)" line-rate="0" branch-rate="0" complexity="2">
              <lines>
                <line number="82" hits="0" branch="True" condition-coverage="0% (0/2)">
                  <conditions>
                    <condition number="6" type="jump" coverage="0%" />
                  </conditions>
                </line>
                <line number="83" hits="0" branch="False" />
                <line number="84" hits="0" branch="False" />
              </lines>
            </method>
            <method name="Bind" signature="(EricksonLopez.Result.Result`1&lt;TValue&gt;&amp;,TState,System.Func`3&lt;TState,TValue,EricksonLopez.Result.Result`1&lt;TNext&gt;&gt;)" line-rate="0" branch-rate="0" complexity="2">
              <lines>
                <line number="96" hits="0" branch="True" condition-coverage="0% (0/2)">
                  <conditions>
                    <condition number="6" type="jump" coverage="0%" />
                  </conditions>
                </line>
                <line number="97" hits="0" branch="False" />
                <line number="98" hits="0" branch="False" />
              </lines>
            </method>
            <method name="Ensure" signature="(EricksonLopez.Result.Result`1&lt;TValue&gt;&amp;,System.Func`2&lt;TValue,System.Boolean&gt;,EricksonLopez.Result.Error)" line-rate="0" branch-rate="0" complexity="4">
              <lines>
                <line number="111" hits="0" branch="True" condition-coverage="0% (0/4)">
                  <conditions>
                    <condition number="6" type="jump" coverage="0%" />
                    <condition number="20" type="jump" coverage="0%" />
                  </conditions>
                </line>
              </lines>
            </method>
            <method name="Ensure" signature="(EricksonLopez.Result.Result`1&lt;TValue&gt;&amp;,System.Func`2&lt;TValue,System.Boolean&gt;,System.Func`1&lt;EricksonLopez.Result.Error&gt;)" line-rate="0" branch-rate="0" complexity="4">
              <lines>
                <line number="125" hits="0" branch="True" condition-coverage="0% (0/4)">
                  <conditions>
                    <condition number="6" type="jump" coverage="0%" />
                    <condition number="20" type="jump" coverage="0%" />
                  </conditions>
                </line>
              </lines>
            </method>
            <method name="Ensure" signature="(EricksonLopez.Result.Result`1&lt;TValue&gt;&amp;,System.Func`2&lt;TValue,System.Boolean&gt;,System.Func`2&lt;TValue,EricksonLopez.Result.Error&gt;)" line-rate="0" branch-rate="0" complexity="4">
              <lines>
                <line number="139" hits="0" branch="True" condition-coverage="0% (0/4)">
                  <conditions>
                    <condition number="6" type="jump" coverage="0%" />
                    <condition number="20" type="jump" coverage="0%" />
                  </conditions>
                </line>
              </lines>
            </method>
            <method name="Ensure" signature="(EricksonLopez.Result.Result`1&lt;TValue&gt;&amp;,TState,System.Func`3&lt;TState,TValue,System.Boolean&gt;,EricksonLopez.Result.Error)" line-rate="0" branch-rate="0" complexity="4">
              <lines>
                <line number="152" hits="0" branch="True" condition-coverage="0% (0/4)">
                  <conditions>
                    <condition number="6" type="jump" coverage="0%" />
                    <condition number="21" type="jump" coverage="0%" />
                  </conditions>
                </line>
              </lines>
            </method>
            <method name="Ensure" signature="(EricksonLopez.Result.Result`1&lt;TValue&gt;&amp;,TState,System.Func`3&lt;TState,TValue,System.Boolean&gt;,System.Func`2&lt;TState,EricksonLopez.Result.Error&gt;)" line-rate="1" branch-rate="0.75" complexity="4">
              <lines>
                <line number="166" hits="2" branch="True" condition-coverage="75% (3/4)">
                  <conditions>
                    <condition number="6" type="jump" coverage="50%" />
                    <condition number="21" type="jump" coverage="100%" />
                  </conditions>
                </line>
              </lines>
            </method>
            <method name="Ensure" signature="(EricksonLopez.Result.Result`1&lt;TValue&gt;&amp;,TState,System.Func`3&lt;TState,TValue,System.Boolean&gt;,System.Func`3&lt;TState,TValue,EricksonLopez.Result.Error&gt;)" line-rate="0" branch-rate="0" complexity="4">
              <lines>
                <line number="180" hits="0" branch="True" condition-coverage="0% (0/4)">
                  <conditions>
                    <condition number="6" type="jump" coverage="0%" />
                    <condition number="21" type="jump" coverage="0%" />
                  </conditions>
                </line>
              </lines>
            </method>
            <method name="Match" signature="(EricksonLopez.Result.Result`1&lt;TValue&gt;&amp;,System.Func`2&lt;TValue,TOut&gt;,System.Func`2&lt;EricksonLopez.Result.Error,TOut&gt;)" line-rate="0" branch-rate="0" complexity="2">
              <lines>
                <line number="195" hits="0" branch="True" condition-coverage="0% (0/2)">
                  <conditions>
                    <condition number="6" type="jump" coverage="0%" />
                  </conditions>
                </line>
              </lines>
            </method>
            <method name="Match" signature="(EricksonLopez.Result.Result`1&lt;TValue&gt;&amp;,TState,System.Func`3&lt;TState,TValue,TOut&gt;,System.Func`3&lt;TState,EricksonLopez.Result.Error,TOut&gt;)" line-rate="0" branch-rate="0" complexity="2">
              <lines>
                <line number="208" hits="0" branch="True" condition-coverage="0% (0/2)">
                  <conditions>
                    <condition number="6" type="jump" coverage="0%" />
                  </conditions>
                </line>
              </lines>
            </method>
            <method name="TryGetValue" signature="(EricksonLopez.Result.Result`1&lt;TValue&gt;&amp;,TValue&amp;)" line-rate="0" branch-rate="0" complexity="2">
              <lines>
                <line number="223" hits="0" branch="False" />
                <line number="224" hits="0" branch="True" condition-coverage="0% (0/2)">
                  <conditions>
                    <condition number="9" type="jump" coverage="0%" />
                  </conditions>
                </line>
                <line number="225" hits="0" branch="False" />
                <line number="226" hits="0" branch="False" />
                <line number="227" hits="0" branch="False" />
                <line number="229" hits="0" branch="False" />
                <line number="230" hits="0" branch="False" />
                <line number="231" hits="0" branch="False" />
              </lines>
            </method>
            <method name="GetValueOrDefault" signature="(EricksonLopez.Result.Result`1&lt;TValue&gt;&amp;,TValue)" line-rate="0" branch-rate="0" complexity="2">
              <lines>
                <line number="245" hits="0" branch="True" condition-coverage="0% (0/2)">
                  <conditions>
                    <condition number="6" type="jump" coverage="0%" />
                  </conditions>
                </line>
              </lines>
            </method>
          </methods>
          <lines>
            <line number="53" hits="0" branch="True" condition-coverage="0% (0/2)">
              <conditions>
                <condition number="6" type="jump" coverage="0%" />
              </conditions>
            </line>
            <line number="54" hits="0" branch="False" />
            <line number="55" hits="0" branch="False" />
            <line number="67" hits="0" branch="True" condition-coverage="0% (0/2)">
              <conditions>
                <condition number="6" type="jump" coverage="0%" />
              </conditions>
            </line>
            <line number="68" hits="0" branch="False" />
            <line number="69" hits="0" branch="False" />
            <line number="82" hits="0" branch="True" condition-coverage="0% (0/2)">
              <conditions>
                <condition number="6" type="jump" coverage="0%" />
              </conditions>
            </line>
            <line number="83" hits="0" branch="False" />
            <line number="84" hits="0" branch="False" />
            <line number="96" hits="0" branch="True" condition-coverage="0% (0/2)">
              <conditions>
                <condition number="6" type="jump" coverage="0%" />
              </conditions>
            </line>
            <line number="97" hits="0" branch="False" />
            <line number="98" hits="0" branch="False" />
            <line number="111" hits="0" branch="True" condition-coverage="0% (0/4)">
              <conditions>
                <condition number="6" type="jump" coverage="0%" />
                <condition number="20" type="jump" coverage="0%" />
              </conditions>
            </line>
            <line number="125" hits="0" branch="True" condition-coverage="0% (0/4)">
              <conditions>
                <condition number="6" type="jump" coverage="0%" />
                <condition number="20" type="jump" coverage="0%" />
              </conditions>
            </line>
            <line number="139" hits="0" branch="True" condition-coverage="0% (0/4)">
              <conditions>
                <condition number="6" type="jump" coverage="0%" />
                <condition number="20" type="jump" coverage="0%" />
              </conditions>
            </line>
            <line number="152" hits="0" branch="True" condition-coverage="0% (0/4)">
              <conditions>
                <condition number="6" type="jump" coverage="0%" />
                <condition number="21" type="jump" coverage="0%" />
              </conditions>
            </line>
            <line number="166" hits="2" branch="True" condition-coverage="75% (3/4)">
              <conditions>
                <condition number="6" type="jump" coverage="50%" />
                <condition number="21" type="jump" coverage="100%" />
              </conditions>
            </line>
            <line number="180" hits="0" branch="True" condition-coverage="0% (0/4)">
              <conditions>
                <condition number="6" type="jump" coverage="0%" />
                <condition number="21" type="jump" coverage="0%" />
              </conditions>
            </line>
            <line number="195" hits="0" branch="True" condition-coverage="0% (0/2)">
              <conditions>
                <condition number="6" type="jump" coverage="0%" />
              </conditions>
            </line>
            <line number="208" hits="0" branch="True" condition-coverage="0% (0/2)">
              <conditions>
                <condition number="6" type="jump" coverage="0%" />
              </conditions>
            </line>
            <line number="223" hits="0" branch="False" />
            <line number="224" hits="0" branch="True" condition-coverage="0% (0/2)">
              <conditions>
                <condition number="9" type="jump" coverage="0%" />
              </conditions>
            </line>
            <line number="225" hits="0" branch="False" />
            <line number="226" hits="0" branch="False" />
            <line number="227" hits="0" branch="False" />
            <line number="229" hits="0" branch="False" />
            <line number="230" hits="0" branch="False" />
            <line number="231" hits="0" branch="False" />
            <line number="245" hits="0" branch="True" condition-coverage="0% (0/2)">
              <conditions>
                <condition number="6" type="jump" coverage="0%" />
              </conditions>
            </line>
          </lines>
        </class>
        <class name="EricksonLopez.Result.ResultThrowHelper" filename="ResultThrowHelper.cs" line-rate="1" branch-rate="1" complexity="2">
          <methods>
            <method name="ThrowUninitialized" signature="()" line-rate="1" branch-rate="1" complexity="1">
              <lines>
                <line number="21" hits="43" branch="False" />
                <line number="22" hits="43" branch="False" />
                <line number="23" hits="43" branch="False" />
              </lines>
            </method>
            <method name="ThrowUninitializedOfT" signature="()" line-rate="1" branch-rate="1" complexity="1">
              <lines>
                <line number="28" hits="49" branch="False" />
                <line number="29" hits="49" branch="False" />
                <line number="30" hits="49" branch="False" />
              </lines>
            </method>
          </methods>
          <lines>
            <line number="21" hits="43" branch="False" />
            <line number="22" hits="43" branch="False" />
            <line number="23" hits="43" branch="False" />
            <line number="28" hits="49" branch="False" />
            <line number="29" hits="49" branch="False" />
            <line number="30" hits="49" branch="False" />
          </lines>
        </class>
        <class name="EricksonLopez.Result.WellKnownErrors" filename="WellKnownErrors.cs" line-rate="1" branch-rate="1" complexity="1">
          <methods>
            <method name=".cctor" signature="()" line-rate="1" branch-rate="1" complexity="1">
              <lines>
                <line number="21" hits="1" branch="False" />
                <line number="22" hits="1" branch="False" />
                <line number="23" hits="1" branch="False" />
                <line number="24" hits="1" branch="False" />
                <line number="25" hits="1" branch="False" />
                <line number="26" hits="1" branch="False" />
              </lines>
            </method>
          </methods>
          <lines>
            <line number="21" hits="1" branch="False" />
            <line number="22" hits="1" branch="False" />
            <line number="23" hits="1" branch="False" />
            <line number="24" hits="1" branch="False" />
            <line number="25" hits="1" branch="False" />
            <line number="26" hits="1" branch="False" />
          </lines>
        </class>
      </classes>
    </package>
  </packages>
</coverage>