<?xml version="1.0" encoding="utf-8"?>
<CoverageSession>
  <Summary numSequencePoints="1869" visitedSequencePoints="1869" numBranchPoints="934" visitedBranchPoints="934" sequenceCoverage="100" branchCoverage="100" maxCyclomaticComplexity="1041" minCyclomaticComplexity="1041" visitedClasses="23" numClasses="23" visitedMethods="360" numMethods="360" />
  <Modules>
    <Module hash="B771560F-6428-4D85-ACC4-B124166516FA">
      <ModulePath>EricksonLopez.Result.dll</ModulePath>
      <ModuleTime>2026-08-01T12:20:39</ModuleTime>
      <ModuleName>EricksonLopez.Result</ModuleName>
      <Files>
        <File uid="1" fullPath="D:\DevData\ericksonlopez.dev\dotnet-result\src\EricksonLopez.Result\Error.cs" />
        <File uid="2" fullPath="D:\DevData\ericksonlopez.dev\dotnet-result\src\EricksonLopez.Result\ErrorBuilder.cs" />
        <File uid="3" fullPath="D:\DevData\ericksonlopez.dev\dotnet-result\src\EricksonLopez.Result\ErrorEnumStrings.cs" />
        <File uid="4" fullPath="D:\DevData\ericksonlopez.dev\dotnet-result\src\EricksonLopez.Result\ErrorEqualityComparer.cs" />
        <File uid="5" fullPath="D:\DevData\ericksonlopez.dev\dotnet-result\src\EricksonLopez.Result\Result.Combine.cs" />
        <File uid="6" fullPath="D:\DevData\ericksonlopez.dev\dotnet-result\src\EricksonLopez.Result\Result.cs" />
        <File uid="7" fullPath="D:\DevData\ericksonlopez.dev\dotnet-result\src\EricksonLopez.Result\ResultExtensions.cs" />
        <File uid="8" fullPath="D:\DevData\ericksonlopez.dev\dotnet-result\src\EricksonLopez.Result\ResultExtensions.ValueTask.cs" />
        <File uid="9" fullPath="D:\DevData\ericksonlopez.dev\dotnet-result\src\EricksonLopez.Result\ResultLinqExtensions.cs" />
        <File uid="10" fullPath="D:\DevData\ericksonlopez.dev\dotnet-result\src\EricksonLopez.Result\ResultOfT.cs" />
        <File uid="11" fullPath="D:\DevData\ericksonlopez.dev\dotnet-result\src\EricksonLopez.Result\ResultSyncExtensions.cs" />
        <File uid="12" fullPath="D:\DevData\ericksonlopez.dev\dotnet-result\src\EricksonLopez.Result\ResultThrowHelper.cs" />
        <File uid="13" fullPath="D:\DevData\ericksonlopez.dev\dotnet-result\src\EricksonLopez.Result\WellKnownErrors.cs" />
      </Files>
      <Classes>
        <Class>
          <Summary numSequencePoints="237" visitedSequencePoints="237" numBranchPoints="100" visitedBranchPoints="100" sequenceCoverage="100" branchCoverage="100" maxCyclomaticComplexity="26" minCyclomaticComplexity="1" visitedClasses="1" numClasses="1" visitedMethods="52" numMethods="52" />
          <FullName>EricksonLopez.Result.Error</FullName>
          <Methods>
            <Method cyclomaticComplexity="1" nPathComplexity="1" sequenceCoverage="100" branchCoverage="100" isConstructor="False" isGetter="True" isSetter="False" isStatic="True">
              <Summary numSequencePoints="1" visitedSequencePoints="1" numBranchPoints="0" visitedBranchPoints="0" sequenceCoverage="100" branchCoverage="100" maxCyclomaticComplexity="1" minCyclomaticComplexity="1" visitedClasses="0" numClasses="0" visitedMethods="1" numMethods="1" />
              <MetadataToken />
              <Name>System.String EricksonLopez.Result.Error::get_TraceIdOverride()</Name>
              <FileRef uid="1" />
              <SequencePoints>
                <SequencePoint vc="24" uspid="80" ordinal="0" sl="80" sc="1" el="80" ec="2" bec="0" bev="0" fileid="1" />
              </SequencePoints>
              <BranchPoints />
              <MethodPoint vc="1" uspid="0" p8:type="SequencePoint" ordinal="0" offset="0" sc="0" sl="80" ec="1" el="80" bec="0" bev="0" fileid="1" xmlns:p8="xsi" />
            </Method>
            <Method cyclomaticComplexity="1" nPathComplexity="1" sequenceCoverage="100" branchCoverage="100" isConstructor="False" isGetter="True" isSetter="False" isStatic="True">
              <Summary numSequencePoints="1" visitedSequencePoints="1" numBranchPoints="0" visitedBranchPoints="0" sequenceCoverage="100" branchCoverage="100" maxCyclomaticComplexity="1" minCyclomaticComplexity="1" visitedClasses="0" numClasses="0" visitedMethods="1" numMethods="1" />
              <MetadataToken />
              <Name>System.Nullable`1&lt;System.Diagnostics.ActivityTraceId&gt; EricksonLopez.Result.Error::get_TraceIdValue()</Name>
              <FileRef uid="1" />
              <SequencePoints>
                <SequencePoint vc="24" uspid="81" ordinal="0" sl="81" sc="1" el="81" ec="2" bec="0" bev="0" fileid="1" />
              </SequencePoints>
              <BranchPoints />
              <MethodPoint vc="1" uspid="0" p8:type="SequencePoint" ordinal="1" offset="1" sc="0" sl="81" ec="1" el="81" bec="0" bev="0" fileid="1" xmlns:p8="xsi" />
            </Method>
            <Method cyclomaticComplexity="1" nPathComplexity="1" sequenceCoverage="100" branchCoverage="100" isConstructor="False" isGetter="True" isSetter="False" isStatic="True">
              <Summary numSequencePoints="1" visitedSequencePoints="1" numBranchPoints="0" visitedBranchPoints="0" sequenceCoverage="100" branchCoverage="100" maxCyclomaticComplexity="1" minCyclomaticComplexity="1" visitedClasses="0" numClasses="0" visitedMethods="1" numMethods="1" />
              <MetadataToken />
              <Name>System.Collections.Immutable.ImmutableDictionary`2&lt;System.String,System.Object&gt; EricksonLopez.Result.Error::get_RawMetadata()</Name>
              <FileRef uid="1" />
              <SequencePoints>
                <SequencePoint vc="24" uspid="82" ordinal="0" sl="82" sc="1" el="82" ec="2" bec="0" bev="0" fileid="1" />
              </SequencePoints>
              <BranchPoints />
              <MethodPoint vc="1" uspid="0" p8:type="SequencePoint" ordinal="2" offset="2" sc="0" sl="82" ec="1" el="82" bec="0" bev="0" fileid="1" xmlns:p8="xsi" />
            </Method>
            <Method cyclomaticComplexity="1" nPathComplexity="1" sequenceCoverage="100" branchCoverage="100" isConstructor="False" isGetter="True" isSetter="False" isStatic="True">
              <Summary numSequencePoints="1" visitedSequencePoints="1" numBranchPoints="0" visitedBranchPoints="0" sequenceCoverage="100" branchCoverage="100" maxCyclomaticComplexity="1" minCyclomaticComplexity="1" visitedClasses="0" numClasses="0" visitedMethods="1" numMethods="1" />
              <MetadataToken />
              <Name>System.Collections.Immutable.ImmutableArray`1&lt;EricksonLopez.Result.Error&gt; EricksonLopez.Result.Error::get_RawInnerErrors()</Name>
              <FileRef uid="1" />
              <SequencePoints>
                <SequencePoint vc="24" uspid="86" ordinal="0" sl="86" sc="1" el="86" ec="2" bec="0" bev="0" fileid="1" />
              </SequencePoints>
              <BranchPoints />
              <MethodPoint vc="1" uspid="0" p8:type="SequencePoint" ordinal="3" offset="3" sc="0" sl="86" ec="1" el="86" bec="0" bev="0" fileid="1" xmlns:p8="xsi" />
            </Method>
            <Method cyclomaticComplexity="1" nPathComplexity="1" sequenceCoverage="100" branchCoverage="100" isConstructor="False" isGetter="True" isSetter="False" isStatic="True">
              <Summary numSequencePoints="1" visitedSequencePoints="1" numBranchPoints="0" visitedBranchPoints="0" sequenceCoverage="100" branchCoverage="100" maxCyclomaticComplexity="1" minCyclomaticComplexity="1" visitedClasses="0" numClasses="0" visitedMethods="1" numMethods="1" />
              <MetadataToken />
              <Name>System.String EricksonLopez.Result.Error::get_Code()</Name>
              <FileRef uid="1" />
              <SequencePoints>
                <SequencePoint vc="799" uspid="89" ordinal="0" sl="89" sc="1" el="89" ec="2" bec="0" bev="0" fileid="1" />
              </SequencePoints>
              <BranchPoints />
              <MethodPoint vc="1" uspid="0" p8:type="SequencePoint" ordinal="4" offset="4" sc="0" sl="89" ec="1" el="89" bec="0" bev="0" fileid="1" xmlns:p8="xsi" />
            </Method>
            <Method cyclomaticComplexity="1" nPathComplexity="1" sequenceCoverage="100" branchCoverage="100" isConstructor="False" isGetter="True" isSetter="False" isStatic="True">
              <Summary numSequencePoints="1" visitedSequencePoints="1" numBranchPoints="0" visitedBranchPoints="0" sequenceCoverage="100" branchCoverage="100" maxCyclomaticComplexity="1" minCyclomaticComplexity="1" visitedClasses="0" numClasses="0" visitedMethods="1" numMethods="1" />
              <MetadataToken />
              <Name>System.String EricksonLopez.Result.Error::get_Description()</Name>
              <FileRef uid="1" />
              <SequencePoints>
                <SequencePoint vc="432" uspid="92" ordinal="0" sl="92" sc="1" el="92" ec="2" bec="0" bev="0" fileid="1" />
              </SequencePoints>
              <BranchPoints />
              <MethodPoint vc="1" uspid="0" p8:type="SequencePoint" ordinal="5" offset="5" sc="0" sl="92" ec="1" el="92" bec="0" bev="0" fileid="1" xmlns:p8="xsi" />
            </Method>
            <Method cyclomaticComplexity="1" nPathComplexity="1" sequenceCoverage="100" branchCoverage="100" isConstructor="False" isGetter="True" isSetter="False" isStatic="True">
              <Summary numSequencePoints="1" visitedSequencePoints="1" numBranchPoints="0" visitedBranchPoints="0" sequenceCoverage="100" branchCoverage="100" maxCyclomaticComplexity="1" minCyclomaticComplexity="1" visitedClasses="0" numClasses="0" visitedMethods="1" numMethods="1" />
              <MetadataToken />
              <Name>System.String EricksonLopez.Result.Error::get_DescriptionKey()</Name>
              <FileRef uid="1" />
              <SequencePoints>
                <SequencePoint vc="238" uspid="95" ordinal="0" sl="95" sc="1" el="95" ec="2" bec="0" bev="0" fileid="1" />
              </SequencePoints>
              <BranchPoints />
              <MethodPoint vc="1" uspid="0" p8:type="SequencePoint" ordinal="6" offset="6" sc="0" sl="95" ec="1" el="95" bec="0" bev="0" fileid="1" xmlns:p8="xsi" />
            </Method>
            <Method cyclomaticComplexity="1" nPathComplexity="1" sequenceCoverage="100" branchCoverage="100" isConstructor="False" isGetter="True" isSetter="False" isStatic="True">
              <Summary numSequencePoints="1" visitedSequencePoints="1" numBranchPoints="0" visitedBranchPoints="0" sequenceCoverage="100" branchCoverage="100" maxCyclomaticComplexity="1" minCyclomaticComplexity="1" visitedClasses="0" numClasses="0" visitedMethods="1" numMethods="1" />
              <MetadataToken />
              <Name>EricksonLopez.Result.ErrorType EricksonLopez.Result.Error::get_Type()</Name>
              <FileRef uid="1" />
              <SequencePoints>
                <SequencePoint vc="676" uspid="98" ordinal="0" sl="98" sc="1" el="98" ec="2" bec="0" bev="0" fileid="1" />
              </SequencePoints>
              <BranchPoints />
              <MethodPoint vc="1" uspid="0" p8:type="SequencePoint" ordinal="7" offset="7" sc="0" sl="98" ec="1" el="98" bec="0" bev="0" fileid="1" xmlns:p8="xsi" />
            </Method>
            <Method cyclomaticComplexity="1" nPathComplexity="1" sequenceCoverage="100" branchCoverage="100" isConstructor="False" isGetter="True" isSetter="False" isStatic="True">
              <Summary numSequencePoints="1" visitedSequencePoints="1" numBranchPoints="0" visitedBranchPoints="0" sequenceCoverage="100" branchCoverage="100" maxCyclomaticComplexity="1" minCyclomaticComplexity="1" visitedClasses="0" numClasses="0" visitedMethods="1" numMethods="1" />
              <MetadataToken />
              <Name>EricksonLopez.Result.ErrorSeverity EricksonLopez.Result.Error::get_Severity()</Name>
              <FileRef uid="1" />
              <SequencePoints>
                <SequencePoint vc="528" uspid="101" ordinal="0" sl="101" sc="1" el="101" ec="2" bec="0" bev="0" fileid="1" />
              </SequencePoints>
              <BranchPoints />
              <MethodPoint vc="1" uspid="0" p8:type="SequencePoint" ordinal="8" offset="8" sc="0" sl="101" ec="1" el="101" bec="0" bev="0" fileid="1" xmlns:p8="xsi" />
            </Method>
            <Method cyclomaticComplexity="1" nPathComplexity="1" sequenceCoverage="100" branchCoverage="100" isConstructor="False" isGetter="True" isSetter="False" isStatic="True">
              <Summary numSequencePoints="1" visitedSequencePoints="1" numBranchPoints="0" visitedBranchPoints="0" sequenceCoverage="100" branchCoverage="100" maxCyclomaticComplexity="1" minCyclomaticComplexity="1" visitedClasses="0" numClasses="0" visitedMethods="1" numMethods="1" />
              <MetadataToken />
              <Name>EricksonLopez.Result.ErrorRetryability EricksonLopez.Result.Error::get_Retryability()</Name>
              <FileRef uid="1" />
              <SequencePoints>
                <SequencePoint vc="434" uspid="104" ordinal="0" sl="104" sc="1" el="104" ec="2" bec="0" bev="0" fileid="1" />
              </SequencePoints>
              <BranchPoints />
              <MethodPoint vc="1" uspid="0" p8:type="SequencePoint" ordinal="9" offset="9" sc="0" sl="104" ec="1" el="104" bec="0" bev="0" fileid="1" xmlns:p8="xsi" />
            </Method>
            <Method cyclomaticComplexity="6" nPathComplexity="6" sequenceCoverage="100" branchCoverage="100" isConstructor="False" isGetter="True" isSetter="False" isStatic="True">
              <Summary numSequencePoints="9" visitedSequencePoints="9" numBranchPoints="6" visitedBranchPoints="6" sequenceCoverage="100" branchCoverage="100" maxCyclomaticComplexity="6" minCyclomaticComplexity="6" visitedClasses="0" numClasses="0" visitedMethods="1" numMethods="1" />
              <MetadataToken />
              <Name>System.String EricksonLopez.Result.Error::get_TraceId()</Name>
              <FileRef uid="1" />
              <SequencePoints>
                <SequencePoint vc="108" uspid="114" ordinal="0" sl="114" sc="1" el="114" ec="2" bec="0" bev="0" fileid="1" />
                <SequencePoint vc="145" uspid="115" ordinal="1" sl="115" sc="1" el="115" ec="2" bec="2" bev="2" fileid="1" />
                <SequencePoint vc="139" uspid="116" ordinal="2" sl="116" sc="1" el="116" ec="2" bec="2" bev="2" fileid="1" />
                <SequencePoint vc="3" uspid="119" ordinal="3" sl="119" sc="1" el="119" ec="2" bec="0" bev="0" fileid="1" />
                <SequencePoint vc="4" uspid="120" ordinal="4" sl="120" sc="1" el="120" ec="2" bec="2" bev="2" fileid="1" />
                <SequencePoint vc="2" uspid="124" ordinal="5" sl="124" sc="1" el="124" ec="2" bec="0" bev="0" fileid="1" />
                <SequencePoint vc="2" uspid="125" ordinal="6" sl="125" sc="1" el="125" ec="2" bec="0" bev="0" fileid="1" />
                <SequencePoint vc="2" uspid="126" ordinal="7" sl="126" sc="1" el="126" ec="2" bec="0" bev="0" fileid="1" />
                <SequencePoint vc="108" uspid="127" ordinal="8" sl="127" sc="1" el="127" ec="2" bec="0" bev="0" fileid="1" />
              </SequencePoints>
              <BranchPoints>
                <BranchPoint vc="37" uspid="115" ordinal="0" path="0" offset="15" offsetend="17" sl="115" fileid="1" />
                <BranchPoint vc="71" uspid="115" ordinal="1" path="1" offset="15" offsetend="26" sl="115" fileid="1" />
                <BranchPoint vc="68" uspid="116" ordinal="2" path="0" offset="44" offsetend="46" sl="116" fileid="1" />
                <BranchPoint vc="3" uspid="116" ordinal="3" path="1" offset="44" offsetend="50" sl="116" fileid="1" />
                <BranchPoint vc="1" uspid="120" ordinal="4" path="0" offset="67" offsetend="69" sl="120" fileid="1" />
                <BranchPoint vc="2" uspid="120" ordinal="5" path="1" offset="67" offsetend="73" sl="120" fileid="1" />
              </BranchPoints>
              <MethodPoint vc="9" uspid="0" p8:type="SequencePoint" ordinal="10" offset="10" sc="0" sl="114" ec="1" el="127" bec="0" bev="0" fileid="1" xmlns:p8="xsi" />
            </Method>
            <Method cyclomaticComplexity="1" nPathComplexity="1" sequenceCoverage="100" branchCoverage="100" isConstructor="False" isGetter="True" isSetter="False" isStatic="True">
              <Summary numSequencePoints="1" visitedSequencePoints="1" numBranchPoints="0" visitedBranchPoints="0" sequenceCoverage="100" branchCoverage="100" maxCyclomaticComplexity="1" minCyclomaticComplexity="1" visitedClasses="0" numClasses="0" visitedMethods="1" numMethods="1" />
              <MetadataToken />
              <Name>System.String EricksonLopez.Result.Error::get_CorrelationId()</Name>
              <FileRef uid="1" />
              <SequencePoints>
                <SequencePoint vc="358" uspid="131" ordinal="0" sl="131" sc="1" el="131" ec="2" bec="0" bev="0" fileid="1" />
              </SequencePoints>
              <BranchPoints />
              <MethodPoint vc="1" uspid="0" p8:type="SequencePoint" ordinal="11" offset="11" sc="0" sl="131" ec="1" el="131" bec="0" bev="0" fileid="1" xmlns:p8="xsi" />
            </Method>
            <Method cyclomaticComplexity="6" nPathComplexity="6" sequenceCoverage="100" branchCoverage="100" isConstructor="False" isGetter="False" isSetter="False" isStatic="True">
              <Summary numSequencePoints="13" visitedSequencePoints="13" numBranchPoints="6" visitedBranchPoints="6" sequenceCoverage="100" branchCoverage="100" maxCyclomaticComplexity="6" minCyclomaticComplexity="6" visitedClasses="0" numClasses="0" visitedMethods="1" numMethods="1" />
              <MetadataToken />
              <Name>EricksonLopez.Result.Error EricksonLopez.Result.Error::CreateFromBuilder(System.String,System.String,EricksonLopez.Result.ErrorType,EricksonLopez.Result.ErrorSeverity,EricksonLopez.Result.ErrorRetryability,System.String,System.String,System.String,System.Collections.Immutable.ImmutableArray`1&lt;EricksonLopez.Result.Error&gt;,System.Collections.Immutable.ImmutableDictionary`2&lt;System.String,System.Object&gt;)</Name>
              <FileRef uid="1" />
              <SequencePoints>
                <SequencePoint vc="224" uspid="248" ordinal="0" sl="248" sc="1" el="248" ec="2" bec="0" bev="0" fileid="1" />
                <SequencePoint vc="224" uspid="251" ordinal="1" sl="251" sc="1" el="251" ec="2" bec="6" bev="6" fileid="1" />
                <SequencePoint vc="224" uspid="252" ordinal="2" sl="252" sc="1" el="252" ec="2" bec="0" bev="0" fileid="1" />
                <SequencePoint vc="224" uspid="253" ordinal="3" sl="253" sc="1" el="253" ec="2" bec="0" bev="0" fileid="1" />
                <SequencePoint vc="224" uspid="254" ordinal="4" sl="254" sc="1" el="254" ec="2" bec="0" bev="0" fileid="1" />
                <SequencePoint vc="224" uspid="255" ordinal="5" sl="255" sc="1" el="255" ec="2" bec="0" bev="0" fileid="1" />
                <SequencePoint vc="224" uspid="256" ordinal="6" sl="256" sc="1" el="256" ec="2" bec="0" bev="0" fileid="1" />
                <SequencePoint vc="224" uspid="257" ordinal="7" sl="257" sc="1" el="257" ec="2" bec="0" bev="0" fileid="1" />
                <SequencePoint vc="224" uspid="258" ordinal="8" sl="258" sc="1" el="258" ec="2" bec="0" bev="0" fileid="1" />
                <SequencePoint vc="224" uspid="259" ordinal="9" sl="259" sc="1" el="259" ec="2" bec="0" bev="0" fileid="1" />
                <SequencePoint vc="224" uspid="260" ordinal="10" sl="260" sc="1" el="260" ec="2" bec="0" bev="0" fileid="1" />
                <SequencePoint vc="224" uspid="261" ordinal="11" sl="261" sc="1" el="261" ec="2" bec="0" bev="0" fileid="1" />
                <SequencePoint vc="224" uspid="265" ordinal="12" sl="265" sc="1" el="265" ec="2" bec="0" bev="0" fileid="1" />
              </SequencePoints>
              <BranchPoints>
                <BranchPoint vc="28" uspid="251" ordinal="0" path="0" offset="29" offsetend="31" sl="251" fileid="1" />
                <BranchPoint vc="196" uspid="251" ordinal="1" path="1" offset="29" offsetend="35" sl="251" fileid="1" />
                <BranchPoint vc="71" uspid="251" ordinal="2" path="0" offset="42" offsetend="44" sl="251" fileid="1" />
                <BranchPoint vc="153" uspid="251" ordinal="3" path="1" offset="42" offsetend="54" sl="251" fileid="1" />
                <BranchPoint vc="1" uspid="251" ordinal="4" path="0" offset="52" offsetend="54" sl="251" fileid="1" />
                <BranchPoint vc="70" uspid="251" ordinal="5" path="1" offset="52" offsetend="57" sl="251" fileid="1" />
              </BranchPoints>
              <MethodPoint vc="13" uspid="0" p8:type="SequencePoint" ordinal="12" offset="12" sc="0" sl="248" ec="1" el="265" bec="0" bev="0" fileid="1" xmlns:p8="xsi" />
            </Method>
            <Method cyclomaticComplexity="1" nPathComplexity="1" sequenceCoverage="100" branchCoverage="100" isConstructor="False" isGetter="True" isSetter="False" isStatic="True">
              <Summary numSequencePoints="1" visitedSequencePoints="1" numBranchPoints="0" visitedBranchPoints="0" sequenceCoverage="100" branchCoverage="100" maxCyclomaticComplexity="1" minCyclomaticComplexity="1" visitedClasses="0" numClasses="0" visitedMethods="1" numMethods="1" />
              <MetadataToken />
              <Name>System.Collections.Immutable.ImmutableArray`1&lt;EricksonLopez.Result.Error&gt; EricksonLopez.Result.Error::get_InnerErrors()</Name>
              <FileRef uid="1" />
              <SequencePoints>
                <SequencePoint vc="138" uspid="287" ordinal="0" sl="287" sc="1" el="287" ec="2" bec="0" bev="0" fileid="1" />
              </SequencePoints>
              <BranchPoints />
              <MethodPoint vc="1" uspid="0" p8:type="SequencePoint" ordinal="13" offset="13" sc="0" sl="287" ec="1" el="287" bec="0" bev="0" fileid="1" xmlns:p8="xsi" />
            </Method>
            <Method cyclomaticComplexity="2" nPathComplexity="2" sequenceCoverage="100" branchCoverage="100" isConstructor="False" isGetter="True" isSetter="False" isStatic="True">
              <Summary numSequencePoints="1" visitedSequencePoints="1" numBranchPoints="2" visitedBranchPoints="2" sequenceCoverage="100" branchCoverage="100" maxCyclomaticComplexity="2" minCyclomaticComplexity="2" visitedClasses="0" numClasses="0" visitedMethods="1" numMethods="1" />
              <MetadataToken />
              <Name>System.Collections.Generic.IReadOnlyDictionary`2&lt;System.String,System.Object&gt; EricksonLopez.Result.Error::get_Metadata()</Name>
              <FileRef uid="1" />
              <SequencePoints>
                <SequencePoint vc="140" uspid="313" ordinal="0" sl="313" sc="1" el="313" ec="2" bec="2" bev="2" fileid="1" />
              </SequencePoints>
              <BranchPoints>
                <BranchPoint vc="9" uspid="313" ordinal="0" path="0" offset="7" offsetend="9" sl="313" fileid="1" />
                <BranchPoint vc="131" uspid="313" ordinal="1" path="1" offset="7" offsetend="15" sl="313" fileid="1" />
              </BranchPoints>
              <MethodPoint vc="1" uspid="0" p8:type="SequencePoint" ordinal="14" offset="14" sc="0" sl="313" ec="1" el="313" bec="0" bev="0" fileid="1" xmlns:p8="xsi" />
            </Method>
            <Method cyclomaticComplexity="1" nPathComplexity="1" sequenceCoverage="100" branchCoverage="100" isConstructor="False" isGetter="True" isSetter="False" isStatic="True">
              <Summary numSequencePoints="1" visitedSequencePoints="1" numBranchPoints="0" visitedBranchPoints="0" sequenceCoverage="100" branchCoverage="100" maxCyclomaticComplexity="1" minCyclomaticComplexity="1" visitedClasses="0" numClasses="0" visitedMethods="1" numMethods="1" />
              <MetadataToken />
              <Name>System.Boolean EricksonLopez.Result.Error::get_HasInnerErrors()</Name>
              <FileRef uid="1" />
              <SequencePoints>
                <SequencePoint vc="265" uspid="316" ordinal="0" sl="316" sc="1" el="316" ec="2" bec="0" bev="0" fileid="1" />
              </SequencePoints>
              <BranchPoints />
              <MethodPoint vc="1" uspid="0" p8:type="SequencePoint" ordinal="15" offset="15" sc="0" sl="316" ec="1" el="316" bec="0" bev="0" fileid="1" xmlns:p8="xsi" />
            </Method>
            <Method cyclomaticComplexity="2" nPathComplexity="2" sequenceCoverage="100" branchCoverage="100" isConstructor="False" isGetter="True" isSetter="False" isStatic="True">
              <Summary numSequencePoints="1" visitedSequencePoints="1" numBranchPoints="2" visitedBranchPoints="2" sequenceCoverage="100" branchCoverage="100" maxCyclomaticComplexity="2" minCyclomaticComplexity="2" visitedClasses="0" numClasses="0" visitedMethods="1" numMethods="1" />
              <MetadataToken />
              <Name>System.Boolean EricksonLopez.Result.Error::get_HasMetadata()</Name>
              <FileRef uid="1" />
              <SequencePoints>
                <SequencePoint vc="223" uspid="320" ordinal="0" sl="320" sc="1" el="320" ec="2" bec="2" bev="2" fileid="1" />
              </SequencePoints>
              <BranchPoints>
                <BranchPoint vc="49" uspid="320" ordinal="0" path="0" offset="8" offsetend="10" sl="320" fileid="1" />
                <BranchPoint vc="174" uspid="320" ordinal="1" path="1" offset="8" offsetend="21" sl="320" fileid="1" />
              </BranchPoints>
              <MethodPoint vc="1" uspid="0" p8:type="SequencePoint" ordinal="16" offset="16" sc="0" sl="320" ec="1" el="320" bec="0" bev="0" fileid="1" xmlns:p8="xsi" />
            </Method>
            <Method cyclomaticComplexity="8" nPathComplexity="8" sequenceCoverage="100" branchCoverage="100" isConstructor="False" isGetter="False" isSetter="False" isStatic="True">
              <Summary numSequencePoints="21" visitedSequencePoints="21" numBranchPoints="8" visitedBranchPoints="8" sequenceCoverage="100" branchCoverage="100" maxCyclomaticComplexity="8" minCyclomaticComplexity="8" visitedClasses="0" numClasses="0" visitedMethods="1" numMethods="1" />
              <MetadataToken />
              <Name>System.Boolean EricksonLopez.Result.Error::TryGetMetadata(System.String,T&amp;)</Name>
              <FileRef uid="1" />
              <SequencePoints>
                <SequencePoint vc="12" uspid="366" ordinal="0" sl="366" sc="1" el="366" ec="2" bec="0" bev="0" fileid="1" />
                <SequencePoint vc="12" uspid="367" ordinal="1" sl="367" sc="1" el="367" ec="2" bec="0" bev="0" fileid="1" />
                <SequencePoint vc="10" uspid="369" ordinal="2" sl="369" sc="1" el="369" ec="2" bec="0" bev="0" fileid="1" />
                <SequencePoint vc="10" uspid="370" ordinal="3" sl="370" sc="1" el="370" ec="2" bec="2" bev="2" fileid="1" />
                <SequencePoint vc="3" uspid="371" ordinal="4" sl="371" sc="1" el="371" ec="2" bec="0" bev="0" fileid="1" />
                <SequencePoint vc="3" uspid="372" ordinal="5" sl="372" sc="1" el="372" ec="2" bec="0" bev="0" fileid="1" />
                <SequencePoint vc="3" uspid="373" ordinal="6" sl="373" sc="1" el="373" ec="2" bec="0" bev="0" fileid="1" />
                <SequencePoint vc="7" uspid="376" ordinal="7" sl="376" sc="1" el="376" ec="2" bec="2" bev="2" fileid="1" />
                <SequencePoint vc="1" uspid="377" ordinal="8" sl="377" sc="1" el="377" ec="2" bec="0" bev="0" fileid="1" />
                <SequencePoint vc="1" uspid="378" ordinal="9" sl="378" sc="1" el="378" ec="2" bec="0" bev="0" fileid="1" />
                <SequencePoint vc="1" uspid="379" ordinal="10" sl="379" sc="1" el="379" ec="2" bec="0" bev="0" fileid="1" />
                <SequencePoint vc="6" uspid="382" ordinal="11" sl="382" sc="1" el="382" ec="2" bec="4" bev="4" fileid="1" />
                <SequencePoint vc="2" uspid="383" ordinal="12" sl="383" sc="1" el="383" ec="2" bec="0" bev="0" fileid="1" />
                <SequencePoint vc="2" uspid="384" ordinal="13" sl="384" sc="1" el="384" ec="2" bec="0" bev="0" fileid="1" />
                <SequencePoint vc="2" uspid="385" ordinal="14" sl="385" sc="1" el="385" ec="2" bec="0" bev="0" fileid="1" />
                <SequencePoint vc="4" uspid="389" ordinal="15" sl="389" sc="1" el="389" ec="2" bec="0" bev="0" fileid="1" />
                <SequencePoint vc="4" uspid="390" ordinal="16" sl="390" sc="1" el="390" ec="2" bec="0" bev="0" fileid="1" />
                <SequencePoint vc="4" uspid="391" ordinal="17" sl="391" sc="1" el="391" ec="2" bec="0" bev="0" fileid="1" />
                <SequencePoint vc="4" uspid="392" ordinal="18" sl="392" sc="1" el="392" ec="2" bec="0" bev="0" fileid="1" />
                <SequencePoint vc="4" uspid="393" ordinal="19" sl="393" sc="1" el="393" ec="2" bec="0" bev="0" fileid="1" />
                <SequencePoint vc="6" uspid="395" ordinal="20" sl="395" sc="1" el="395" ec="2" bec="0" bev="0" fileid="1" />
              </SequencePoints>
              <BranchPoints>
                <BranchPoint vc="3" uspid="370" ordinal="0" path="0" offset="26" offsetend="28" sl="370" fileid="1" />
                <BranchPoint vc="7" uspid="370" ordinal="1" path="1" offset="26" offsetend="44" sl="370" fileid="1" />
                <BranchPoint vc="1" uspid="376" ordinal="2" path="0" offset="52" offsetend="54" sl="376" fileid="1" />
                <BranchPoint vc="6" uspid="376" ordinal="3" path="1" offset="52" offsetend="70" sl="376" fileid="1" />
                <BranchPoint vc="2" uspid="382" ordinal="4" path="0" offset="76" offsetend="78" sl="382" fileid="1" />
                <BranchPoint vc="4" uspid="382" ordinal="5" path="1" offset="76" offsetend="88" sl="382" fileid="1" />
                <BranchPoint vc="2" uspid="382" ordinal="6" path="0" offset="93" offsetend="95" sl="382" fileid="1" />
                <BranchPoint vc="4" uspid="382" ordinal="7" path="1" offset="93" offsetend="111" sl="382" fileid="1" />
              </BranchPoints>
              <MethodPoint vc="21" uspid="0" p8:type="SequencePoint" ordinal="17" offset="17" sc="0" sl="366" ec="1" el="395" bec="0" bev="0" fileid="1" xmlns:p8="xsi" />
            </Method>
            <Method cyclomaticComplexity="10" nPathComplexity="10" sequenceCoverage="100" branchCoverage="100" isConstructor="False" isGetter="False" isSetter="False" isStatic="True">
              <Summary numSequencePoints="15" visitedSequencePoints="15" numBranchPoints="10" visitedBranchPoints="10" sequenceCoverage="100" branchCoverage="100" maxCyclomaticComplexity="10" minCyclomaticComplexity="10" visitedClasses="0" numClasses="0" visitedMethods="1" numMethods="1" />
              <MetadataToken />
              <Name>T EricksonLopez.Result.Error::GetMetadata(System.String)</Name>
              <FileRef uid="1" />
              <SequencePoints>
                <SequencePoint vc="11" uspid="409" ordinal="0" sl="409" sc="1" el="409" ec="2" bec="0" bev="0" fileid="1" />
                <SequencePoint vc="11" uspid="410" ordinal="1" sl="410" sc="1" el="410" ec="2" bec="0" bev="0" fileid="1" />
                <SequencePoint vc="9" uspid="412" ordinal="2" sl="412" sc="1" el="412" ec="2" bec="4" bev="4" fileid="1" />
                <SequencePoint vc="2" uspid="413" ordinal="3" sl="413" sc="1" el="413" ec="2" bec="0" bev="0" fileid="1" />
                <SequencePoint vc="7" uspid="415" ordinal="4" sl="415" sc="1" el="415" ec="2" bec="4" bev="4" fileid="1" />
                <SequencePoint vc="2" uspid="416" ordinal="5" sl="416" sc="1" el="416" ec="2" bec="0" bev="0" fileid="1" />
                <SequencePoint vc="5" uspid="418" ordinal="6" sl="418" sc="1" el="418" ec="2" bec="2" bev="2" fileid="1" />
                <SequencePoint vc="3" uspid="419" ordinal="7" sl="419" sc="1" el="419" ec="2" bec="0" bev="0" fileid="1" />
                <SequencePoint vc="3" uspid="420" ordinal="8" sl="420" sc="1" el="420" ec="2" bec="0" bev="0" fileid="1" />
                <SequencePoint vc="2" uspid="422" ordinal="9" sl="422" sc="1" el="422" ec="2" bec="0" bev="0" fileid="1" />
                <SequencePoint vc="2" uspid="423" ordinal="10" sl="423" sc="1" el="423" ec="2" bec="0" bev="0" fileid="1" />
                <SequencePoint vc="2" uspid="424" ordinal="11" sl="424" sc="1" el="424" ec="2" bec="0" bev="0" fileid="1" />
                <SequencePoint vc="2" uspid="425" ordinal="12" sl="425" sc="1" el="425" ec="2" bec="0" bev="0" fileid="1" />
                <SequencePoint vc="2" uspid="426" ordinal="13" sl="426" sc="1" el="426" ec="2" bec="0" bev="0" fileid="1" />
                <SequencePoint vc="2" uspid="427" ordinal="14" sl="427" sc="1" el="427" ec="2" bec="0" bev="0" fileid="1" />
              </SequencePoints>
              <BranchPoints>
                <BranchPoint vc="8" uspid="412" ordinal="0" path="0" offset="19" offsetend="21" sl="412" fileid="1" />
                <BranchPoint vc="1" uspid="412" ordinal="1" path="1" offset="19" offsetend="40" sl="412" fileid="1" />
                <BranchPoint vc="2" uspid="412" ordinal="2" path="0" offset="43" offsetend="45" sl="412" fileid="1" />
                <BranchPoint vc="7" uspid="412" ordinal="3" path="1" offset="43" offsetend="67" sl="412" fileid="1" />
                <BranchPoint vc="2" uspid="415" ordinal="4" path="0" offset="73" offsetend="75" sl="415" fileid="1" />
                <BranchPoint vc="5" uspid="415" ordinal="5" path="1" offset="73" offsetend="85" sl="415" fileid="1" />
                <BranchPoint vc="2" uspid="415" ordinal="6" path="0" offset="88" offsetend="90" sl="415" fileid="1" />
                <BranchPoint vc="5" uspid="415" ordinal="7" path="1" offset="88" offsetend="98" sl="415" fileid="1" />
                <BranchPoint vc="3" uspid="418" ordinal="8" path="0" offset="106" offsetend="108" sl="418" fileid="1" />
                <BranchPoint vc="2" uspid="418" ordinal="9" path="1" offset="106" offsetend="202" sl="418" fileid="1" />
              </BranchPoints>
              <MethodPoint vc="15" uspid="0" p8:type="SequencePoint" ordinal="18" offset="18" sc="0" sl="409" ec="1" el="427" bec="0" bev="0" fileid="1" xmlns:p8="xsi" />
            </Method>
            <Method cyclomaticComplexity="1" nPathComplexity="1" sequenceCoverage="100" branchCoverage="100" isConstructor="False" isGetter="False" isSetter="False" isStatic="True">
              <Summary numSequencePoints="7" visitedSequencePoints="7" numBranchPoints="0" visitedBranchPoints="0" sequenceCoverage="100" branchCoverage="100" maxCyclomaticComplexity="1" minCyclomaticComplexity="1" visitedClasses="0" numClasses="0" visitedMethods="1" numMethods="1" />
              <MetadataToken />
              <Name>EricksonLopez.Result.Error EricksonLopez.Result.Error::CreateSentinel(System.String,System.String,EricksonLopez.Result.ErrorType,EricksonLopez.Result.ErrorSeverity,EricksonLopez.Result.ErrorRetryability)</Name>
              <FileRef uid="1" />
              <SequencePoints>
                <SequencePoint vc="1" uspid="440" ordinal="0" sl="440" sc="1" el="440" ec="2" bec="0" bev="0" fileid="1" />
                <SequencePoint vc="1" uspid="441" ordinal="1" sl="441" sc="1" el="441" ec="2" bec="0" bev="0" fileid="1" />
                <SequencePoint vc="1" uspid="442" ordinal="2" sl="442" sc="1" el="442" ec="2" bec="0" bev="0" fileid="1" />
                <SequencePoint vc="1" uspid="443" ordinal="3" sl="443" sc="1" el="443" ec="2" bec="0" bev="0" fileid="1" />
                <SequencePoint vc="1" uspid="444" ordinal="4" sl="444" sc="1" el="444" ec="2" bec="0" bev="0" fileid="1" />
                <SequencePoint vc="1" uspid="445" ordinal="5" sl="445" sc="1" el="445" ec="2" bec="0" bev="0" fileid="1" />
                <SequencePoint vc="1" uspid="446" ordinal="6" sl="446" sc="1" el="446" ec="2" bec="0" bev="0" fileid="1" />
              </SequencePoints>
              <BranchPoints />
              <MethodPoint vc="7" uspid="0" p8:type="SequencePoint" ordinal="19" offset="19" sc="0" sl="440" ec="1" el="446" bec="0" bev="0" fileid="1" xmlns:p8="xsi" />
            </Method>
            <Method cyclomaticComplexity="1" nPathComplexity="1" sequenceCoverage="100" branchCoverage="100" isConstructor="False" isGetter="False" isSetter="False" isStatic="True">
              <Summary numSequencePoints="1" visitedSequencePoints="1" numBranchPoints="0" visitedBranchPoints="0" sequenceCoverage="100" branchCoverage="100" maxCyclomaticComplexity="1" minCyclomaticComplexity="1" visitedClasses="0" numClasses="0" visitedMethods="1" numMethods="1" />
              <MetadataToken />
              <Name>EricksonLopez.Result.ErrorBuilder EricksonLopez.Result.Error::Create(System.String,System.String)</Name>
              <FileRef uid="1" />
              <SequencePoints>
                <SequencePoint vc="205" uspid="470" ordinal="0" sl="470" sc="1" el="470" ec="2" bec="0" bev="0" fileid="1" />
              </SequencePoints>
              <BranchPoints />
              <MethodPoint vc="1" uspid="0" p8:type="SequencePoint" ordinal="20" offset="20" sc="0" sl="470" ec="1" el="470" bec="0" bev="0" fileid="1" xmlns:p8="xsi" />
            </Method>
            <Method cyclomaticComplexity="1" nPathComplexity="1" sequenceCoverage="100" branchCoverage="100" isConstructor="False" isGetter="False" isSetter="False" isStatic="True">
              <Summary numSequencePoints="1" visitedSequencePoints="1" numBranchPoints="0" visitedBranchPoints="0" sequenceCoverage="100" branchCoverage="100" maxCyclomaticComplexity="1" minCyclomaticComplexity="1" visitedClasses="0" numClasses="0" visitedMethods="1" numMethods="1" />
              <MetadataToken />
              <Name>EricksonLopez.Result.Error EricksonLopez.Result.Error::Custom(System.String,System.String,EricksonLopez.Result.ErrorType,EricksonLopez.Result.ErrorSeverity,EricksonLopez.Result.ErrorRetryability,System.String,System.String,System.String,System.Collections.Generic.IReadOnlyList`1&lt;EricksonLopez.Result.Error&gt;,System.Collections.Generic.IReadOnlyDictionary`2&lt;System.String,System.Object&gt;)</Name>
              <FileRef uid="1" />
              <SequencePoints>
                <SequencePoint vc="77" uspid="489" ordinal="0" sl="489" sc="1" el="489" ec="2" bec="0" bev="0" fileid="1" />
              </SequencePoints>
              <BranchPoints />
              <MethodPoint vc="1" uspid="0" p8:type="SequencePoint" ordinal="21" offset="21" sc="0" sl="489" ec="1" el="489" bec="0" bev="0" fileid="1" xmlns:p8="xsi" />
            </Method>
            <Method cyclomaticComplexity="1" nPathComplexity="1" sequenceCoverage="100" branchCoverage="100" isConstructor="False" isGetter="False" isSetter="False" isStatic="True">
              <Summary numSequencePoints="1" visitedSequencePoints="1" numBranchPoints="0" visitedBranchPoints="0" sequenceCoverage="100" branchCoverage="100" maxCyclomaticComplexity="1" minCyclomaticComplexity="1" visitedClasses="0" numClasses="0" visitedMethods="1" numMethods="1" />
              <MetadataToken />
              <Name>EricksonLopez.Result.Error EricksonLopez.Result.Error::Custom(System.String,System.String,EricksonLopez.Result.ErrorType,EricksonLopez.Result.ErrorSeverity,EricksonLopez.Result.ErrorRetryability,System.Collections.Generic.IReadOnlyDictionary`2&lt;System.String,System.Object&gt;,EricksonLopez.Result.Error[])</Name>
              <FileRef uid="1" />
              <SequencePoints>
                <SequencePoint vc="2" uspid="505" ordinal="0" sl="505" sc="1" el="505" ec="2" bec="0" bev="0" fileid="1" />
              </SequencePoints>
              <BranchPoints />
              <MethodPoint vc="1" uspid="0" p8:type="SequencePoint" ordinal="22" offset="22" sc="0" sl="505" ec="1" el="505" bec="0" bev="0" fileid="1" xmlns:p8="xsi" />
            </Method>
            <Method cyclomaticComplexity="1" nPathComplexity="1" sequenceCoverage="100" branchCoverage="100" isConstructor="False" isGetter="False" isSetter="False" isStatic="True">
              <Summary numSequencePoints="1" visitedSequencePoints="1" numBranchPoints="0" visitedBranchPoints="0" sequenceCoverage="100" branchCoverage="100" maxCyclomaticComplexity="1" minCyclomaticComplexity="1" visitedClasses="0" numClasses="0" visitedMethods="1" numMethods="1" />
              <MetadataToken />
              <Name>EricksonLopez.Result.Error EricksonLopez.Result.Error::Failure(System.String,System.String)</Name>
              <FileRef uid="1" />
              <SequencePoints>
                <SequencePoint vc="772" uspid="510" ordinal="0" sl="510" sc="1" el="510" ec="2" bec="0" bev="0" fileid="1" />
              </SequencePoints>
              <BranchPoints />
              <MethodPoint vc="1" uspid="0" p8:type="SequencePoint" ordinal="23" offset="23" sc="0" sl="510" ec="1" el="510" bec="0" bev="0" fileid="1" xmlns:p8="xsi" />
            </Method>
            <Method cyclomaticComplexity="1" nPathComplexity="1" sequenceCoverage="100" branchCoverage="100" isConstructor="False" isGetter="False" isSetter="False" isStatic="True">
              <Summary numSequencePoints="1" visitedSequencePoints="1" numBranchPoints="0" visitedBranchPoints="0" sequenceCoverage="100" branchCoverage="100" maxCyclomaticComplexity="1" minCyclomaticComplexity="1" visitedClasses="0" numClasses="0" visitedMethods="1" numMethods="1" />
              <MetadataToken />
              <Name>EricksonLopez.Result.Error EricksonLopez.Result.Error::Failure(System.String,System.String,EricksonLopez.Result.Error[])</Name>
              <FileRef uid="1" />
              <SequencePoints>
                <SequencePoint vc="40" uspid="515" ordinal="0" sl="515" sc="1" el="515" ec="2" bec="0" bev="0" fileid="1" />
              </SequencePoints>
              <BranchPoints />
              <MethodPoint vc="1" uspid="0" p8:type="SequencePoint" ordinal="24" offset="24" sc="0" sl="515" ec="1" el="515" bec="0" bev="0" fileid="1" xmlns:p8="xsi" />
            </Method>
            <Method cyclomaticComplexity="1" nPathComplexity="1" sequenceCoverage="100" branchCoverage="100" isConstructor="False" isGetter="False" isSetter="False" isStatic="True">
              <Summary numSequencePoints="1" visitedSequencePoints="1" numBranchPoints="0" visitedBranchPoints="0" sequenceCoverage="100" branchCoverage="100" maxCyclomaticComplexity="1" minCyclomaticComplexity="1" visitedClasses="0" numClasses="0" visitedMethods="1" numMethods="1" />
              <MetadataToken />
              <Name>EricksonLopez.Result.Error EricksonLopez.Result.Error::Validation(System.String,System.String)</Name>
              <FileRef uid="1" />
              <SequencePoints>
                <SequencePoint vc="51" uspid="520" ordinal="0" sl="520" sc="1" el="520" ec="2" bec="0" bev="0" fileid="1" />
              </SequencePoints>
              <BranchPoints />
              <MethodPoint vc="1" uspid="0" p8:type="SequencePoint" ordinal="25" offset="25" sc="0" sl="520" ec="1" el="520" bec="0" bev="0" fileid="1" xmlns:p8="xsi" />
            </Method>
            <Method cyclomaticComplexity="1" nPathComplexity="1" sequenceCoverage="100" branchCoverage="100" isConstructor="False" isGetter="False" isSetter="False" isStatic="True">
              <Summary numSequencePoints="1" visitedSequencePoints="1" numBranchPoints="0" visitedBranchPoints="0" sequenceCoverage="100" branchCoverage="100" maxCyclomaticComplexity="1" minCyclomaticComplexity="1" visitedClasses="0" numClasses="0" visitedMethods="1" numMethods="1" />
              <MetadataToken />
              <Name>EricksonLopez.Result.Error EricksonLopez.Result.Error::Validation(System.String,System.String,EricksonLopez.Result.Error[])</Name>
              <FileRef uid="1" />
              <SequencePoints>
                <SequencePoint vc="1" uspid="525" ordinal="0" sl="525" sc="1" el="525" ec="2" bec="0" bev="0" fileid="1" />
              </SequencePoints>
              <BranchPoints />
              <MethodPoint vc="1" uspid="0" p8:type="SequencePoint" ordinal="26" offset="26" sc="0" sl="525" ec="1" el="525" bec="0" bev="0" fileid="1" xmlns:p8="xsi" />
            </Method>
            <Method cyclomaticComplexity="1" nPathComplexity="1" sequenceCoverage="100" branchCoverage="100" isConstructor="False" isGetter="False" isSetter="False" isStatic="True">
              <Summary numSequencePoints="1" visitedSequencePoints="1" numBranchPoints="0" visitedBranchPoints="0" sequenceCoverage="100" branchCoverage="100" maxCyclomaticComplexity="1" minCyclomaticComplexity="1" visitedClasses="0" numClasses="0" visitedMethods="1" numMethods="1" />
              <MetadataToken />
              <Name>EricksonLopez.Result.Error EricksonLopez.Result.Error::NotFound(System.String,System.String)</Name>
              <FileRef uid="1" />
              <SequencePoints>
                <SequencePoint vc="21" uspid="530" ordinal="0" sl="530" sc="1" el="530" ec="2" bec="0" bev="0" fileid="1" />
              </SequencePoints>
              <BranchPoints />
              <MethodPoint vc="1" uspid="0" p8:type="SequencePoint" ordinal="27" offset="27" sc="0" sl="530" ec="1" el="530" bec="0" bev="0" fileid="1" xmlns:p8="xsi" />
            </Method>
            <Method cyclomaticComplexity="1" nPathComplexity="1" sequenceCoverage="100" branchCoverage="100" isConstructor="False" isGetter="False" isSetter="False" isStatic="True">
              <Summary numSequencePoints="1" visitedSequencePoints="1" numBranchPoints="0" visitedBranchPoints="0" sequenceCoverage="100" branchCoverage="100" maxCyclomaticComplexity="1" minCyclomaticComplexity="1" visitedClasses="0" numClasses="0" visitedMethods="1" numMethods="1" />
              <MetadataToken />
              <Name>EricksonLopez.Result.Error EricksonLopez.Result.Error::Conflict(System.String,System.String)</Name>
              <FileRef uid="1" />
              <SequencePoints>
                <SequencePoint vc="13" uspid="535" ordinal="0" sl="535" sc="1" el="535" ec="2" bec="0" bev="0" fileid="1" />
              </SequencePoints>
              <BranchPoints />
              <MethodPoint vc="1" uspid="0" p8:type="SequencePoint" ordinal="28" offset="28" sc="0" sl="535" ec="1" el="535" bec="0" bev="0" fileid="1" xmlns:p8="xsi" />
            </Method>
            <Method cyclomaticComplexity="1" nPathComplexity="1" sequenceCoverage="100" branchCoverage="100" isConstructor="False" isGetter="False" isSetter="False" isStatic="True">
              <Summary numSequencePoints="1" visitedSequencePoints="1" numBranchPoints="0" visitedBranchPoints="0" sequenceCoverage="100" branchCoverage="100" maxCyclomaticComplexity="1" minCyclomaticComplexity="1" visitedClasses="0" numClasses="0" visitedMethods="1" numMethods="1" />
              <MetadataToken />
              <Name>EricksonLopez.Result.Error EricksonLopez.Result.Error::Unauthorized(System.String,System.String)</Name>
              <FileRef uid="1" />
              <SequencePoints>
                <SequencePoint vc="3" uspid="540" ordinal="0" sl="540" sc="1" el="540" ec="2" bec="0" bev="0" fileid="1" />
              </SequencePoints>
              <BranchPoints />
              <MethodPoint vc="1" uspid="0" p8:type="SequencePoint" ordinal="29" offset="29" sc="0" sl="540" ec="1" el="540" bec="0" bev="0" fileid="1" xmlns:p8="xsi" />
            </Method>
            <Method cyclomaticComplexity="1" nPathComplexity="1" sequenceCoverage="100" branchCoverage="100" isConstructor="False" isGetter="False" isSetter="False" isStatic="True">
              <Summary numSequencePoints="1" visitedSequencePoints="1" numBranchPoints="0" visitedBranchPoints="0" sequenceCoverage="100" branchCoverage="100" maxCyclomaticComplexity="1" minCyclomaticComplexity="1" visitedClasses="0" numClasses="0" visitedMethods="1" numMethods="1" />
              <MetadataToken />
              <Name>EricksonLopez.Result.Error EricksonLopez.Result.Error::Forbidden(System.String,System.String)</Name>
              <FileRef uid="1" />
              <SequencePoints>
                <SequencePoint vc="2" uspid="545" ordinal="0" sl="545" sc="1" el="545" ec="2" bec="0" bev="0" fileid="1" />
              </SequencePoints>
              <BranchPoints />
              <MethodPoint vc="1" uspid="0" p8:type="SequencePoint" ordinal="30" offset="30" sc="0" sl="545" ec="1" el="545" bec="0" bev="0" fileid="1" xmlns:p8="xsi" />
            </Method>
            <Method cyclomaticComplexity="1" nPathComplexity="1" sequenceCoverage="100" branchCoverage="100" isConstructor="False" isGetter="False" isSetter="False" isStatic="True">
              <Summary numSequencePoints="1" visitedSequencePoints="1" numBranchPoints="0" visitedBranchPoints="0" sequenceCoverage="100" branchCoverage="100" maxCyclomaticComplexity="1" minCyclomaticComplexity="1" visitedClasses="0" numClasses="0" visitedMethods="1" numMethods="1" />
              <MetadataToken />
              <Name>EricksonLopez.Result.Error EricksonLopez.Result.Error::Unavailable(System.String,System.String)</Name>
              <FileRef uid="1" />
              <SequencePoints>
                <SequencePoint vc="3" uspid="550" ordinal="0" sl="550" sc="1" el="550" ec="2" bec="0" bev="0" fileid="1" />
              </SequencePoints>
              <BranchPoints />
              <MethodPoint vc="1" uspid="0" p8:type="SequencePoint" ordinal="31" offset="31" sc="0" sl="550" ec="1" el="550" bec="0" bev="0" fileid="1" xmlns:p8="xsi" />
            </Method>
            <Method cyclomaticComplexity="1" nPathComplexity="1" sequenceCoverage="100" branchCoverage="100" isConstructor="False" isGetter="False" isSetter="False" isStatic="True">
              <Summary numSequencePoints="1" visitedSequencePoints="1" numBranchPoints="0" visitedBranchPoints="0" sequenceCoverage="100" branchCoverage="100" maxCyclomaticComplexity="1" minCyclomaticComplexity="1" visitedClasses="0" numClasses="0" visitedMethods="1" numMethods="1" />
              <MetadataToken />
              <Name>EricksonLopez.Result.Error EricksonLopez.Result.Error::Unexpected(System.String,System.String)</Name>
              <FileRef uid="1" />
              <SequencePoints>
                <SequencePoint vc="17" uspid="555" ordinal="0" sl="555" sc="1" el="555" ec="2" bec="0" bev="0" fileid="1" />
              </SequencePoints>
              <BranchPoints />
              <MethodPoint vc="1" uspid="0" p8:type="SequencePoint" ordinal="32" offset="32" sc="0" sl="555" ec="1" el="555" bec="0" bev="0" fileid="1" xmlns:p8="xsi" />
            </Method>
            <Method cyclomaticComplexity="1" nPathComplexity="1" sequenceCoverage="100" branchCoverage="100" isConstructor="False" isGetter="False" isSetter="False" isStatic="True">
              <Summary numSequencePoints="1" visitedSequencePoints="1" numBranchPoints="0" visitedBranchPoints="0" sequenceCoverage="100" branchCoverage="100" maxCyclomaticComplexity="1" minCyclomaticComplexity="1" visitedClasses="0" numClasses="0" visitedMethods="1" numMethods="1" />
              <MetadataToken />
              <Name>EricksonLopez.Result.Error EricksonLopez.Result.Error::Domain(System.String,System.String)</Name>
              <FileRef uid="1" />
              <SequencePoints>
                <SequencePoint vc="1" uspid="560" ordinal="0" sl="560" sc="1" el="560" ec="2" bec="0" bev="0" fileid="1" />
              </SequencePoints>
              <BranchPoints />
              <MethodPoint vc="1" uspid="0" p8:type="SequencePoint" ordinal="33" offset="33" sc="0" sl="560" ec="1" el="560" bec="0" bev="0" fileid="1" xmlns:p8="xsi" />
            </Method>
            <Method cyclomaticComplexity="1" nPathComplexity="1" sequenceCoverage="100" branchCoverage="100" isConstructor="False" isGetter="False" isSetter="False" isStatic="True">
              <Summary numSequencePoints="1" visitedSequencePoints="1" numBranchPoints="0" visitedBranchPoints="0" sequenceCoverage="100" branchCoverage="100" maxCyclomaticComplexity="1" minCyclomaticComplexity="1" visitedClasses="0" numClasses="0" visitedMethods="1" numMethods="1" />
              <MetadataToken />
              <Name>EricksonLopez.Result.Error EricksonLopez.Result.Error::Infrastructure(System.String,System.String)</Name>
              <FileRef uid="1" />
              <SequencePoints>
                <SequencePoint vc="6" uspid="565" ordinal="0" sl="565" sc="1" el="565" ec="2" bec="0" bev="0" fileid="1" />
              </SequencePoints>
              <BranchPoints />
              <MethodPoint vc="1" uspid="0" p8:type="SequencePoint" ordinal="34" offset="34" sc="0" sl="565" ec="1" el="565" bec="0" bev="0" fileid="1" xmlns:p8="xsi" />
            </Method>
            <Method cyclomaticComplexity="2" nPathComplexity="2" sequenceCoverage="100" branchCoverage="100" isConstructor="False" isGetter="False" isSetter="False" isStatic="True">
              <Summary numSequencePoints="8" visitedSequencePoints="8" numBranchPoints="2" visitedBranchPoints="2" sequenceCoverage="100" branchCoverage="100" maxCyclomaticComplexity="2" minCyclomaticComplexity="2" visitedClasses="0" numClasses="0" visitedMethods="1" numMethods="1" />
              <MetadataToken />
              <Name>EricksonLopez.Result.Error EricksonLopez.Result.Error::WithMetadata(System.String,System.Object)</Name>
              <FileRef uid="1" />
              <SequencePoints>
                <SequencePoint vc="50" uspid="588" ordinal="0" sl="588" sc="1" el="588" ec="2" bec="0" bev="0" fileid="1" />
                <SequencePoint vc="50" uspid="589" ordinal="1" sl="589" sc="1" el="589" ec="2" bec="0" bev="0" fileid="1" />
                <SequencePoint vc="49" uspid="591" ordinal="2" sl="591" sc="1" el="591" ec="2" bec="2" bev="2" fileid="1" />
                <SequencePoint vc="49" uspid="592" ordinal="3" sl="592" sc="1" el="592" ec="2" bec="0" bev="0" fileid="1" />
                <SequencePoint vc="49" uspid="593" ordinal="4" sl="593" sc="1" el="593" ec="2" bec="0" bev="0" fileid="1" />
                <SequencePoint vc="49" uspid="594" ordinal="5" sl="594" sc="1" el="594" ec="2" bec="0" bev="0" fileid="1" />
                <SequencePoint vc="49" uspid="595" ordinal="6" sl="595" sc="1" el="595" ec="2" bec="0" bev="0" fileid="1" />
                <SequencePoint vc="49" uspid="596" ordinal="7" sl="596" sc="1" el="596" ec="2" bec="0" bev="0" fileid="1" />
              </SequencePoints>
              <BranchPoints>
                <BranchPoint vc="37" uspid="591" ordinal="0" path="0" offset="19" offsetend="21" sl="591" fileid="1" />
                <BranchPoint vc="12" uspid="591" ordinal="1" path="1" offset="19" offsetend="28" sl="591" fileid="1" />
              </BranchPoints>
              <MethodPoint vc="8" uspid="0" p8:type="SequencePoint" ordinal="35" offset="35" sc="0" sl="588" ec="1" el="596" bec="0" bev="0" fileid="1" xmlns:p8="xsi" />
            </Method>
            <Method cyclomaticComplexity="6" nPathComplexity="6" sequenceCoverage="100" branchCoverage="100" isConstructor="False" isGetter="False" isSetter="False" isStatic="True">
              <Summary numSequencePoints="12" visitedSequencePoints="12" numBranchPoints="6" visitedBranchPoints="6" sequenceCoverage="100" branchCoverage="100" maxCyclomaticComplexity="6" minCyclomaticComplexity="6" visitedClasses="0" numClasses="0" visitedMethods="1" numMethods="1" />
              <MetadataToken />
              <Name>EricksonLopez.Result.Error EricksonLopez.Result.Error::WithMetadata(System.Collections.Generic.IReadOnlyDictionary`2&lt;System.String,System.Object&gt;)</Name>
              <FileRef uid="1" />
              <SequencePoints>
                <SequencePoint vc="6" uspid="605" ordinal="0" sl="605" sc="1" el="605" ec="2" bec="0" bev="0" fileid="1" />
                <SequencePoint vc="6" uspid="606" ordinal="1" sl="606" sc="1" el="606" ec="2" bec="0" bev="0" fileid="1" />
                <SequencePoint vc="6" uspid="607" ordinal="2" sl="607" sc="1" el="607" ec="2" bec="2" bev="2" fileid="1" />
                <SequencePoint vc="4" uspid="608" ordinal="3" sl="608" sc="1" el="608" ec="2" bec="2" bev="2" fileid="1" />
                <SequencePoint vc="4" uspid="609" ordinal="4" sl="609" sc="1" el="609" ec="2" bec="0" bev="0" fileid="1" />
                <SequencePoint vc="4" uspid="610" ordinal="5" sl="610" sc="1" el="610" ec="2" bec="0" bev="0" fileid="1" />
                <SequencePoint vc="42" uspid="612" ordinal="6" sl="612" sc="1" el="612" ec="2" bec="2" bev="2" fileid="1" />
                <SequencePoint vc="15" uspid="613" ordinal="7" sl="613" sc="1" el="613" ec="2" bec="0" bev="0" fileid="1" />
                <SequencePoint vc="15" uspid="614" ordinal="8" sl="614" sc="1" el="614" ec="2" bec="0" bev="0" fileid="1" />
                <SequencePoint vc="15" uspid="615" ordinal="9" sl="615" sc="1" el="615" ec="2" bec="0" bev="0" fileid="1" />
                <SequencePoint vc="4" uspid="617" ordinal="10" sl="617" sc="1" el="617" ec="2" bec="0" bev="0" fileid="1" />
                <SequencePoint vc="5" uspid="618" ordinal="11" sl="618" sc="1" el="618" ec="2" bec="0" bev="0" fileid="1" />
              </SequencePoints>
              <BranchPoints>
                <BranchPoint vc="1" uspid="607" ordinal="0" path="0" offset="24" offsetend="26" sl="607" fileid="1" />
                <BranchPoint vc="4" uspid="607" ordinal="1" path="1" offset="24" offsetend="33" sl="607" fileid="1" />
                <BranchPoint vc="3" uspid="608" ordinal="2" path="0" offset="39" offsetend="41" sl="608" fileid="1" />
                <BranchPoint vc="1" uspid="608" ordinal="3" path="1" offset="39" offsetend="48" sl="608" fileid="1" />
                <BranchPoint vc="15" uspid="612" ordinal="5" path="1" offset="107" offsetend="70" sl="612" fileid="1" />
                <BranchPoint vc="4" uspid="612" ordinal="4" path="0" offset="107" offsetend="109" sl="612" fileid="1" />
              </BranchPoints>
              <MethodPoint vc="12" uspid="0" p8:type="SequencePoint" ordinal="36" offset="36" sc="0" sl="605" ec="1" el="618" bec="0" bev="0" fileid="1" xmlns:p8="xsi" />
            </Method>
            <Method cyclomaticComplexity="6" nPathComplexity="6" sequenceCoverage="100" branchCoverage="100" isConstructor="False" isGetter="False" isSetter="False" isStatic="True">
              <Summary numSequencePoints="14" visitedSequencePoints="14" numBranchPoints="6" visitedBranchPoints="6" sequenceCoverage="100" branchCoverage="100" maxCyclomaticComplexity="6" minCyclomaticComplexity="6" visitedClasses="0" numClasses="0" visitedMethods="1" numMethods="1" />
              <MetadataToken />
              <Name>EricksonLopez.Result.Error EricksonLopez.Result.Error::WithMetadata(System.Collections.Generic.IEnumerable`1&lt;System.Collections.Generic.KeyValuePair`2&lt;System.String,System.Object&gt;&gt;)</Name>
              <FileRef uid="1" />
              <SequencePoints>
                <SequencePoint vc="5" uspid="627" ordinal="0" sl="627" sc="1" el="627" ec="2" bec="0" bev="0" fileid="1" />
                <SequencePoint vc="5" uspid="628" ordinal="1" sl="628" sc="1" el="628" ec="2" bec="0" bev="0" fileid="1" />
                <SequencePoint vc="4" uspid="629" ordinal="2" sl="629" sc="1" el="629" ec="2" bec="2" bev="2" fileid="1" />
                <SequencePoint vc="4" uspid="630" ordinal="3" sl="630" sc="1" el="630" ec="2" bec="0" bev="0" fileid="1" />
                <SequencePoint vc="4" uspid="631" ordinal="4" sl="631" sc="1" el="631" ec="2" bec="0" bev="0" fileid="1" />
                <SequencePoint vc="4" uspid="632" ordinal="5" sl="632" sc="1" el="632" ec="2" bec="0" bev="0" fileid="1" />
                <SequencePoint vc="20" uspid="633" ordinal="6" sl="633" sc="1" el="633" ec="2" bec="2" bev="2" fileid="1" />
                <SequencePoint vc="4" uspid="634" ordinal="7" sl="634" sc="1" el="634" ec="2" bec="0" bev="0" fileid="1" />
                <SequencePoint vc="4" uspid="635" ordinal="8" sl="635" sc="1" el="635" ec="2" bec="0" bev="0" fileid="1" />
                <SequencePoint vc="4" uspid="636" ordinal="9" sl="636" sc="1" el="636" ec="2" bec="0" bev="0" fileid="1" />
                <SequencePoint vc="4" uspid="637" ordinal="10" sl="637" sc="1" el="637" ec="2" bec="0" bev="0" fileid="1" />
                <SequencePoint vc="5" uspid="638" ordinal="11" sl="638" sc="1" el="638" ec="2" bec="2" bev="2" fileid="1" />
                <SequencePoint vc="3" uspid="639" ordinal="12" sl="639" sc="1" el="639" ec="2" bec="0" bev="0" fileid="1" />
                <SequencePoint vc="4" uspid="640" ordinal="13" sl="640" sc="1" el="640" ec="2" bec="0" bev="0" fileid="1" />
              </SequencePoints>
              <BranchPoints>
                <BranchPoint vc="3" uspid="629" ordinal="0" path="0" offset="19" offsetend="21" sl="629" fileid="1" />
                <BranchPoint vc="1" uspid="629" ordinal="1" path="1" offset="19" offsetend="28" sl="629" fileid="1" />
                <BranchPoint vc="4" uspid="633" ordinal="3" path="1" offset="90" offsetend="52" sl="633" fileid="1" />
                <BranchPoint vc="4" uspid="633" ordinal="2" path="0" offset="90" offsetend="92" sl="633" fileid="1" />
                <BranchPoint vc="1" uspid="638" ordinal="4" path="0" offset="113" offsetend="115" sl="638" fileid="1" />
                <BranchPoint vc="3" uspid="638" ordinal="5" path="1" offset="113" offsetend="120" sl="638" fileid="1" />
              </BranchPoints>
              <MethodPoint vc="14" uspid="0" p8:type="SequencePoint" ordinal="37" offset="37" sc="0" sl="627" ec="1" el="640" bec="0" bev="0" fileid="1" xmlns:p8="xsi" />
            </Method>
            <Method cyclomaticComplexity="1" nPathComplexity="1" sequenceCoverage="100" branchCoverage="100" isConstructor="False" isGetter="False" isSetter="False" isStatic="True">
              <Summary numSequencePoints="1" visitedSequencePoints="1" numBranchPoints="0" visitedBranchPoints="0" sequenceCoverage="100" branchCoverage="100" maxCyclomaticComplexity="1" minCyclomaticComplexity="1" visitedClasses="0" numClasses="0" visitedMethods="1" numMethods="1" />
              <MetadataToken />
              <Name>EricksonLopez.Result.Error EricksonLopez.Result.Error::WithTraceId(System.String)</Name>
              <FileRef uid="1" />
              <SequencePoints>
                <SequencePoint vc="16" uspid="656" ordinal="0" sl="656" sc="1" el="656" ec="2" bec="0" bev="0" fileid="1" />
              </SequencePoints>
              <BranchPoints />
              <MethodPoint vc="1" uspid="0" p8:type="SequencePoint" ordinal="38" offset="38" sc="0" sl="656" ec="1" el="656" bec="0" bev="0" fileid="1" xmlns:p8="xsi" />
            </Method>
            <Method cyclomaticComplexity="1" nPathComplexity="1" sequenceCoverage="100" branchCoverage="100" isConstructor="False" isGetter="False" isSetter="False" isStatic="True">
              <Summary numSequencePoints="1" visitedSequencePoints="1" numBranchPoints="0" visitedBranchPoints="0" sequenceCoverage="100" branchCoverage="100" maxCyclomaticComplexity="1" minCyclomaticComplexity="1" visitedClasses="0" numClasses="0" visitedMethods="1" numMethods="1" />
              <MetadataToken />
              <Name>EricksonLopez.Result.Error EricksonLopez.Result.Error::WithTraceId(System.Diagnostics.ActivityTraceId)</Name>
              <FileRef uid="1" />
              <SequencePoints>
                <SequencePoint vc="4" uspid="663" ordinal="0" sl="663" sc="1" el="663" ec="2" bec="0" bev="0" fileid="1" />
              </SequencePoints>
              <BranchPoints />
              <MethodPoint vc="1" uspid="0" p8:type="SequencePoint" ordinal="39" offset="39" sc="0" sl="663" ec="1" el="663" bec="0" bev="0" fileid="1" xmlns:p8="xsi" />
            </Method>
            <Method cyclomaticComplexity="1" nPathComplexity="1" sequenceCoverage="100" branchCoverage="100" isConstructor="False" isGetter="False" isSetter="False" isStatic="True">
              <Summary numSequencePoints="1" visitedSequencePoints="1" numBranchPoints="0" visitedBranchPoints="0" sequenceCoverage="100" branchCoverage="100" maxCyclomaticComplexity="1" minCyclomaticComplexity="1" visitedClasses="0" numClasses="0" visitedMethods="1" numMethods="1" />
              <MetadataToken />
              <Name>EricksonLopez.Result.Error EricksonLopez.Result.Error::ClearTraceId()</Name>
              <FileRef uid="1" />
              <SequencePoints>
                <SequencePoint vc="1" uspid="674" ordinal="0" sl="674" sc="1" el="674" ec="2" bec="0" bev="0" fileid="1" />
              </SequencePoints>
              <BranchPoints />
              <MethodPoint vc="1" uspid="0" p8:type="SequencePoint" ordinal="40" offset="40" sc="0" sl="674" ec="1" el="674" bec="0" bev="0" fileid="1" xmlns:p8="xsi" />
            </Method>
            <Method cyclomaticComplexity="1" nPathComplexity="1" sequenceCoverage="100" branchCoverage="100" isConstructor="False" isGetter="False" isSetter="False" isStatic="True">
              <Summary numSequencePoints="1" visitedSequencePoints="1" numBranchPoints="0" visitedBranchPoints="0" sequenceCoverage="100" branchCoverage="100" maxCyclomaticComplexity="1" minCyclomaticComplexity="1" visitedClasses="0" numClasses="0" visitedMethods="1" numMethods="1" />
              <MetadataToken />
              <Name>EricksonLopez.Result.Error EricksonLopez.Result.Error::WithCorrelationId(System.String)</Name>
              <FileRef uid="1" />
              <SequencePoints>
                <SequencePoint vc="7" uspid="678" ordinal="0" sl="678" sc="1" el="678" ec="2" bec="0" bev="0" fileid="1" />
              </SequencePoints>
              <BranchPoints />
              <MethodPoint vc="1" uspid="0" p8:type="SequencePoint" ordinal="41" offset="41" sc="0" sl="678" ec="1" el="678" bec="0" bev="0" fileid="1" xmlns:p8="xsi" />
            </Method>
            <Method cyclomaticComplexity="1" nPathComplexity="1" sequenceCoverage="100" branchCoverage="100" isConstructor="False" isGetter="False" isSetter="False" isStatic="True">
              <Summary numSequencePoints="1" visitedSequencePoints="1" numBranchPoints="0" visitedBranchPoints="0" sequenceCoverage="100" branchCoverage="100" maxCyclomaticComplexity="1" minCyclomaticComplexity="1" visitedClasses="0" numClasses="0" visitedMethods="1" numMethods="1" />
              <MetadataToken />
              <Name>EricksonLopez.Result.Error EricksonLopez.Result.Error::WithDescriptionKey(System.String)</Name>
              <FileRef uid="1" />
              <SequencePoints>
                <SequencePoint vc="8" uspid="682" ordinal="0" sl="682" sc="1" el="682" ec="2" bec="0" bev="0" fileid="1" />
              </SequencePoints>
              <BranchPoints />
              <MethodPoint vc="1" uspid="0" p8:type="SequencePoint" ordinal="42" offset="42" sc="0" sl="682" ec="1" el="682" bec="0" bev="0" fileid="1" xmlns:p8="xsi" />
            </Method>
            <Method cyclomaticComplexity="1" nPathComplexity="1" sequenceCoverage="100" branchCoverage="100" isConstructor="False" isGetter="False" isSetter="False" isStatic="True">
              <Summary numSequencePoints="1" visitedSequencePoints="1" numBranchPoints="0" visitedBranchPoints="0" sequenceCoverage="100" branchCoverage="100" maxCyclomaticComplexity="1" minCyclomaticComplexity="1" visitedClasses="0" numClasses="0" visitedMethods="1" numMethods="1" />
              <MetadataToken />
              <Name>EricksonLopez.Result.Error EricksonLopez.Result.Error::WithRetryability(EricksonLopez.Result.ErrorRetryability)</Name>
              <FileRef uid="1" />
              <SequencePoints>
                <SequencePoint vc="5" uspid="686" ordinal="0" sl="686" sc="1" el="686" ec="2" bec="0" bev="0" fileid="1" />
              </SequencePoints>
              <BranchPoints />
              <MethodPoint vc="1" uspid="0" p8:type="SequencePoint" ordinal="43" offset="43" sc="0" sl="686" ec="1" el="686" bec="0" bev="0" fileid="1" xmlns:p8="xsi" />
            </Method>
            <Method cyclomaticComplexity="1" nPathComplexity="1" sequenceCoverage="100" branchCoverage="100" isConstructor="False" isGetter="False" isSetter="False" isStatic="True">
              <Summary numSequencePoints="1" visitedSequencePoints="1" numBranchPoints="0" visitedBranchPoints="0" sequenceCoverage="100" branchCoverage="100" maxCyclomaticComplexity="1" minCyclomaticComplexity="1" visitedClasses="0" numClasses="0" visitedMethods="1" numMethods="1" />
              <MetadataToken />
              <Name>EricksonLopez.Result.ErrorBuilder EricksonLopez.Result.Error::ToBuilder()</Name>
              <FileRef uid="1" />
              <SequencePoints>
                <SequencePoint vc="22" uspid="702" ordinal="0" sl="702" sc="1" el="702" ec="2" bec="0" bev="0" fileid="1" />
              </SequencePoints>
              <BranchPoints />
              <MethodPoint vc="1" uspid="0" p8:type="SequencePoint" ordinal="44" offset="44" sc="0" sl="702" ec="1" el="702" bec="0" bev="0" fileid="1" xmlns:p8="xsi" />
            </Method>
            <Method cyclomaticComplexity="12" nPathComplexity="12" sequenceCoverage="100" branchCoverage="100" isConstructor="False" isGetter="False" isSetter="False" isStatic="True">
              <Summary numSequencePoints="9" visitedSequencePoints="9" numBranchPoints="12" visitedBranchPoints="12" sequenceCoverage="100" branchCoverage="100" maxCyclomaticComplexity="12" minCyclomaticComplexity="12" visitedClasses="0" numClasses="0" visitedMethods="1" numMethods="1" />
              <MetadataToken />
              <Name>System.Boolean EricksonLopez.Result.Error::Equals(EricksonLopez.Result.Error)</Name>
              <FileRef uid="1" />
              <SequencePoints>
                <SequencePoint vc="55" uspid="731" ordinal="0" sl="731" sc="1" el="731" ec="2" bec="0" bev="0" fileid="1" />
                <SequencePoint vc="61" uspid="732" ordinal="1" sl="732" sc="1" el="732" ec="2" bec="2" bev="2" fileid="1" />
                <SequencePoint vc="52" uspid="733" ordinal="2" sl="733" sc="1" el="733" ec="2" bec="2" bev="2" fileid="1" />
                <SequencePoint vc="46" uspid="735" ordinal="3" sl="735" sc="1" el="735" ec="2" bec="8" bev="8" fileid="1" />
                <SequencePoint vc="46" uspid="736" ordinal="4" sl="736" sc="1" el="736" ec="2" bec="0" bev="0" fileid="1" />
                <SequencePoint vc="46" uspid="737" ordinal="5" sl="737" sc="1" el="737" ec="2" bec="0" bev="0" fileid="1" />
                <SequencePoint vc="46" uspid="738" ordinal="6" sl="738" sc="1" el="738" ec="2" bec="0" bev="0" fileid="1" />
                <SequencePoint vc="46" uspid="739" ordinal="7" sl="739" sc="1" el="739" ec="2" bec="0" bev="0" fileid="1" />
                <SequencePoint vc="55" uspid="740" ordinal="8" sl="740" sc="1" el="740" ec="2" bec="0" bev="0" fileid="1" />
              </SequencePoints>
              <BranchPoints>
                <BranchPoint vc="6" uspid="732" ordinal="0" path="0" offset="7" offsetend="9" sl="732" fileid="1" />
                <BranchPoint vc="49" uspid="732" ordinal="1" path="1" offset="7" offsetend="13" sl="732" fileid="1" />
                <BranchPoint vc="3" uspid="733" ordinal="2" path="0" offset="19" offsetend="21" sl="733" fileid="1" />
                <BranchPoint vc="46" uspid="733" ordinal="3" path="1" offset="19" offsetend="25" sl="733" fileid="1" />
                <BranchPoint vc="37" uspid="735" ordinal="4" path="0" offset="43" offsetend="45" sl="735" fileid="1" />
                <BranchPoint vc="36" uspid="735" ordinal="6" path="0" offset="63" offsetend="65" sl="735" fileid="1" />
                <BranchPoint vc="36" uspid="735" ordinal="8" path="0" offset="77" offsetend="79" sl="735" fileid="1" />
                <BranchPoint vc="36" uspid="735" ordinal="10" path="0" offset="91" offsetend="93" sl="735" fileid="1" />
                <BranchPoint vc="10" uspid="735" ordinal="5" path="1" offset="43" offsetend="109" sl="735" fileid="1" />
                <BranchPoint vc="10" uspid="735" ordinal="7" path="1" offset="63" offsetend="109" sl="735" fileid="1" />
                <BranchPoint vc="10" uspid="735" ordinal="9" path="1" offset="77" offsetend="109" sl="735" fileid="1" />
                <BranchPoint vc="10" uspid="735" ordinal="11" path="1" offset="91" offsetend="109" sl="735" fileid="1" />
              </BranchPoints>
              <MethodPoint vc="9" uspid="0" p8:type="SequencePoint" ordinal="45" offset="45" sc="0" sl="731" ec="1" el="740" bec="0" bev="0" fileid="1" xmlns:p8="xsi" />
            </Method>
            <Method cyclomaticComplexity="1" nPathComplexity="1" sequenceCoverage="100" branchCoverage="100" isConstructor="False" isGetter="False" isSetter="False" isStatic="True">
              <Summary numSequencePoints="1" visitedSequencePoints="1" numBranchPoints="0" visitedBranchPoints="0" sequenceCoverage="100" branchCoverage="100" maxCyclomaticComplexity="1" minCyclomaticComplexity="1" visitedClasses="0" numClasses="0" visitedMethods="1" numMethods="1" />
              <MetadataToken />
              <Name>System.Boolean EricksonLopez.Result.Error::Equals(System.Object)</Name>
              <FileRef uid="1" />
              <SequencePoints>
                <SequencePoint vc="3" uspid="743" ordinal="0" sl="743" sc="1" el="743" ec="2" bec="0" bev="0" fileid="1" />
              </SequencePoints>
              <BranchPoints />
              <MethodPoint vc="1" uspid="0" p8:type="SequencePoint" ordinal="46" offset="46" sc="0" sl="743" ec="1" el="743" bec="0" bev="0" fileid="1" xmlns:p8="xsi" />
            </Method>
            <Method cyclomaticComplexity="1" nPathComplexity="1" sequenceCoverage="100" branchCoverage="100" isConstructor="False" isGetter="False" isSetter="False" isStatic="True">
              <Summary numSequencePoints="1" visitedSequencePoints="1" numBranchPoints="0" visitedBranchPoints="0" sequenceCoverage="100" branchCoverage="100" maxCyclomaticComplexity="1" minCyclomaticComplexity="1" visitedClasses="0" numClasses="0" visitedMethods="1" numMethods="1" />
              <MetadataToken />
              <Name>System.Int32 EricksonLopez.Result.Error::GetHashCode()</Name>
              <FileRef uid="1" />
              <SequencePoints>
                <SequencePoint vc="11" uspid="776" ordinal="0" sl="776" sc="1" el="776" ec="2" bec="0" bev="0" fileid="1" />
              </SequencePoints>
              <BranchPoints />
              <MethodPoint vc="1" uspid="0" p8:type="SequencePoint" ordinal="47" offset="47" sc="0" sl="776" ec="1" el="776" bec="0" bev="0" fileid="1" xmlns:p8="xsi" />
            </Method>
            <Method cyclomaticComplexity="26" nPathComplexity="26" sequenceCoverage="100" branchCoverage="100" isConstructor="False" isGetter="False" isSetter="False" isStatic="True">
              <Summary numSequencePoints="30" visitedSequencePoints="30" numBranchPoints="26" visitedBranchPoints="26" sequenceCoverage="100" branchCoverage="100" maxCyclomaticComplexity="26" minCyclomaticComplexity="26" visitedClasses="0" numClasses="0" visitedMethods="1" numMethods="1" />
              <MetadataToken />
              <Name>System.Boolean EricksonLopez.Result.Error::StrictEquals(EricksonLopez.Result.Error)</Name>
              <FileRef uid="1" />
              <SequencePoints>
                <SequencePoint vc="36" uspid="791" ordinal="0" sl="791" sc="1" el="791" ec="2" bec="0" bev="0" fileid="1" />
                <SequencePoint vc="44" uspid="792" ordinal="1" sl="792" sc="1" el="792" ec="2" bec="2" bev="2" fileid="1" />
                <SequencePoint vc="28" uspid="798" ordinal="2" sl="798" sc="1" el="798" ec="2" bec="0" bev="0" fileid="1" />
                <SequencePoint vc="28" uspid="799" ordinal="3" sl="799" sc="1" el="799" ec="2" bec="2" bev="2" fileid="1" />
                <SequencePoint vc="8" uspid="800" ordinal="4" sl="800" sc="1" el="800" ec="2" bec="0" bev="0" fileid="1" />
                <SequencePoint vc="20" uspid="802" ordinal="5" sl="802" sc="1" el="802" ec="2" bec="4" bev="4" fileid="1" />
                <SequencePoint vc="5" uspid="803" ordinal="6" sl="803" sc="1" el="803" ec="2" bec="0" bev="0" fileid="1" />
                <SequencePoint vc="15" uspid="805" ordinal="7" sl="805" sc="1" el="805" ec="2" bec="2" bev="2" fileid="1" />
                <SequencePoint vc="6" uspid="806" ordinal="8" sl="806" sc="1" el="806" ec="2" bec="0" bev="0" fileid="1" />
                <SequencePoint vc="6" uspid="809" ordinal="9" sl="809" sc="1" el="809" ec="2" bec="0" bev="0" fileid="1" />
                <SequencePoint vc="6" uspid="810" ordinal="10" sl="810" sc="1" el="810" ec="2" bec="0" bev="0" fileid="1" />
                <SequencePoint vc="7" uspid="811" ordinal="11" sl="811" sc="1" el="811" ec="2" bec="2" bev="2" fileid="1" />
                <SequencePoint vc="16" uspid="812" ordinal="12" sl="812" sc="1" el="812" ec="2" bec="2" bev="2" fileid="1" />
                <SequencePoint vc="6" uspid="813" ordinal="13" sl="813" sc="1" el="813" ec="2" bec="0" bev="0" fileid="1" />
                <SequencePoint vc="9" uspid="814" ordinal="14" sl="814" sc="1" el="814" ec="2" bec="2" bev="2" fileid="1" />
                <SequencePoint vc="3" uspid="815" ordinal="15" sl="815" sc="1" el="815" ec="2" bec="0" bev="0" fileid="1" />
                <SequencePoint vc="2" uspid="816" ordinal="16" sl="816" sc="1" el="816" ec="2" bec="0" bev="0" fileid="1" />
                <SequencePoint vc="11" uspid="818" ordinal="17" sl="818" sc="1" el="818" ec="2" bec="2" bev="2" fileid="1" />
                <SequencePoint vc="5" uspid="819" ordinal="18" sl="819" sc="1" el="819" ec="2" bec="0" bev="0" fileid="1" />
                <SequencePoint vc="5" uspid="822" ordinal="19" sl="822" sc="1" el="822" ec="2" bec="0" bev="0" fileid="1" />
                <SequencePoint vc="5" uspid="823" ordinal="20" sl="823" sc="1" el="823" ec="2" bec="0" bev="0" fileid="1" />
                <SequencePoint vc="6" uspid="824" ordinal="21" sl="824" sc="1" el="824" ec="2" bec="2" bev="2" fileid="1" />
                <SequencePoint vc="19" uspid="825" ordinal="22" sl="825" sc="1" el="825" ec="2" bec="2" bev="2" fileid="1" />
                <SequencePoint vc="5" uspid="826" ordinal="23" sl="826" sc="1" el="826" ec="2" bec="0" bev="0" fileid="1" />
                <SequencePoint vc="5" uspid="827" ordinal="24" sl="827" sc="1" el="827" ec="2" bec="4" bev="4" fileid="1" />
                <SequencePoint vc="3" uspid="828" ordinal="25" sl="828" sc="1" el="828" ec="2" bec="0" bev="0" fileid="1" />
                <SequencePoint vc="2" uspid="829" ordinal="26" sl="829" sc="1" el="829" ec="2" bec="0" bev="0" fileid="1" />
                <SequencePoint vc="1" uspid="830" ordinal="27" sl="830" sc="1" el="830" ec="2" bec="0" bev="0" fileid="1" />
                <SequencePoint vc="7" uspid="832" ordinal="28" sl="832" sc="1" el="832" ec="2" bec="0" bev="0" fileid="1" />
                <SequencePoint vc="36" uspid="833" ordinal="29" sl="833" sc="1" el="833" ec="2" bec="0" bev="0" fileid="1" />
              </SequencePoints>
              <BranchPoints>
                <BranchPoint vc="8" uspid="792" ordinal="0" path="0" offset="13" offsetend="15" sl="792" fileid="1" />
                <BranchPoint vc="28" uspid="792" ordinal="1" path="1" offset="13" offsetend="22" sl="792" fileid="1" />
                <BranchPoint vc="8" uspid="799" ordinal="2" path="0" offset="33" offsetend="35" sl="799" fileid="1" />
                <BranchPoint vc="20" uspid="799" ordinal="3" path="1" offset="33" offsetend="42" sl="799" fileid="1" />
                <BranchPoint vc="16" uspid="802" ordinal="4" path="0" offset="54" offsetend="56" sl="802" fileid="1" />
                <BranchPoint vc="4" uspid="802" ordinal="5" path="1" offset="54" offsetend="75" sl="802" fileid="1" />
                <BranchPoint vc="5" uspid="802" ordinal="6" path="0" offset="80" offsetend="82" sl="802" fileid="1" />
                <BranchPoint vc="15" uspid="802" ordinal="7" path="1" offset="80" offsetend="89" sl="802" fileid="1" />
                <BranchPoint vc="6" uspid="805" ordinal="8" path="0" offset="99" offsetend="101" sl="805" fileid="1" />
[...]
              <Summary numSequencePoints="4" visitedSequencePoints="4" numBranchPoints="6" visitedBranchPoints="6" sequenceCoverage="100" branchCoverage="100" maxCyclomaticComplexity="6" minCyclomaticComplexity="6" visitedClasses="0" numClasses="0" visitedMethods="1" numMethods="1" />
              <MetadataToken />
              <Name>EricksonLopez.Result.Result`1&lt;TValue&gt; EricksonLopez.Result.ResultSyncExtensions::Ensure(EricksonLopez.Result.Result`1&lt;TValue&gt;&amp;,TState,System.Func`3&lt;TState,TValue,System.Boolean&gt;,EricksonLopez.Result.Error)</Name>
              <FileRef uid="11" />
              <SequencePoints>
                <SequencePoint vc="4" uspid="209" ordinal="0" sl="209" sc="1" el="209" ec="2" bec="0" bev="0" fileid="11" />
                <SequencePoint vc="5" uspid="210" ordinal="1" sl="210" sc="1" el="210" ec="2" bec="2" bev="2" fileid="11" />
                <SequencePoint vc="3" uspid="211" ordinal="2" sl="211" sc="1" el="211" ec="2" bec="4" bev="4" fileid="11" />
                <SequencePoint vc="3" uspid="212" ordinal="3" sl="212" sc="1" el="212" ec="2" bec="0" bev="0" fileid="11" />
              </SequencePoints>
              <BranchPoints>
                <BranchPoint vc="1" uspid="210" ordinal="0" path="0" offset="9" offsetend="11" sl="210" fileid="11" />
                <BranchPoint vc="3" uspid="210" ordinal="1" path="1" offset="9" offsetend="17" sl="210" fileid="11" />
                <BranchPoint vc="2" uspid="211" ordinal="2" path="0" offset="23" offsetend="25" sl="211" fileid="11" />
                <BranchPoint vc="1" uspid="211" ordinal="4" path="0" offset="38" offsetend="40" sl="211" fileid="11" />
                <BranchPoint vc="1" uspid="211" ordinal="5" path="1" offset="38" offsetend="48" sl="211" fileid="11" />
                <BranchPoint vc="1" uspid="211" ordinal="3" path="1" offset="23" offsetend="56" sl="211" fileid="11" />
              </BranchPoints>
              <MethodPoint vc="4" uspid="0" p8:type="SequencePoint" ordinal="7" offset="7" sc="0" sl="209" ec="1" el="212" bec="0" bev="0" fileid="11" xmlns:p8="xsi" />
            </Method>
            <Method cyclomaticComplexity="6" nPathComplexity="6" sequenceCoverage="100" branchCoverage="100" isConstructor="False" isGetter="False" isSetter="False" isStatic="True">
              <Summary numSequencePoints="4" visitedSequencePoints="4" numBranchPoints="6" visitedBranchPoints="6" sequenceCoverage="100" branchCoverage="100" maxCyclomaticComplexity="6" minCyclomaticComplexity="6" visitedClasses="0" numClasses="0" visitedMethods="1" numMethods="1" />
              <MetadataToken />
              <Name>EricksonLopez.Result.Result`1&lt;TValue&gt; EricksonLopez.Result.ResultSyncExtensions::Ensure(EricksonLopez.Result.Result`1&lt;TValue&gt;&amp;,TState,System.Func`3&lt;TState,TValue,System.Boolean&gt;,System.Func`2&lt;TState,EricksonLopez.Result.Error&gt;)</Name>
              <FileRef uid="11" />
              <SequencePoints>
                <SequencePoint vc="4" uspid="229" ordinal="0" sl="229" sc="1" el="229" ec="2" bec="0" bev="0" fileid="11" />
                <SequencePoint vc="5" uspid="230" ordinal="1" sl="230" sc="1" el="230" ec="2" bec="2" bev="2" fileid="11" />
                <SequencePoint vc="3" uspid="231" ordinal="2" sl="231" sc="1" el="231" ec="2" bec="4" bev="4" fileid="11" />
                <SequencePoint vc="3" uspid="232" ordinal="3" sl="232" sc="1" el="232" ec="2" bec="0" bev="0" fileid="11" />
              </SequencePoints>
              <BranchPoints>
                <BranchPoint vc="1" uspid="230" ordinal="0" path="0" offset="9" offsetend="11" sl="230" fileid="11" />
                <BranchPoint vc="3" uspid="230" ordinal="1" path="1" offset="9" offsetend="17" sl="230" fileid="11" />
                <BranchPoint vc="2" uspid="231" ordinal="2" path="0" offset="23" offsetend="25" sl="231" fileid="11" />
                <BranchPoint vc="1" uspid="231" ordinal="4" path="0" offset="38" offsetend="40" sl="231" fileid="11" />
                <BranchPoint vc="1" uspid="231" ordinal="5" path="1" offset="38" offsetend="54" sl="231" fileid="11" />
                <BranchPoint vc="1" uspid="231" ordinal="3" path="1" offset="23" offsetend="62" sl="231" fileid="11" />
              </BranchPoints>
              <MethodPoint vc="4" uspid="0" p8:type="SequencePoint" ordinal="8" offset="8" sc="0" sl="229" ec="1" el="232" bec="0" bev="0" fileid="11" xmlns:p8="xsi" />
            </Method>
            <Method cyclomaticComplexity="6" nPathComplexity="6" sequenceCoverage="100" branchCoverage="100" isConstructor="False" isGetter="False" isSetter="False" isStatic="True">
              <Summary numSequencePoints="4" visitedSequencePoints="4" numBranchPoints="6" visitedBranchPoints="6" sequenceCoverage="100" branchCoverage="100" maxCyclomaticComplexity="6" minCyclomaticComplexity="6" visitedClasses="0" numClasses="0" visitedMethods="1" numMethods="1" />
              <MetadataToken />
              <Name>EricksonLopez.Result.Result`1&lt;TValue&gt; EricksonLopez.Result.ResultSyncExtensions::Ensure(EricksonLopez.Result.Result`1&lt;TValue&gt;&amp;,TState,System.Func`3&lt;TState,TValue,System.Boolean&gt;,System.Func`3&lt;TState,TValue,EricksonLopez.Result.Error&gt;)</Name>
              <FileRef uid="11" />
              <SequencePoints>
                <SequencePoint vc="5" uspid="249" ordinal="0" sl="249" sc="1" el="249" ec="2" bec="0" bev="0" fileid="11" />
                <SequencePoint vc="6" uspid="250" ordinal="1" sl="250" sc="1" el="250" ec="2" bec="2" bev="2" fileid="11" />
                <SequencePoint vc="4" uspid="251" ordinal="2" sl="251" sc="1" el="251" ec="2" bec="4" bev="4" fileid="11" />
                <SequencePoint vc="4" uspid="252" ordinal="3" sl="252" sc="1" el="252" ec="2" bec="0" bev="0" fileid="11" />
              </SequencePoints>
              <BranchPoints>
                <BranchPoint vc="1" uspid="250" ordinal="0" path="0" offset="9" offsetend="11" sl="250" fileid="11" />
                <BranchPoint vc="4" uspid="250" ordinal="1" path="1" offset="9" offsetend="17" sl="250" fileid="11" />
                <BranchPoint vc="2" uspid="251" ordinal="2" path="0" offset="23" offsetend="25" sl="251" fileid="11" />
                <BranchPoint vc="1" uspid="251" ordinal="4" path="0" offset="38" offsetend="40" sl="251" fileid="11" />
                <BranchPoint vc="1" uspid="251" ordinal="5" path="1" offset="38" offsetend="60" sl="251" fileid="11" />
                <BranchPoint vc="2" uspid="251" ordinal="3" path="1" offset="23" offsetend="68" sl="251" fileid="11" />
              </BranchPoints>
              <MethodPoint vc="4" uspid="0" p8:type="SequencePoint" ordinal="9" offset="9" sc="0" sl="249" ec="1" el="252" bec="0" bev="0" fileid="11" xmlns:p8="xsi" />
            </Method>
            <Method cyclomaticComplexity="4" nPathComplexity="4" sequenceCoverage="100" branchCoverage="100" isConstructor="False" isGetter="False" isSetter="False" isStatic="True">
              <Summary numSequencePoints="4" visitedSequencePoints="4" numBranchPoints="4" visitedBranchPoints="4" sequenceCoverage="100" branchCoverage="100" maxCyclomaticComplexity="4" minCyclomaticComplexity="4" visitedClasses="0" numClasses="0" visitedMethods="1" numMethods="1" />
              <MetadataToken />
              <Name>TOut EricksonLopez.Result.ResultSyncExtensions::Match(EricksonLopez.Result.Result`1&lt;TValue&gt;&amp;,System.Func`2&lt;TValue,TOut&gt;,System.Func`2&lt;EricksonLopez.Result.Error,TOut&gt;)</Name>
              <FileRef uid="11" />
              <SequencePoints>
                <SequencePoint vc="3" uspid="270" ordinal="0" sl="270" sc="1" el="270" ec="2" bec="0" bev="0" fileid="11" />
                <SequencePoint vc="4" uspid="271" ordinal="1" sl="271" sc="1" el="271" ec="2" bec="2" bev="2" fileid="11" />
                <SequencePoint vc="2" uspid="272" ordinal="2" sl="272" sc="1" el="272" ec="2" bec="2" bev="2" fileid="11" />
                <SequencePoint vc="2" uspid="273" ordinal="3" sl="273" sc="1" el="273" ec="2" bec="0" bev="0" fileid="11" />
              </SequencePoints>
              <BranchPoints>
                <BranchPoint vc="1" uspid="271" ordinal="0" path="0" offset="9" offsetend="11" sl="271" fileid="11" />
                <BranchPoint vc="2" uspid="271" ordinal="1" path="1" offset="9" offsetend="17" sl="271" fileid="11" />
                <BranchPoint vc="1" uspid="272" ordinal="2" path="0" offset="23" offsetend="25" sl="272" fileid="11" />
                <BranchPoint vc="1" uspid="272" ordinal="3" path="1" offset="23" offsetend="39" sl="272" fileid="11" />
              </BranchPoints>
              <MethodPoint vc="4" uspid="0" p8:type="SequencePoint" ordinal="10" offset="10" sc="0" sl="270" ec="1" el="273" bec="0" bev="0" fileid="11" xmlns:p8="xsi" />
            </Method>
            <Method cyclomaticComplexity="4" nPathComplexity="4" sequenceCoverage="100" branchCoverage="100" isConstructor="False" isGetter="False" isSetter="False" isStatic="True">
              <Summary numSequencePoints="4" visitedSequencePoints="4" numBranchPoints="4" visitedBranchPoints="4" sequenceCoverage="100" branchCoverage="100" maxCyclomaticComplexity="4" minCyclomaticComplexity="4" visitedClasses="0" numClasses="0" visitedMethods="1" numMethods="1" />
              <MetadataToken />
              <Name>TOut EricksonLopez.Result.ResultSyncExtensions::Match(EricksonLopez.Result.Result`1&lt;TValue&gt;&amp;,TState,System.Func`3&lt;TState,TValue,TOut&gt;,System.Func`3&lt;TState,EricksonLopez.Result.Error,TOut&gt;)</Name>
              <FileRef uid="11" />
              <SequencePoints>
                <SequencePoint vc="3" uspid="289" ordinal="0" sl="289" sc="1" el="289" ec="2" bec="0" bev="0" fileid="11" />
                <SequencePoint vc="4" uspid="290" ordinal="1" sl="290" sc="1" el="290" ec="2" bec="2" bev="2" fileid="11" />
                <SequencePoint vc="2" uspid="291" ordinal="2" sl="291" sc="1" el="291" ec="2" bec="2" bev="2" fileid="11" />
                <SequencePoint vc="2" uspid="292" ordinal="3" sl="292" sc="1" el="292" ec="2" bec="0" bev="0" fileid="11" />
              </SequencePoints>
              <BranchPoints>
                <BranchPoint vc="1" uspid="290" ordinal="0" path="0" offset="9" offsetend="11" sl="290" fileid="11" />
                <BranchPoint vc="2" uspid="290" ordinal="1" path="1" offset="9" offsetend="17" sl="290" fileid="11" />
                <BranchPoint vc="1" uspid="291" ordinal="2" path="0" offset="23" offsetend="25" sl="291" fileid="11" />
                <BranchPoint vc="1" uspid="291" ordinal="3" path="1" offset="23" offsetend="40" sl="291" fileid="11" />
              </BranchPoints>
              <MethodPoint vc="4" uspid="0" p8:type="SequencePoint" ordinal="11" offset="11" sc="0" sl="289" ec="1" el="292" bec="0" bev="0" fileid="11" xmlns:p8="xsi" />
            </Method>
            <Method cyclomaticComplexity="2" nPathComplexity="2" sequenceCoverage="100" branchCoverage="100" isConstructor="False" isGetter="False" isSetter="False" isStatic="True">
              <Summary numSequencePoints="8" visitedSequencePoints="8" numBranchPoints="2" visitedBranchPoints="2" sequenceCoverage="100" branchCoverage="100" maxCyclomaticComplexity="2" minCyclomaticComplexity="2" visitedClasses="0" numClasses="0" visitedMethods="1" numMethods="1" />
              <MetadataToken />
              <Name>System.Boolean EricksonLopez.Result.ResultSyncExtensions::TryGetValue(EricksonLopez.Result.Result`1&lt;TValue&gt;&amp;,TValue&amp;)</Name>
              <FileRef uid="11" />
              <SequencePoints>
                <SequencePoint vc="3" uspid="313" ordinal="0" sl="313" sc="1" el="313" ec="2" bec="0" bev="0" fileid="11" />
                <SequencePoint vc="3" uspid="318" ordinal="1" sl="318" sc="1" el="318" ec="2" bec="2" bev="2" fileid="11" />
                <SequencePoint vc="1" uspid="319" ordinal="2" sl="319" sc="1" el="319" ec="2" bec="0" bev="0" fileid="11" />
                <SequencePoint vc="1" uspid="320" ordinal="3" sl="320" sc="1" el="320" ec="2" bec="0" bev="0" fileid="11" />
                <SequencePoint vc="1" uspid="321" ordinal="4" sl="321" sc="1" el="321" ec="2" bec="0" bev="0" fileid="11" />
                <SequencePoint vc="2" uspid="323" ordinal="5" sl="323" sc="1" el="323" ec="2" bec="0" bev="0" fileid="11" />
                <SequencePoint vc="2" uspid="324" ordinal="6" sl="324" sc="1" el="324" ec="2" bec="0" bev="0" fileid="11" />
                <SequencePoint vc="3" uspid="325" ordinal="7" sl="325" sc="1" el="325" ec="2" bec="0" bev="0" fileid="11" />
              </SequencePoints>
              <BranchPoints>
                <BranchPoint vc="1" uspid="318" ordinal="0" path="0" offset="9" offsetend="11" sl="318" fileid="11" />
                <BranchPoint vc="2" uspid="318" ordinal="1" path="1" offset="9" offsetend="28" sl="318" fileid="11" />
              </BranchPoints>
              <MethodPoint vc="8" uspid="0" p8:type="SequencePoint" ordinal="12" offset="12" sc="0" sl="313" ec="1" el="325" bec="0" bev="0" fileid="11" xmlns:p8="xsi" />
            </Method>
            <Method cyclomaticComplexity="2" nPathComplexity="2" sequenceCoverage="100" branchCoverage="100" isConstructor="False" isGetter="False" isSetter="False" isStatic="True">
              <Summary numSequencePoints="3" visitedSequencePoints="3" numBranchPoints="2" visitedBranchPoints="2" sequenceCoverage="100" branchCoverage="100" maxCyclomaticComplexity="2" minCyclomaticComplexity="2" visitedClasses="0" numClasses="0" visitedMethods="1" numMethods="1" />
              <MetadataToken />
              <Name>TValue EricksonLopez.Result.ResultSyncExtensions::GetValueOrDefault(EricksonLopez.Result.Result`1&lt;TValue&gt;&amp;,TValue)</Name>
              <FileRef uid="11" />
              <SequencePoints>
                <SequencePoint vc="4" uspid="347" ordinal="0" sl="347" sc="1" el="347" ec="2" bec="0" bev="0" fileid="11" />
                <SequencePoint vc="4" uspid="351" ordinal="1" sl="351" sc="1" el="351" ec="2" bec="2" bev="2" fileid="11" />
                <SequencePoint vc="4" uspid="352" ordinal="2" sl="352" sc="1" el="352" ec="2" bec="0" bev="0" fileid="11" />
              </SequencePoints>
              <BranchPoints>
                <BranchPoint vc="3" uspid="351" ordinal="0" path="0" offset="7" offsetend="9" sl="351" fileid="11" />
                <BranchPoint vc="1" uspid="351" ordinal="1" path="1" offset="7" offsetend="12" sl="351" fileid="11" />
              </BranchPoints>
              <MethodPoint vc="3" uspid="0" p8:type="SequencePoint" ordinal="13" offset="13" sc="0" sl="347" ec="1" el="352" bec="0" bev="0" fileid="11" xmlns:p8="xsi" />
            </Method>
          </Methods>
        </Class>
        <Class>
          <Summary numSequencePoints="6" visitedSequencePoints="6" numBranchPoints="0" visitedBranchPoints="0" sequenceCoverage="100" branchCoverage="100" maxCyclomaticComplexity="1" minCyclomaticComplexity="1" visitedClasses="1" numClasses="1" visitedMethods="2" numMethods="2" />
          <FullName>EricksonLopez.Result.ResultThrowHelper</FullName>
          <Methods>
            <Method cyclomaticComplexity="1" nPathComplexity="1" sequenceCoverage="100" branchCoverage="100" isConstructor="False" isGetter="False" isSetter="False" isStatic="True">
              <Summary numSequencePoints="3" visitedSequencePoints="3" numBranchPoints="0" visitedBranchPoints="0" sequenceCoverage="100" branchCoverage="100" maxCyclomaticComplexity="1" minCyclomaticComplexity="1" visitedClasses="0" numClasses="0" visitedMethods="1" numMethods="1" />
              <MetadataToken />
              <Name>System.Void EricksonLopez.Result.ResultThrowHelper::ThrowUninitialized()</Name>
              <FileRef uid="12" />
              <SequencePoints>
                <SequencePoint vc="43" uspid="21" ordinal="0" sl="21" sc="1" el="21" ec="2" bec="0" bev="0" fileid="12" />
                <SequencePoint vc="43" uspid="22" ordinal="1" sl="22" sc="1" el="22" ec="2" bec="0" bev="0" fileid="12" />
                <SequencePoint vc="43" uspid="23" ordinal="2" sl="23" sc="1" el="23" ec="2" bec="0" bev="0" fileid="12" />
              </SequencePoints>
              <BranchPoints />
              <MethodPoint vc="3" uspid="0" p8:type="SequencePoint" ordinal="0" offset="0" sc="0" sl="21" ec="1" el="23" bec="0" bev="0" fileid="12" xmlns:p8="xsi" />
            </Method>
            <Method cyclomaticComplexity="1" nPathComplexity="1" sequenceCoverage="100" branchCoverage="100" isConstructor="False" isGetter="False" isSetter="False" isStatic="True">
              <Summary numSequencePoints="3" visitedSequencePoints="3" numBranchPoints="0" visitedBranchPoints="0" sequenceCoverage="100" branchCoverage="100" maxCyclomaticComplexity="1" minCyclomaticComplexity="1" visitedClasses="0" numClasses="0" visitedMethods="1" numMethods="1" />
              <MetadataToken />
              <Name>System.Void EricksonLopez.Result.ResultThrowHelper::ThrowUninitializedOfT()</Name>
              <FileRef uid="12" />
              <SequencePoints>
                <SequencePoint vc="61" uspid="28" ordinal="0" sl="28" sc="1" el="28" ec="2" bec="0" bev="0" fileid="12" />
                <SequencePoint vc="61" uspid="29" ordinal="1" sl="29" sc="1" el="29" ec="2" bec="0" bev="0" fileid="12" />
                <SequencePoint vc="61" uspid="30" ordinal="2" sl="30" sc="1" el="30" ec="2" bec="0" bev="0" fileid="12" />
              </SequencePoints>
              <BranchPoints />
              <MethodPoint vc="3" uspid="0" p8:type="SequencePoint" ordinal="1" offset="1" sc="0" sl="28" ec="1" el="30" bec="0" bev="0" fileid="12" xmlns:p8="xsi" />
            </Method>
          </Methods>
        </Class>
        <Class>
          <Summary numSequencePoints="6" visitedSequencePoints="6" numBranchPoints="0" visitedBranchPoints="0" sequenceCoverage="100" branchCoverage="100" maxCyclomaticComplexity="1" minCyclomaticComplexity="1" visitedClasses="1" numClasses="1" visitedMethods="1" numMethods="1" />
          <FullName>EricksonLopez.Result.WellKnownErrors</FullName>
          <Methods>
            <Method cyclomaticComplexity="1" nPathComplexity="1" sequenceCoverage="100" branchCoverage="100" isConstructor="True" isGetter="False" isSetter="False" isStatic="True">
              <Summary numSequencePoints="6" visitedSequencePoints="6" numBranchPoints="0" visitedBranchPoints="0" sequenceCoverage="100" branchCoverage="100" maxCyclomaticComplexity="1" minCyclomaticComplexity="1" visitedClasses="0" numClasses="0" visitedMethods="1" numMethods="1" />
              <MetadataToken />
              <Name>System.Void EricksonLopez.Result.WellKnownErrors::.cctor()</Name>
              <FileRef uid="13" />
              <SequencePoints>
                <SequencePoint vc="1" uspid="21" ordinal="0" sl="21" sc="1" el="21" ec="2" bec="0" bev="0" fileid="13" />
                <SequencePoint vc="1" uspid="22" ordinal="1" sl="22" sc="1" el="22" ec="2" bec="0" bev="0" fileid="13" />
                <SequencePoint vc="1" uspid="23" ordinal="2" sl="23" sc="1" el="23" ec="2" bec="0" bev="0" fileid="13" />
                <SequencePoint vc="1" uspid="24" ordinal="3" sl="24" sc="1" el="24" ec="2" bec="0" bev="0" fileid="13" />
                <SequencePoint vc="1" uspid="25" ordinal="4" sl="25" sc="1" el="25" ec="2" bec="0" bev="0" fileid="13" />
                <SequencePoint vc="1" uspid="26" ordinal="5" sl="26" sc="1" el="26" ec="2" bec="0" bev="0" fileid="13" />
              </SequencePoints>
              <BranchPoints />
              <MethodPoint vc="6" uspid="0" p8:type="SequencePoint" ordinal="0" offset="0" sc="0" sl="21" ec="1" el="26" bec="0" bev="0" fileid="13" xmlns:p8="xsi" />
            </Method>
          </Methods>
        </Class>
      </Classes>
    </Module>
  </Modules>
</CoverageSession>